# JRE version: OpenJDK Runtime Environment Temurin-21.0.11+10 (21.0.11+10) (build 21.0.11+10-LTS)
# Java VM: OpenJDK 64-Bit Server VM Temurin-21.0.11+10 (21.0.11+10-LTS, mixed mode, sharing, tiered, compressed oops, compressed class ptrs, parallel gc, windows-amd64)
GC Precious Log:
 CardTable entry size: 512
 CPUs: 12 total, 12 available
 Memory: 7863M
 Large Page Support: Disabled
 NUMA Support: Disabled
 Compressed Oops: Enabled (32-bit)
 Alignments: Space 512K, Generation 512K, Heap 2M
 Heap Min Capacity: 100M
 Heap Initial Capacity: 100M
 Heap Max Capacity: 2G
 Pre-touch: Disabled
 Parallel Workers: 10
Heap:
 PSYoungGen      total 8704K, used 4285K [0x00000000d5580000, 0x00000000d6080000, 0x0000000100000000)
  eden space 6144K, 37% used [0x00000000d5580000,0x00000000d57c0380,0x00000000d5b80000)
  from space 2560K, 77% used [0x00000000d5b80000,0x00000000d5d6f258,0x00000000d5e00000)
  to   space 2560K, 0% used [0x00000000d5e00000,0x00000000d5e00000,0x00000000d6080000)
 ParOldGen       total 293888K, used 274572K [0x0000000080000000, 0x0000000091f00000, 0x00000000d5580000)
  object space 293888K, 93% used [0x0000000080000000,0x0000000090c23120,0x0000000091f00000)
 Metaspace       used 57138K, committed 58496K, reserved 1114112K
  class space    used 6188K, committed 6784K, reserved 1048576K
GC Heap History (20 events):
Event: 11.115 GC heap after
{Heap after GC invocations=188 (full 2):
 PSYoungGen      total 5632K, used 1120K [0x00000000d5580000, 0x00000000d5c80000, 0x0000000100000000)
  eden space 4096K, 0% used [0x00000000d5580000,0x00000000d5580000,0x00000000d5980000)
  from space 1536K, 72% used [0x00000000d5b00000,0x00000000d5c18000,0x00000000d5c80000)
  to   space 1536K, 0% used [0x00000000d5980000,0x00000000d5980000,0x00000000d5b00000)
 ParOldGen       total 294400K, used 294310K [0x0000000080000000, 0x0000000091f80000, 0x00000000d5580000)
  object space 294400K, 99% used [0x0000000080000000,0x0000000091f69b38,0x0000000091f80000)
 Metaspace       used 56757K, committed 58176K, reserved 1114112K
  class space    used 6143K, committed 6784K, reserved 1048576K
}
Event: 11.120 GC heap before
{Heap before GC invocations=189 (full 2):
 PSYoungGen      total 5632K, used 5216K [0x00000000d5580000, 0x00000000d5c80000, 0x0000000100000000)
  eden space 4096K, 100% used [0x00000000d5580000,0x00000000d5980000,0x00000000d5980000)
  from space 1536K, 72% used [0x00000000d5b00000,0x00000000d5c18000,0x00000000d5c80000)
  to   space 1536K, 0% used [0x00000000d5980000,0x00000000d5980000,0x00000000d5b00000)
 ParOldGen       total 294400K, used 294310K [0x0000000080000000, 0x0000000091f80000, 0x00000000d5580000)
  object space 294400K, 99% used [0x0000000080000000,0x0000000091f69b38,0x0000000091f80000)
 Metaspace       used 56781K, committed 58176K, reserved 1114112K
  class space    used 6146K, committed 6784K, reserved 1048576K
}
Event: 11.122 GC heap after
{Heap after GC invocations=189 (full 2):
 PSYoungGen      total 5632K, used 1364K [0x00000000d5580000, 0x00000000d5c80000, 0x0000000100000000)
  eden space 4096K, 0% used [0x00000000d5580000,0x00000000d5580000,0x00000000d5980000)
  from space 1536K, 88% used [0x00000000d5980000,0x00000000d5ad50a0,0x00000000d5b00000)
  to   space 1536K, 0% used [0x00000000d5b00000,0x00000000d5b00000,0x00000000d5c80000)
 ParOldGen       total 295424K, used 295325K [0x0000000080000000, 0x0000000092080000, 0x00000000d5580000)
  object space 295424K, 99% used [0x0000000080000000,0x0000000092067450,0x0000000092080000)
 Metaspace       used 56781K, committed 58176K, reserved 1114112K
  class space    used 6146K, committed 6784K, reserved 1048576K
}
Event: 11.130 GC heap before
{Heap before GC invocations=190 (full 2):
 PSYoungGen      total 5632K, used 5460K [0x00000000d5580000, 0x00000000d5c80000, 0x0000000100000000)
  eden space 4096K, 100% used [0x00000000d5580000,0x00000000d5980000,0x00000000d5980000)
  from space 1536K, 88% used [0x00000000d5980000,0x00000000d5ad50a0,0x00000000d5b00000)
  to   space 1536K, 0% used [0x00000000d5b00000,0x00000000d5b00000,0x00000000d5c80000)
 ParOldGen       total 295424K, used 295325K [0x0000000080000000, 0x0000000092080000, 0x00000000d5580000)
  object space 295424K, 99% used [0x0000000080000000,0x0000000092067450,0x0000000092080000)
 Metaspace       used 56797K, committed 58176K, reserved 1114112K
  class space    used 6148K, committed 6784K, reserved 1048576K
}
Event: 11.132 GC heap after
{Heap after GC invocations=190 (full 2):
 PSYoungGen      total 5632K, used 5460K [0x00000000d5580000, 0x00000000d5c80000, 0x0000000100000000)
  eden space 4096K, 100% used [0x00000000d5580000,0x00000000d5980000,0x00000000d5980000)
  from space 1536K, 88% used [0x00000000d5980000,0x00000000d5ad50a0,0x00000000d5b00000)
  to   space 1536K, 99% used [0x00000000d5b00000,0x00000000d5c7e010,0x00000000d5c80000)
 ParOldGen       total 296448K, used 296316K [0x0000000080000000, 0x0000000092180000, 0x00000000d5580000)
  object space 296448K, 99% used [0x0000000080000000,0x000000009215f058,0x0000000092180000)
 Metaspace       used 56797K, committed 58176K, reserved 1114112K
  class space    used 6148K, committed 6784K, reserved 1048576K
}
Event: 11.132 GC heap before
{Heap before GC invocations=191 (full 3):
 PSYoungGen      total 5632K, used 5460K [0x00000000d5580000, 0x00000000d5c80000, 0x0000000100000000)
  eden space 4096K, 100% used [0x00000000d5580000,0x00000000d5980000,0x00000000d5980000)
  from space 1536K, 88% used [0x00000000d5980000,0x00000000d5ad50a0,0x00000000d5b00000)
  to   space 1536K, 99% used [0x00000000d5b00000,0x00000000d5c7e010,0x00000000d5c80000)
 ParOldGen       total 296448K, used 296316K [0x0000000080000000, 0x0000000092180000, 0x00000000d5580000)
  object space 296448K, 99% used [0x0000000080000000,0x000000009215f058,0x0000000092180000)
 Metaspace       used 56797K, committed 58176K, reserved 1114112K
  class space    used 6148K, committed 6784K, reserved 1048576K
}
Event: 12.220 GC heap after
{Heap after GC invocations=191 (full 3):
 PSYoungGen      total 5632K, used 0K [0x00000000d5580000, 0x00000000d5d80000, 0x0000000100000000)
  eden space 4096K, 0% used [0x00000000d5580000,0x00000000d5580000,0x00000000d5980000)
  from space 1536K, 0% used [0x00000000d5b00000,0x00000000d5b00000,0x00000000d5c80000)
  to   space 1536K, 0% used [0x00000000d5980000,0x00000000d5980000,0x00000000d5b00000)
 ParOldGen       total 293888K, used 255323K [0x0000000080000000, 0x0000000091f00000, 0x00000000d5580000)
  object space 293888K, 86% used [0x0000000080000000,0x000000008f956cd0,0x0000000091f00000)
 Metaspace       used 56797K, committed 58176K, reserved 1114112K
  class space    used 6148K, committed 6784K, reserved 1048576K
}
Event: 12.227 GC heap before
{Heap before GC invocations=192 (full 3):
 PSYoungGen      total 5632K, used 4089K [0x00000000d5580000, 0x00000000d5d80000, 0x0000000100000000)
  eden space 4096K, 99% used [0x00000000d5580000,0x00000000d597e5a0,0x00000000d5980000)
  from space 1536K, 0% used [0x00000000d5b00000,0x00000000d5b00000,0x00000000d5c80000)
  to   space 1536K, 0% used [0x00000000d5980000,0x00000000d5980000,0x00000000d5b00000)
 ParOldGen       total 293888K, used 255323K [0x0000000080000000, 0x0000000091f00000, 0x00000000d5580000)
  object space 293888K, 86% used [0x0000000080000000,0x000000008f956cd0,0x0000000091f00000)
 Metaspace       used 56814K, committed 58240K, reserved 1114112K
  class space    used 6149K, committed 6784K, reserved 1048576K
}
Event: 12.228 GC heap after
{Heap after GC invocations=192 (full 3):
 PSYoungGen      total 5632K, used 1472K [0x00000000d5580000, 0x00000000d5d00000, 0x0000000100000000)
  eden space 4096K, 0% used [0x00000000d5580000,0x00000000d5580000,0x00000000d5980000)
  from space 1536K, 95% used [0x00000000d5980000,0x00000000d5af00f8,0x00000000d5b00000)
  to   space 1536K, 0% used [0x00000000d5b80000,0x00000000d5b80000,0x00000000d5d00000)
 ParOldGen       total 293888K, used 255323K [0x0000000080000000, 0x0000000091f00000, 0x00000000d5580000)
  object space 293888K, 86% used [0x0000000080000000,0x000000008f956cd0,0x0000000091f00000)
 Metaspace       used 56814K, committed 58240K, reserved 1114112K
  class space    used 6149K, committed 6784K, reserved 1048576K
}
Event: 12.231 GC heap before
{Heap before GC invocations=193 (full 3):
 PSYoungGen      total 5632K, used 5568K [0x00000000d5580000, 0x00000000d5d00000, 0x0000000100000000)
  eden space 4096K, 100% used [0x00000000d5580000,0x00000000d5980000,0x00000000d5980000)
  from space 1536K, 95% used [0x00000000d5980000,0x00000000d5af00f8,0x00000000d5b00000)
  to   space 1536K, 0% used [0x00000000d5b80000,0x00000000d5b80000,0x00000000d5d00000)
 ParOldGen       total 293888K, used 255323K [0x0000000080000000, 0x0000000091f00000, 0x00000000d5580000)
  object space 293888K, 86% used [0x0000000080000000,0x000000008f956cd0,0x0000000091f00000)
 Metaspace       used 56825K, committed 58240K, reserved 1114112K
  class space    used 6153K, committed 6784K, reserved 1048576K
}
Event: 12.233 GC heap after
{Heap after GC invocations=193 (full 3):
 PSYoungGen      total 5632K, used 1531K [0x00000000d5580000, 0x00000000d5d00000, 0x0000000100000000)
  eden space 4096K, 0% used [0x00000000d5580000,0x00000000d5580000,0x00000000d5980000)
  from space 1536K, 99% used [0x00000000d5b80000,0x00000000d5cfee58,0x00000000d5d00000)
  to   space 1536K, 0% used [0x00000000d5980000,0x00000000d5980000,0x00000000d5b00000)
 ParOldGen       total 293888K, used 256637K [0x0000000080000000, 0x0000000091f00000, 0x00000000d5580000)
  object space 293888K, 87% used [0x0000000080000000,0x000000008fa9f510,0x0000000091f00000)
 Metaspace       used 56825K, committed 58240K, reserved 1114112K
  class space    used 6153K, committed 6784K, reserved 1048576K
}
Event: 12.236 GC heap before
{Heap before GC invocations=194 (full 3):
 PSYoungGen      total 5632K, used 5627K [0x00000000d5580000, 0x00000000d5d00000, 0x0000000100000000)
  eden space 4096K, 100% used [0x00000000d5580000,0x00000000d5980000,0x00000000d5980000)
  from space 1536K, 99% used [0x00000000d5b80000,0x00000000d5cfee58,0x00000000d5d00000)
  to   space 1536K, 0% used [0x00000000d5980000,0x00000000d5980000,0x00000000d5b00000)
 ParOldGen       total 293888K, used 256637K [0x0000000080000000, 0x0000000091f00000, 0x00000000d5580000)
  object space 293888K, 87% used [0x0000000080000000,0x000000008fa9f510,0x0000000091f00000)
 Metaspace       used 56829K, committed 58240K, reserved 1114112K
  class space    used 6154K, committed 6784K, reserved 1048576K
}
Event: 12.238 GC heap after
{Heap after GC invocations=194 (full 3):
 PSYoungGen      total 5632K, used 1511K [0x00000000d5580000, 0x00000000d5e80000, 0x0000000100000000)
  eden space 4096K, 0% used [0x00000000d5580000,0x00000000d5580000,0x00000000d5980000)
  from space 1536K, 98% used [0x00000000d5980000,0x00000000d5af9c18,0x00000000d5b00000)
  to   space 2048K, 0% used [0x00000000d5c80000,0x00000000d5c80000,0x00000000d5e80000)
 ParOldGen       total 293888K, used 258338K [0x0000000080000000, 0x0000000091f00000, 0x00000000d5580000)
  object space 293888K, 87% used [0x0000000080000000,0x000000008fc488d8,0x0000000091f00000)
 Metaspace       used 56829K, committed 58240K, reserved 1114112K
  class space    used 6154K, committed 6784K, reserved 1048576K
}
Event: 12.243 GC heap before
{Heap before GC invocations=195 (full 3):
 PSYoungGen      total 5632K, used 5606K [0x00000000d5580000, 0x00000000d5e80000, 0x0000000100000000)
  eden space 4096K, 99% used [0x00000000d5580000,0x00000000d597ff70,0x00000000d5980000)
  from space 1536K, 98% used [0x00000000d5980000,0x00000000d5af9c18,0x00000000d5b00000)
  to   space 2048K, 0% used [0x00000000d5c80000,0x00000000d5c80000,0x00000000d5e80000)
 ParOldGen       total 293888K, used 258338K [0x0000000080000000, 0x0000000091f00000, 0x00000000d5580000)
  object space 293888K, 87% used [0x0000000080000000,0x000000008fc488d8,0x0000000091f00000)
 Metaspace       used 56836K, committed 58240K, reserved 1114112K
  class space    used 6154K, committed 6784K, reserved 1048576K
}
Event: 12.245 GC heap after
{Heap after GC invocations=195 (full 3):
 PSYoungGen      total 7168K, used 1710K [0x00000000d5580000, 0x00000000d5e80000, 0x0000000100000000)
  eden space 5120K, 0% used [0x00000000d5580000,0x00000000d5580000,0x00000000d5a80000)
  from space 2048K, 83% used [0x00000000d5c80000,0x00000000d5e2ba68,0x00000000d5e80000)
  to   space 2048K, 0% used [0x00000000d5a80000,0x00000000d5a80000,0x00000000d5c80000)
 ParOldGen       total 293888K, used 259636K [0x0000000080000000, 0x0000000091f00000, 0x00000000d5580000)
  object space 293888K, 88% used [0x0000000080000000,0x000000008fd8d148,0x0000000091f00000)
 Metaspace       used 56836K, committed 58240K, reserved 1114112K
  class space    used 6154K, committed 6784K, reserved 1048576K
}
Event: 12.248 GC heap before
{Heap before GC invocations=196 (full 3):
 PSYoungGen      total 7168K, used 6830K [0x00000000d5580000, 0x00000000d5e80000, 0x0000000100000000)
  eden space 5120K, 100% used [0x00000000d5580000,0x00000000d5a80000,0x00000000d5a80000)
  from space 2048K, 83% used [0x00000000d5c80000,0x00000000d5e2ba68,0x00000000d5e80000)
  to   space 2048K, 0% used [0x00000000d5a80000,0x00000000d5a80000,0x00000000d5c80000)
 ParOldGen       total 293888K, used 259636K [0x0000000080000000, 0x0000000091f00000, 0x00000000d5580000)
  object space 293888K, 88% used [0x0000000080000000,0x000000008fd8d148,0x0000000091f00000)
 Metaspace       used 56846K, committed 58240K, reserved 1114112K
  class space    used 6155K, committed 6784K, reserved 1048576K
}
Event: 12.250 GC heap after
{Heap after GC invocations=196 (full 3):
 PSYoungGen      total 7168K, used 2010K [0x00000000d5580000, 0x00000000d6080000, 0x0000000100000000)
  eden space 5120K, 0% used [0x00000000d5580000,0x00000000d5580000,0x00000000d5a80000)
  from space 2048K, 98% used [0x00000000d5a80000,0x00000000d5c76b18,0x00000000d5c80000)
  to   space 2560K, 0% used [0x00000000d5e00000,0x00000000d5e00000,0x00000000d6080000)
 ParOldGen       total 293888K, used 261267K [0x0000000080000000, 0x0000000091f00000, 0x00000000d5580000)
  object space 293888K, 88% used [0x0000000080000000,0x000000008ff24c30,0x0000000091f00000)
 Metaspace       used 56846K, committed 58240K, reserved 1114112K
  class space    used 6155K, committed 6784K, reserved 1048576K
}
Event: 12.253 GC heap before
{Heap before GC invocations=197 (full 3):
 PSYoungGen      total 7168K, used 7076K [0x00000000d5580000, 0x00000000d6080000, 0x0000000100000000)
  eden space 5120K, 98% used [0x00000000d5580000,0x00000000d5a72540,0x00000000d5a80000)
  from space 2048K, 98% used [0x00000000d5a80000,0x00000000d5c76b18,0x00000000d5c80000)
  to   space 2560K, 0% used [0x00000000d5e00000,0x00000000d5e00000,0x00000000d6080000)
 ParOldGen       total 293888K, used 261267K [0x0000000080000000, 0x0000000091f00000, 0x00000000d5580000)
  object space 293888K, 88% used [0x0000000080000000,0x000000008ff24c30,0x0000000091f00000)
 Metaspace       used 56851K, committed 58240K, reserved 1114112K
  class space    used 6156K, committed 6784K, reserved 1048576K
}
Event: 12.255 GC heap after
{Heap after GC invocations=197 (full 3):
 PSYoungGen      total 8704K, used 2176K [0x00000000d5580000, 0x00000000d6080000, 0x0000000100000000)
  eden space 6144K, 0% used [0x00000000d5580000,0x00000000d5580000,0x00000000d5b80000)
  from space 2560K, 85% used [0x00000000d5e00000,0x00000000d60202f0,0x00000000d6080000)
  to   space 2560K, 0% used [0x00000000d5b80000,0x00000000d5b80000,0x00000000d5e00000)
 ParOldGen       total 293888K, used 263083K [0x0000000080000000, 0x0000000091f00000, 0x00000000d5580000)
  object space 293888K, 89% used [0x0000000080000000,0x00000000900eaf10,0x0000000091f00000)
 Metaspace       used 56851K, committed 58240K, reserved 1114112K
  class space    used 6156K, committed 6784K, reserved 1048576K
}
Event: 12.260 GC heap before
{Heap before GC invocations=198 (full 3):
 PSYoungGen      total 8704K, used 8311K [0x00000000d5580000, 0x00000000d6080000, 0x0000000100000000)
  eden space 6144K, 99% used [0x00000000d5580000,0x00000000d5b7d980,0x00000000d5b80000)
  from space 2560K, 85% used [0x00000000d5e00000,0x00000000d60202f0,0x00000000d6080000)
  to   space 2560K, 0% used [0x00000000d5b80000,0x00000000d5b80000,0x00000000d5e00000)
 ParOldGen       total 293888K, used 263083K [0x0000000080000000, 0x0000000091f00000, 0x00000000d5580000)
  object space 293888K, 89% used [0x0000000080000000,0x00000000900eaf10,0x0000000091f00000)
 Metaspace       used 56870K, committed 58240K, reserved 1114112K
  class space    used 6159K, committed 6784K, reserved 1048576K
}

