# JRE version: OpenJDK Runtime Environment Temurin-21.0.11+10 (21.0.11+10) (build 21.0.11+10-LTS)
# Java VM: OpenJDK 64-Bit Server VM Temurin-21.0.11+10 (21.0.11+10-LTS, mixed mode, sharing, tiered, compressed oops, compressed class ptrs, parallel gc, windows-amd64)
GC Precious Log:
 CardTable entry size: 512
 CPUs: 12 total, 12 available
 Memory: 7863M
 Large Page Support: Disabled
 NUMA Support: Disabled
 Compressed Oops: Enabled (32-bit)
 Alignments: Space 512K, Generation 512K, Heap 2M
 Heap Min Capacity: 100M
 Heap Initial Capacity: 100M
 Heap Max Capacity: 2G
 Pre-touch: Disabled
 Parallel Workers: 10
Heap:
 PSYoungGen      total 2560K, used 2243K [0x00000000d5580000, 0x00000000d5b80000, 0x0000000100000000)
  eden space 2048K, 84% used [0x00000000d5580000,0x00000000d5730ef0,0x00000000d5780000)
  from space 512K, 100% used [0x00000000d5b00000,0x00000000d5b80000,0x00000000d5b80000)
  to   space 1536K, 0% used [0x00000000d5880000,0x00000000d5880000,0x00000000d5a00000)
 ParOldGen       total 800256K, used 800016K [0x0000000080000000, 0x00000000b0d80000, 0x00000000d5580000)
  object space 800256K, 99% used [0x0000000080000000,0x00000000b0d442a8,0x00000000b0d80000)
 Metaspace       used 73864K, committed 75392K, reserved 1179648K
  class space    used 7809K, committed 8512K, reserved 1048576K
GC Heap History (20 events):
Event: 97.873 GC heap before
{Heap before GC invocations=1479 (full 3):
 PSYoungGen      total 2560K, used 2528K [0x00000000d5580000, 0x00000000d5900000, 0x0000000100000000)
  eden space 2048K, 100% used [0x00000000d5580000,0x00000000d5780000,0x00000000d5780000)
  from space 512K, 93% used [0x00000000d5800000,0x00000000d5878000,0x00000000d5880000)
  to   space 512K, 0% used [0x00000000d5880000,0x00000000d5880000,0x00000000d5900000)
 ParOldGen       total 792576K, used 792307K [0x0000000080000000, 0x00000000b0600000, 0x00000000d5580000)
  object space 792576K, 99% used [0x0000000080000000,0x00000000b05bcef8,0x00000000b0600000)
 Metaspace       used 73529K, committed 75008K, reserved 1179648K
  class space    used 7805K, committed 8448K, reserved 1048576K
}
Event: 97.877 GC heap after
{Heap after GC invocations=1479 (full 3):
 PSYoungGen      total 2560K, used 512K [0x00000000d5580000, 0x00000000d5980000, 0x0000000100000000)
  eden space 2048K, 0% used [0x00000000d5580000,0x00000000d5580000,0x00000000d5780000)
  from space 512K, 100% used [0x00000000d5880000,0x00000000d5900000,0x00000000d5900000)
  to   space 1024K, 0% used [0x00000000d5780000,0x00000000d5780000,0x00000000d5880000)
 ParOldGen       total 793088K, used 792627K [0x0000000080000000, 0x00000000b0680000, 0x00000000d5580000)
  object space 793088K, 99% used [0x0000000080000000,0x00000000b060cef8,0x00000000b0680000)
 Metaspace       used 73529K, committed 75008K, reserved 1179648K
  class space    used 7805K, committed 8448K, reserved 1048576K
}
Event: 97.969 GC heap before
{Heap before GC invocations=1480 (full 3):
 PSYoungGen      total 2560K, used 2560K [0x00000000d5580000, 0x00000000d5980000, 0x0000000100000000)
  eden space 2048K, 100% used [0x00000000d5580000,0x00000000d5780000,0x00000000d5780000)
  from space 512K, 100% used [0x00000000d5880000,0x00000000d5900000,0x00000000d5900000)
  to   space 1024K, 0% used [0x00000000d5780000,0x00000000d5780000,0x00000000d5880000)
 ParOldGen       total 793088K, used 792627K [0x0000000080000000, 0x00000000b0680000, 0x00000000d5580000)
  object space 793088K, 99% used [0x0000000080000000,0x00000000b060cef8,0x00000000b0680000)
 Metaspace       used 73646K, committed 75136K, reserved 1179648K
  class space    used 7805K, committed 8448K, reserved 1048576K
}
Event: 97.973 GC heap after
{Heap after GC invocations=1480 (full 3):
 PSYoungGen      total 3072K, used 528K [0x00000000d5580000, 0x00000000d5980000, 0x0000000100000000)
  eden space 2048K, 0% used [0x00000000d5580000,0x00000000d5580000,0x00000000d5780000)
  from space 1024K, 51% used [0x00000000d5780000,0x00000000d5804010,0x00000000d5880000)
  to   space 1024K, 0% used [0x00000000d5880000,0x00000000d5880000,0x00000000d5980000)
 ParOldGen       total 793088K, used 793011K [0x0000000080000000, 0x00000000b0680000, 0x00000000d5580000)
  object space 793088K, 99% used [0x0000000080000000,0x00000000b066cf08,0x00000000b0680000)
 Metaspace       used 73646K, committed 75136K, reserved 1179648K
  class space    used 7805K, committed 8448K, reserved 1048576K
}
Event: 99.040 GC heap before
{Heap before GC invocations=1481 (full 3):
 PSYoungGen      total 3072K, used 2576K [0x00000000d5580000, 0x00000000d5980000, 0x0000000100000000)
  eden space 2048K, 100% used [0x00000000d5580000,0x00000000d5780000,0x00000000d5780000)
  from space 1024K, 51% used [0x00000000d5780000,0x00000000d5804010,0x00000000d5880000)
  to   space 1024K, 0% used [0x00000000d5880000,0x00000000d5880000,0x00000000d5980000)
 ParOldGen       total 793088K, used 793011K [0x0000000080000000, 0x00000000b0680000, 0x00000000d5580000)
  object space 793088K, 99% used [0x0000000080000000,0x00000000b066cf08,0x00000000b0680000)
 Metaspace       used 73683K, committed 75200K, reserved 1179648K
  class space    used 7805K, committed 8448K, reserved 1048576K
}
Event: 99.046 GC heap after
{Heap after GC invocations=1481 (full 3):
 PSYoungGen      total 3072K, used 480K [0x00000000d5580000, 0x00000000d5980000, 0x0000000100000000)
  eden space 2048K, 0% used [0x00000000d5580000,0x00000000d5580000,0x00000000d5780000)
  from space 1024K, 46% used [0x00000000d5880000,0x00000000d58f8000,0x00000000d5980000)
  to   space 1024K, 0% used [0x00000000d5780000,0x00000000d5780000,0x00000000d5880000)
 ParOldGen       total 793600K, used 793379K [0x0000000080000000, 0x00000000b0700000, 0x00000000d5580000)
  object space 793600K, 99% used [0x0000000080000000,0x00000000b06c8f08,0x00000000b0700000)
 Metaspace       used 73683K, committed 75200K, reserved 1179648K
  class space    used 7805K, committed 8448K, reserved 1048576K
}
Event: 99.111 GC heap before
{Heap before GC invocations=1482 (full 3):
 PSYoungGen      total 3072K, used 2515K [0x00000000d5580000, 0x00000000d5980000, 0x0000000100000000)
  eden space 2048K, 99% used [0x00000000d5580000,0x00000000d577cd40,0x00000000d5780000)
  from space 1024K, 46% used [0x00000000d5880000,0x00000000d58f8000,0x00000000d5980000)
  to   space 1024K, 0% used [0x00000000d5780000,0x00000000d5780000,0x00000000d5880000)
 ParOldGen       total 793600K, used 793379K [0x0000000080000000, 0x00000000b0700000, 0x00000000d5580000)
  object space 793600K, 99% used [0x0000000080000000,0x00000000b06c8f08,0x00000000b0700000)
 Metaspace       used 73696K, committed 75200K, reserved 1179648K
  class space    used 7806K, committed 8448K, reserved 1048576K
}
Event: 99.112 GC heap after
{Heap after GC invocations=1482 (full 3):
 PSYoungGen      total 3072K, used 1008K [0x00000000d5580000, 0x00000000d5a80000, 0x0000000100000000)
  eden space 2048K, 0% used [0x00000000d5580000,0x00000000d5580000,0x00000000d5780000)
  from space 1024K, 98% used [0x00000000d5780000,0x00000000d587c340,0x00000000d5880000)
  to   space 1536K, 0% used [0x00000000d5900000,0x00000000d5900000,0x00000000d5a80000)
 ParOldGen       total 794112K, used 793627K [0x0000000080000000, 0x00000000b0780000, 0x00000000d5580000)
  object space 794112K, 99% used [0x0000000080000000,0x00000000b0706f08,0x00000000b0780000)
 Metaspace       used 73696K, committed 75200K, reserved 1179648K
  class space    used 7806K, committed 8448K, reserved 1048576K
}
Event: 99.133 GC heap before
{Heap before GC invocations=1483 (full 3):
 PSYoungGen      total 3072K, used 3056K [0x00000000d5580000, 0x00000000d5a80000, 0x0000000100000000)
  eden space 2048K, 99% used [0x00000000d5580000,0x00000000d577ffe0,0x00000000d5780000)
  from space 1024K, 98% used [0x00000000d5780000,0x00000000d587c340,0x00000000d5880000)
  to   space 1536K, 0% used [0x00000000d5900000,0x00000000d5900000,0x00000000d5a80000)
 ParOldGen       total 794112K, used 793627K [0x0000000080000000, 0x00000000b0780000, 0x00000000d5580000)
  object space 794112K, 99% used [0x0000000080000000,0x00000000b0706f08,0x00000000b0780000)
 Metaspace       used 73696K, committed 75200K, reserved 1179648K
  class space    used 7806K, committed 8448K, reserved 1048576K
}
Event: 99.134 GC heap after
{Heap after GC invocations=1483 (full 3):
 PSYoungGen      total 3584K, used 1430K [0x00000000d5580000, 0x00000000d5a80000, 0x0000000100000000)
  eden space 2048K, 0% used [0x00000000d5580000,0x00000000d5580000,0x00000000d5780000)
  from space 1536K, 93% used [0x00000000d5900000,0x00000000d5a65b38,0x00000000d5a80000)
  to   space 1536K, 0% used [0x00000000d5780000,0x00000000d5780000,0x00000000d5900000)
 ParOldGen       total 795648K, used 795274K [0x0000000080000000, 0x00000000b0900000, 0x00000000d5580000)
  object space 795648K, 99% used [0x0000000080000000,0x00000000b08a28a8,0x00000000b0900000)
 Metaspace       used 73696K, committed 75200K, reserved 1179648K
  class space    used 7806K, committed 8448K, reserved 1048576K
}
Event: 99.157 GC heap before
{Heap before GC invocations=1484 (full 3):
 PSYoungGen      total 3584K, used 3478K [0x00000000d5580000, 0x00000000d5a80000, 0x0000000100000000)
  eden space 2048K, 100% used [0x00000000d5580000,0x00000000d5780000,0x00000000d5780000)
  from space 1536K, 93% used [0x00000000d5900000,0x00000000d5a65b38,0x00000000d5a80000)
  to   space 1536K, 0% used [0x00000000d5780000,0x00000000d5780000,0x00000000d5900000)
 ParOldGen       total 795648K, used 795274K [0x0000000080000000, 0x00000000b0900000, 0x00000000d5580000)
  object space 795648K, 99% used [0x0000000080000000,0x00000000b08a28a8,0x00000000b0900000)
 Metaspace       used 73696K, committed 75200K, reserved 1179648K
  class space    used 7806K, committed 8448K, reserved 1048576K
}
Event: 99.159 GC heap after
{Heap after GC invocations=1484 (full 3):
 PSYoungGen      total 3584K, used 1528K [0x00000000d5580000, 0x00000000d5f80000, 0x0000000100000000)
  eden space 2048K, 0% used [0x00000000d5580000,0x00000000d5580000,0x00000000d5780000)
  from space 1536K, 99% used [0x00000000d5780000,0x00000000d58fe110,0x00000000d5900000)
  to   space 4096K, 0% used [0x00000000d5b80000,0x00000000d5b80000,0x00000000d5f80000)
 ParOldGen       total 797184K, used 797053K [0x0000000080000000, 0x00000000b0a80000, 0x00000000d5580000)
  object space 797184K, 99% used [0x0000000080000000,0x00000000b0a5f640,0x00000000b0a80000)
 Metaspace       used 73696K, committed 75200K, reserved 1179648K
  class space    used 7806K, committed 8448K, reserved 1048576K
}
Event: 99.164 GC heap before
{Heap before GC invocations=1485 (full 3):
 PSYoungGen      total 3584K, used 3576K [0x00000000d5580000, 0x00000000d5f80000, 0x0000000100000000)
  eden space 2048K, 100% used [0x00000000d5580000,0x00000000d5780000,0x00000000d5780000)
  from space 1536K, 99% used [0x00000000d5780000,0x00000000d58fe110,0x00000000d5900000)
  to   space 4096K, 0% used [0x00000000d5b80000,0x00000000d5b80000,0x00000000d5f80000)
 ParOldGen       total 797184K, used 797053K [0x0000000080000000, 0x00000000b0a80000, 0x00000000d5580000)
  object space 797184K, 99% used [0x0000000080000000,0x00000000b0a5f640,0x00000000b0a80000)
 Metaspace       used 73696K, committed 75200K, reserved 1179648K
  class space    used 7806K, committed 8448K, reserved 1048576K
}
Event: 99.166 GC heap after
{Heap after GC invocations=1485 (full 3):
 PSYoungGen      total 2560K, used 416K [0x00000000d5580000, 0x00000000d5c00000, 0x0000000100000000)
  eden space 2048K, 0% used [0x00000000d5580000,0x00000000d5580000,0x00000000d5780000)
  from space 512K, 81% used [0x00000000d5b80000,0x00000000d5be8000,0x00000000d5c00000)
  to   space 1536K, 0% used [0x00000000d5900000,0x00000000d5900000,0x00000000d5a80000)
 ParOldGen       total 798720K, used 798508K [0x0000000080000000, 0x00000000b0c00000, 0x00000000d5580000)
  object space 798720K, 99% used [0x0000000080000000,0x00000000b0bcb268,0x00000000b0c00000)
 Metaspace       used 73696K, committed 75200K, reserved 1179648K
  class space    used 7806K, committed 8448K, reserved 1048576K
}
Event: 99.183 GC heap before
{Heap before GC invocations=1486 (full 3):
 PSYoungGen      total 2560K, used 2464K [0x00000000d5580000, 0x00000000d5c00000, 0x0000000100000000)
  eden space 2048K, 100% used [0x00000000d5580000,0x00000000d5780000,0x00000000d5780000)
  from space 512K, 81% used [0x00000000d5b80000,0x00000000d5be8000,0x00000000d5c00000)
  to   space 1536K, 0% used [0x00000000d5900000,0x00000000d5900000,0x00000000d5a80000)
 ParOldGen       total 798720K, used 798508K [0x0000000080000000, 0x00000000b0c00000, 0x00000000d5580000)
  object space 798720K, 99% used [0x0000000080000000,0x00000000b0bcb268,0x00000000b0c00000)
 Metaspace       used 73698K, committed 75200K, reserved 1179648K
  class space    used 7806K, committed 8448K, reserved 1048576K
}
Event: 99.185 GC heap after
{Heap after GC invocations=1486 (full 3):
 PSYoungGen      total 3584K, used 448K [0x00000000d5580000, 0x00000000d5c00000, 0x0000000100000000)
  eden space 2048K, 0% used [0x00000000d5580000,0x00000000d5580000,0x00000000d5780000)
  from space 1536K, 29% used [0x00000000d5900000,0x00000000d5970000,0x00000000d5a80000)
  to   space 1024K, 0% used [0x00000000d5b00000,0x00000000d5b00000,0x00000000d5c00000)
 ParOldGen       total 799232K, used 798740K [0x0000000080000000, 0x00000000b0c80000, 0x00000000d5580000)
  object space 799232K, 99% used [0x0000000080000000,0x00000000b0c05268,0x00000000b0c80000)
 Metaspace       used 73698K, committed 75200K, reserved 1179648K
  class space    used 7806K, committed 8448K, reserved 1048576K
}
Event: 99.196 GC heap before
{Heap before GC invocations=1487 (full 3):
 PSYoungGen      total 3584K, used 2496K [0x00000000d5580000, 0x00000000d5c00000, 0x0000000100000000)
  eden space 2048K, 100% used [0x00000000d5580000,0x00000000d5780000,0x00000000d5780000)
  from space 1536K, 29% used [0x00000000d5900000,0x00000000d5970000,0x00000000d5a80000)
  to   space 1024K, 0% used [0x00000000d5b00000,0x00000000d5b00000,0x00000000d5c00000)
 ParOldGen       total 799232K, used 798740K [0x0000000080000000, 0x00000000b0c80000, 0x00000000d5580000)
  object space 799232K, 99% used [0x0000000080000000,0x00000000b0c05268,0x00000000b0c80000)
 Metaspace       used 73702K, committed 75200K, reserved 1179648K
  class space    used 7806K, committed 8448K, reserved 1048576K
}
Event: 99.198 GC heap after
{Heap after GC invocations=1487 (full 3):
 PSYoungGen      total 3072K, used 656K [0x00000000d5580000, 0x00000000d5c00000, 0x0000000100000000)
  eden space 2048K, 0% used [0x00000000d5580000,0x00000000d5580000,0x00000000d5780000)
  from space 1024K, 64% used [0x00000000d5b00000,0x00000000d5ba4010,0x00000000d5c00000)
  to   space 1024K, 0% used [0x00000000d5a00000,0x00000000d5a00000,0x00000000d5b00000)
 ParOldGen       total 799232K, used 799044K [0x0000000080000000, 0x00000000b0c80000, 0x00000000d5580000)
  object space 799232K, 99% used [0x0000000080000000,0x00000000b0c51268,0x00000000b0c80000)
 Metaspace       used 73702K, committed 75200K, reserved 1179648K
  class space    used 7806K, committed 8448K, reserved 1048576K
}
Event: 99.223 GC heap before
{Heap before GC invocations=1488 (full 3):
 PSYoungGen      total 3072K, used 2704K [0x00000000d5580000, 0x00000000d5c00000, 0x0000000100000000)
  eden space 2048K, 100% used [0x00000000d5580000,0x00000000d5780000,0x00000000d5780000)
  from space 1024K, 64% used [0x00000000d5b00000,0x00000000d5ba4010,0x00000000d5c00000)
  to   space 1024K, 0% used [0x00000000d5a00000,0x00000000d5a00000,0x00000000d5b00000)
 ParOldGen       total 799232K, used 799044K [0x0000000080000000, 0x00000000b0c80000, 0x00000000d5580000)
  object space 799232K, 99% used [0x0000000080000000,0x00000000b0c51268,0x00000000b0c80000)
 Metaspace       used 73744K, committed 75200K, reserved 1179648K
  class space    used 7806K, committed 8448K, reserved 1048576K
}
Event: 99.226 GC heap after
{Heap after GC invocations=1488 (full 3):
 PSYoungGen      total 3072K, used 672K [0x00000000d5580000, 0x00000000d5b80000, 0x0000000100000000)
  eden space 2048K, 0% used [0x00000000d5580000,0x00000000d5580000,0x00000000d5780000)
  from space 1024K, 65% used [0x00000000d5a00000,0x00000000d5aa8000,0x00000000d5b00000)
  to   space 512K, 0% used [0x00000000d5b00000,0x00000000d5b00000,0x00000000d5b80000)
 ParOldGen       total 799744K, used 799520K [0x0000000080000000, 0x00000000b0d00000, 0x00000000d5580000)
  object space 799744K, 99% used [0x0000000080000000,0x00000000b0cc8298,0x00000000b0d00000)
 Metaspace       used 73744K, committed 75200K, reserved 1179648K
  class space    used 7806K, committed 8448K, reserved 1048576K
}

