# JRE version: OpenJDK Runtime Environment Temurin-21.0.11+10 (21.0.11+10) (build 21.0.11+10-LTS)
# Java VM: OpenJDK 64-Bit Server VM Temurin-21.0.11+10 (21.0.11+10-LTS, mixed mode, sharing, tiered, compressed oops, compressed class ptrs, parallel gc, windows-amd64)
GC Precious Log:
 CardTable entry size: 512
 CPUs: 12 total, 12 available
 Memory: 7863M
 Large Page Support: Disabled
 NUMA Support: Disabled
 Compressed Oops: Enabled (32-bit)
 Alignments: Space 512K, Generation 512K, Heap 2M
 Heap Min Capacity: 100M
 Heap Initial Capacity: 100M
 Heap Max Capacity: 2G
 Pre-touch: Disabled
 Parallel Workers: 10
Heap:
 PSYoungGen      total 16896K, used 16872K [0x00000000d5580000, 0x00000000d6900000, 0x0000000100000000)
  eden space 15872K, 100% used [0x00000000d5580000,0x00000000d6500000,0x00000000d6500000)
  from space 1024K, 97% used [0x00000000d6500000,0x00000000d65fa290,0x00000000d6600000)
  to   space 2048K, 99% used [0x00000000d6700000,0x00000000d68feec0,0x00000000d6900000)
 ParOldGen       total 70144K, used 70123K [0x0000000080000000, 0x0000000084480000, 0x00000000d5580000)
  object space 70144K, 99% used [0x0000000080000000,0x000000008447e1f0,0x0000000084480000)
 Metaspace       used 64700K, committed 66304K, reserved 1114112K
  class space    used 6836K, committed 7552K, reserved 1048576K
GC Heap History (20 events):
Event: 15.614 GC heap before
{Heap before GC invocations=55 (full 3):
 PSYoungGen      total 18432K, used 17952K [0x00000000d5580000, 0x00000000d6a00000, 0x0000000100000000)
  eden space 15872K, 100% used [0x00000000d5580000,0x00000000d6500000,0x00000000d6500000)
  from space 2560K, 81% used [0x00000000d6500000,0x00000000d6708000,0x00000000d6780000)
  to   space 2560K, 0% used [0x00000000d6780000,0x00000000d6780000,0x00000000d6a00000)
 ParOldGen       total 68608K, used 59718K [0x0000000080000000, 0x0000000084300000, 0x00000000d5580000)
  object space 68608K, 87% used [0x0000000080000000,0x0000000083a51810,0x0000000084300000)
 Metaspace       used 60121K, committed 61568K, reserved 1114112K
  class space    used 6362K, committed 6976K, reserved 1048576K
}
Event: 15.616 GC heap after
{Heap after GC invocations=55 (full 3):
 PSYoungGen      total 17408K, used 1184K [0x00000000d5580000, 0x00000000d6900000, 0x0000000100000000)
  eden space 15872K, 0% used [0x00000000d5580000,0x00000000d5580000,0x00000000d6500000)
  from space 1536K, 77% used [0x00000000d6780000,0x00000000d68a8000,0x00000000d6900000)
  to   space 1536K, 0% used [0x00000000d6600000,0x00000000d6600000,0x00000000d6780000)
 ParOldGen       total 68608K, used 61595K [0x0000000080000000, 0x0000000084300000, 0x00000000d5580000)
  object space 68608K, 89% used [0x0000000080000000,0x0000000083c26f38,0x0000000084300000)
 Metaspace       used 60121K, committed 61568K, reserved 1114112K
  class space    used 6362K, committed 6976K, reserved 1048576K
}
Event: 15.794 GC heap before
{Heap before GC invocations=56 (full 3):
 PSYoungGen      total 17408K, used 17024K [0x00000000d5580000, 0x00000000d6900000, 0x0000000100000000)
  eden space 15872K, 99% used [0x00000000d5580000,0x00000000d64f83a8,0x00000000d6500000)
  from space 1536K, 77% used [0x00000000d6780000,0x00000000d68a8000,0x00000000d6900000)
  to   space 1536K, 0% used [0x00000000d6600000,0x00000000d6600000,0x00000000d6780000)
 ParOldGen       total 68608K, used 61595K [0x0000000080000000, 0x0000000084300000, 0x00000000d5580000)
  object space 68608K, 89% used [0x0000000080000000,0x0000000083c26f38,0x0000000084300000)
 Metaspace       used 60445K, committed 61888K, reserved 1114112K
  class space    used 6396K, committed 6976K, reserved 1048576K
}
Event: 15.795 GC heap after
{Heap after GC invocations=56 (full 3):
 PSYoungGen      total 17408K, used 1513K [0x00000000d5580000, 0x00000000d6b00000, 0x0000000100000000)
  eden space 15872K, 0% used [0x00000000d5580000,0x00000000d5580000,0x00000000d6500000)
  from space 1536K, 98% used [0x00000000d6600000,0x00000000d677a420,0x00000000d6780000)
  to   space 3072K, 0% used [0x00000000d6800000,0x00000000d6800000,0x00000000d6b00000)
 ParOldGen       total 68608K, used 62603K [0x0000000080000000, 0x0000000084300000, 0x00000000d5580000)
  object space 68608K, 91% used [0x0000000080000000,0x0000000083d22f38,0x0000000084300000)
 Metaspace       used 60445K, committed 61888K, reserved 1114112K
  class space    used 6396K, committed 6976K, reserved 1048576K
}
Event: 15.936 GC heap before
{Heap before GC invocations=57 (full 3):
 PSYoungGen      total 17408K, used 17385K [0x00000000d5580000, 0x00000000d6b00000, 0x0000000100000000)
  eden space 15872K, 100% used [0x00000000d5580000,0x00000000d6500000,0x00000000d6500000)
  from space 1536K, 98% used [0x00000000d6600000,0x00000000d677a420,0x00000000d6780000)
  to   space 3072K, 0% used [0x00000000d6800000,0x00000000d6800000,0x00000000d6b00000)
 ParOldGen       total 68608K, used 62603K [0x0000000080000000, 0x0000000084300000, 0x00000000d5580000)
  object space 68608K, 91% used [0x0000000080000000,0x0000000083d22f38,0x0000000084300000)
 Metaspace       used 60655K, committed 62144K, reserved 1114112K
  class space    used 6412K, committed 7040K, reserved 1048576K
}
Event: 15.941 GC heap after
{Heap after GC invocations=57 (full 3):
 PSYoungGen      total 17920K, used 1632K [0x00000000d5580000, 0x00000000d6a00000, 0x0000000100000000)
  eden space 15872K, 0% used [0x00000000d5580000,0x00000000d5580000,0x00000000d6500000)
  from space 2048K, 79% used [0x00000000d6800000,0x00000000d6998000,0x00000000d6a00000)
  to   space 2048K, 0% used [0x00000000d6600000,0x00000000d6600000,0x00000000d6800000)
 ParOldGen       total 68608K, used 63740K [0x0000000080000000, 0x0000000084300000, 0x00000000d5580000)
  object space 68608K, 92% used [0x0000000080000000,0x0000000083e3f350,0x0000000084300000)
 Metaspace       used 60655K, committed 62144K, reserved 1114112K
  class space    used 6412K, committed 7040K, reserved 1048576K
}
Event: 16.049 GC heap before
{Heap before GC invocations=58 (full 3):
 PSYoungGen      total 17920K, used 17504K [0x00000000d5580000, 0x00000000d6a00000, 0x0000000100000000)
  eden space 15872K, 100% used [0x00000000d5580000,0x00000000d6500000,0x00000000d6500000)
  from space 2048K, 79% used [0x00000000d6800000,0x00000000d6998000,0x00000000d6a00000)
  to   space 2048K, 0% used [0x00000000d6600000,0x00000000d6600000,0x00000000d6800000)
 ParOldGen       total 68608K, used 63740K [0x0000000080000000, 0x0000000084300000, 0x00000000d5580000)
  object space 68608K, 92% used [0x0000000080000000,0x0000000083e3f350,0x0000000084300000)
 Metaspace       used 60719K, committed 62208K, reserved 1114112K
  class space    used 6413K, committed 7040K, reserved 1048576K
}
Event: 16.051 GC heap after
{Heap after GC invocations=58 (full 3):
 PSYoungGen      total 17920K, used 1824K [0x00000000d5580000, 0x00000000d6900000, 0x0000000100000000)
  eden space 15872K, 0% used [0x00000000d5580000,0x00000000d5580000,0x00000000d6500000)
  from space 2048K, 89% used [0x00000000d6600000,0x00000000d67c8000,0x00000000d6800000)
  to   space 1024K, 0% used [0x00000000d6800000,0x00000000d6800000,0x00000000d6900000)
 ParOldGen       total 68608K, used 65038K [0x0000000080000000, 0x0000000084300000, 0x00000000d5580000)
  object space 68608K, 94% used [0x0000000080000000,0x0000000083f83a78,0x0000000084300000)
 Metaspace       used 60719K, committed 62208K, reserved 1114112K
  class space    used 6413K, committed 7040K, reserved 1048576K
}
Event: 16.097 GC heap before
{Heap before GC invocations=59 (full 3):
 PSYoungGen      total 17920K, used 17696K [0x00000000d5580000, 0x00000000d6900000, 0x0000000100000000)
  eden space 15872K, 100% used [0x00000000d5580000,0x00000000d6500000,0x00000000d6500000)
  from space 2048K, 89% used [0x00000000d6600000,0x00000000d67c8000,0x00000000d6800000)
  to   space 1024K, 0% used [0x00000000d6800000,0x00000000d6800000,0x00000000d6900000)
 ParOldGen       total 68608K, used 65038K [0x0000000080000000, 0x0000000084300000, 0x00000000d5580000)
  object space 68608K, 94% used [0x0000000080000000,0x0000000083f83a78,0x0000000084300000)
 Metaspace       used 60801K, committed 62272K, reserved 1114112K
  class space    used 6414K, committed 7040K, reserved 1048576K
}
Event: 16.098 GC heap after
{Heap after GC invocations=59 (full 3):
 PSYoungGen      total 16896K, used 928K [0x00000000d5580000, 0x00000000d6900000, 0x0000000100000000)
  eden space 15872K, 0% used [0x00000000d5580000,0x00000000d5580000,0x00000000d6500000)
  from space 1024K, 90% used [0x00000000d6800000,0x00000000d68e8000,0x00000000d6900000)
  to   space 1536K, 0% used [0x00000000d6600000,0x00000000d6600000,0x00000000d6780000)
 ParOldGen       total 68608K, used 65955K [0x0000000080000000, 0x0000000084300000, 0x00000000d5580000)
  object space 68608K, 96% used [0x0000000080000000,0x0000000084068ea8,0x0000000084300000)
 Metaspace       used 60801K, committed 62272K, reserved 1114112K
  class space    used 6414K, committed 7040K, reserved 1048576K
}
Event: 16.168 GC heap before
{Heap before GC invocations=60 (full 3):
 PSYoungGen      total 16896K, used 16800K [0x00000000d5580000, 0x00000000d6900000, 0x0000000100000000)
  eden space 15872K, 100% used [0x00000000d5580000,0x00000000d6500000,0x00000000d6500000)
  from space 1024K, 90% used [0x00000000d6800000,0x00000000d68e8000,0x00000000d6900000)
  to   space 1536K, 0% used [0x00000000d6600000,0x00000000d6600000,0x00000000d6780000)
 ParOldGen       total 68608K, used 65955K [0x0000000080000000, 0x0000000084300000, 0x00000000d5580000)
  object space 68608K, 96% used [0x0000000080000000,0x0000000084068ea8,0x0000000084300000)
 Metaspace       used 60861K, committed 62336K, reserved 1114112K
  class space    used 6414K, committed 7040K, reserved 1048576K
}
Event: 16.172 GC heap after
{Heap after GC invocations=60 (full 3):
 PSYoungGen      total 17408K, used 1520K [0x00000000d5580000, 0x00000000d6a00000, 0x0000000100000000)
  eden space 15872K, 0% used [0x00000000d5580000,0x00000000d5580000,0x00000000d6500000)
  from space 1536K, 98% used [0x00000000d6600000,0x00000000d677c010,0x00000000d6780000)
  to   space 2560K, 0% used [0x00000000d6780000,0x00000000d6780000,0x00000000d6a00000)
 ParOldGen       total 68608K, used 66611K [0x0000000080000000, 0x0000000084300000, 0x00000000d5580000)
  object space 68608K, 97% used [0x0000000080000000,0x000000008410cea8,0x0000000084300000)
 Metaspace       used 60861K, committed 62336K, reserved 1114112K
  class space    used 6414K, committed 7040K, reserved 1048576K
}
Event: 16.446 GC heap before
{Heap before GC invocations=61 (full 3):
 PSYoungGen      total 17408K, used 17381K [0x00000000d5580000, 0x00000000d6a00000, 0x0000000100000000)
  eden space 15872K, 99% used [0x00000000d5580000,0x00000000d64fd6c0,0x00000000d6500000)
  from space 1536K, 98% used [0x00000000d6600000,0x00000000d677c010,0x00000000d6780000)
  to   space 2560K, 0% used [0x00000000d6780000,0x00000000d6780000,0x00000000d6a00000)
 ParOldGen       total 68608K, used 66611K [0x0000000080000000, 0x0000000084300000, 0x00000000d5580000)
  object space 68608K, 97% used [0x0000000080000000,0x000000008410cea8,0x0000000084300000)
 Metaspace       used 61639K, committed 63168K, reserved 1114112K
  class space    used 6513K, committed 7168K, reserved 1048576K
}
Event: 16.448 GC heap after
{Heap after GC invocations=61 (full 3):
 PSYoungGen      total 17408K, used 1488K [0x00000000d5580000, 0x00000000d6900000, 0x0000000100000000)
  eden space 15872K, 0% used [0x00000000d5580000,0x00000000d5580000,0x00000000d6500000)
  from space 1536K, 96% used [0x00000000d6780000,0x00000000d68f4050,0x00000000d6900000)
  to   space 2048K, 0% used [0x00000000d6500000,0x00000000d6500000,0x00000000d6700000)
 ParOldGen       total 68608K, used 67435K [0x0000000080000000, 0x0000000084300000, 0x00000000d5580000)
  object space 68608K, 98% used [0x0000000080000000,0x00000000841daea8,0x0000000084300000)
 Metaspace       used 61639K, committed 63168K, reserved 1114112K
  class space    used 6513K, committed 7168K, reserved 1048576K
}
Event: 16.716 GC heap before
{Heap before GC invocations=62 (full 3):
 PSYoungGen      total 17408K, used 17360K [0x00000000d5580000, 0x00000000d6900000, 0x0000000100000000)
  eden space 15872K, 100% used [0x00000000d5580000,0x00000000d6500000,0x00000000d6500000)
  from space 1536K, 96% used [0x00000000d6780000,0x00000000d68f4050,0x00000000d6900000)
  to   space 2048K, 0% used [0x00000000d6500000,0x00000000d6500000,0x00000000d6700000)
 ParOldGen       total 68608K, used 67435K [0x0000000080000000, 0x0000000084300000, 0x00000000d5580000)
  object space 68608K, 98% used [0x0000000080000000,0x00000000841daea8,0x0000000084300000)
 Metaspace       used 62425K, committed 63936K, reserved 1114112K
  class space    used 6597K, committed 7232K, reserved 1048576K
}
Event: 16.720 GC heap after
{Heap after GC invocations=62 (full 3):
 PSYoungGen      total 16896K, used 890K [0x00000000d5580000, 0x00000000d6800000, 0x0000000100000000)
  eden space 15872K, 0% used [0x00000000d5580000,0x00000000d5580000,0x00000000d6500000)
  from space 1024K, 86% used [0x00000000d6500000,0x00000000d65de8c8,0x00000000d6600000)
  to   space 1536K, 0% used [0x00000000d6680000,0x00000000d6680000,0x00000000d6800000)
 ParOldGen       total 68608K, used 68367K [0x0000000080000000, 0x0000000084300000, 0x00000000d5580000)
  object space 68608K, 99% used [0x0000000080000000,0x00000000842c3eb8,0x0000000084300000)
 Metaspace       used 62425K, committed 63936K, reserved 1114112K
  class space    used 6597K, committed 7232K, reserved 1048576K
}
Event: 17.242 GC heap before
{Heap before GC invocations=63 (full 3):
 PSYoungGen      total 16896K, used 16752K [0x00000000d5580000, 0x00000000d6800000, 0x0000000100000000)
  eden space 15872K, 99% used [0x00000000d5580000,0x00000000d64fd930,0x00000000d6500000)
  from space 1024K, 86% used [0x00000000d6500000,0x00000000d65de8c8,0x00000000d6600000)
  to   space 1536K, 0% used [0x00000000d6680000,0x00000000d6680000,0x00000000d6800000)
 ParOldGen       total 68608K, used 68403K [0x0000000080000000, 0x0000000084300000, 0x00000000d5580000)
  object space 68608K, 99% used [0x0000000080000000,0x00000000842ccc40,0x0000000084300000)
 Metaspace       used 63330K, committed 65024K, reserved 1114112K
  class space    used 6694K, committed 7424K, reserved 1048576K
}
Event: 17.244 GC heap after
{Heap after GC invocations=63 (full 3):
 PSYoungGen      total 16896K, used 717K [0x00000000d5580000, 0x00000000d6780000, 0x0000000100000000)
  eden space 15872K, 0% used [0x00000000d5580000,0x00000000d5580000,0x00000000d6500000)
  from space 1024K, 70% used [0x00000000d6680000,0x00000000d6733620,0x00000000d6780000)
  to   space 1024K, 0% used [0x00000000d6500000,0x00000000d6500000,0x00000000d6600000)
 ParOldGen       total 69632K, used 69175K [0x0000000080000000, 0x0000000084400000, 0x00000000d5580000)
  object space 69632K, 99% used [0x0000000080000000,0x000000008438ddd8,0x0000000084400000)
 Metaspace       used 63330K, committed 65024K, reserved 1114112K
  class space    used 6694K, committed 7424K, reserved 1048576K
}
Event: 17.416 GC heap before
{Heap before GC invocations=64 (full 3):
 PSYoungGen      total 16896K, used 16589K [0x00000000d5580000, 0x00000000d6780000, 0x0000000100000000)
  eden space 15872K, 100% used [0x00000000d5580000,0x00000000d6500000,0x00000000d6500000)
  from space 1024K, 70% used [0x00000000d6680000,0x00000000d6733620,0x00000000d6780000)
  to   space 1024K, 0% used [0x00000000d6500000,0x00000000d6500000,0x00000000d6600000)
 ParOldGen       total 69632K, used 69229K [0x0000000080000000, 0x0000000084400000, 0x00000000d5580000)
  object space 69632K, 99% used [0x0000000080000000,0x000000008439b5a0,0x0000000084400000)
 Metaspace       used 64184K, committed 65792K, reserved 1114112K
  class space    used 6781K, committed 7488K, reserved 1048576K
}
Event: 17.420 GC heap after
{Heap after GC invocations=64 (full 3):
 PSYoungGen      total 16896K, used 1000K [0x00000000d5580000, 0x00000000d6900000, 0x0000000100000000)
  eden space 15872K, 0% used [0x00000000d5580000,0x00000000d5580000,0x00000000d6500000)
  from space 1024K, 97% used [0x00000000d6500000,0x00000000d65fa290,0x00000000d6600000)
  to   space 2048K, 0% used [0x00000000d6700000,0x00000000d6700000,0x00000000d6900000)
 ParOldGen       total 70144K, used 69675K [0x0000000080000000, 0x0000000084480000, 0x00000000d5580000)
  object space 70144K, 99% used [0x0000000080000000,0x000000008440afd8,0x0000000084480000)
 Metaspace       used 64184K, committed 65792K, reserved 1114112K
  class space    used 6781K, committed 7488K, reserved 1048576K
}

