# JRE version: OpenJDK Runtime Environment Temurin-21.0.11+10 (21.0.11+10) (build 21.0.11+10-LTS)
# Java VM: OpenJDK 64-Bit Server VM Temurin-21.0.11+10 (21.0.11+10-LTS, mixed mode, sharing, tiered, compressed oops, compressed class ptrs, parallel gc, windows-amd64)
GC Precious Log:
 CardTable entry size: 512
 CPUs: 12 total, 12 available
 Memory: 7863M
 Large Page Support: Disabled
 NUMA Support: Disabled
 Compressed Oops: Enabled (32-bit)
 Alignments: Space 512K, Generation 512K, Heap 2M
 Heap Min Capacity: 100M
 Heap Initial Capacity: 100M
 Heap Max Capacity: 2G
 Pre-touch: Disabled
 Parallel Workers: 10
Heap:
 PSYoungGen      total 10240K, used 3043K [0x00000000d5580000, 0x00000000d6180000, 0x0000000100000000)
  eden space 8192K, 13% used [0x00000000d5580000,0x00000000d5695dc0,0x00000000d5d80000)
  from space 2048K, 94% used [0x00000000d5f80000,0x00000000d61631f0,0x00000000d6180000)
  to   space 2048K, 0% used [0x00000000d5d80000,0x00000000d5d80000,0x00000000d5f80000)
 ParOldGen       total 169472K, used 169028K [0x0000000080000000, 0x000000008a580000, 0x00000000d5580000)
  object space 169472K, 99% used [0x0000000080000000,0x000000008a5113e8,0x000000008a580000)
 Metaspace       used 51656K, committed 52928K, reserved 1114112K
  class space    used 5693K, committed 6272K, reserved 1048576K
GC Heap History (20 events):
Event: 8.352 GC heap before
{Heap before GC invocations=70 (full 2):
 PSYoungGen      total 12800K, used 12429K [0x00000000d5580000, 0x00000000d6480000, 0x0000000100000000)
  eden space 10240K, 99% used [0x00000000d5580000,0x00000000d5f72c10,0x00000000d5f80000)
  from space 2560K, 87% used [0x00000000d5f80000,0x00000000d61b0ab0,0x00000000d6200000)
  to   space 2560K, 0% used [0x00000000d6200000,0x00000000d6200000,0x00000000d6480000)
 ParOldGen       total 148480K, used 148235K [0x0000000080000000, 0x0000000089100000, 0x00000000d5580000)
  object space 148480K, 99% used [0x0000000080000000,0x00000000890c2f30,0x0000000089100000)
 Metaspace       used 51154K, committed 52480K, reserved 1114112K
  class space    used 5616K, committed 6208K, reserved 1048576K
}
Event: 8.355 GC heap after
{Heap after GC invocations=70 (full 2):
 PSYoungGen      total 12800K, used 2056K [0x00000000d5580000, 0x00000000d6480000, 0x0000000100000000)
  eden space 10240K, 0% used [0x00000000d5580000,0x00000000d5580000,0x00000000d5f80000)
  from space 2560K, 80% used [0x00000000d6200000,0x00000000d64021d8,0x00000000d6480000)
  to   space 2560K, 0% used [0x00000000d5f80000,0x00000000d5f80000,0x00000000d6200000)
 ParOldGen       total 150528K, used 150311K [0x0000000080000000, 0x0000000089300000, 0x00000000d5580000)
  object space 150528K, 99% used [0x0000000080000000,0x00000000892c9fd8,0x0000000089300000)
 Metaspace       used 51154K, committed 52480K, reserved 1114112K
  class space    used 5616K, committed 6208K, reserved 1048576K
}
Event: 8.398 GC heap before
{Heap before GC invocations=71 (full 2):
 PSYoungGen      total 12800K, used 12296K [0x00000000d5580000, 0x00000000d6480000, 0x0000000100000000)
  eden space 10240K, 100% used [0x00000000d5580000,0x00000000d5f80000,0x00000000d5f80000)
  from space 2560K, 80% used [0x00000000d6200000,0x00000000d64021d8,0x00000000d6480000)
  to   space 2560K, 0% used [0x00000000d5f80000,0x00000000d5f80000,0x00000000d6200000)
 ParOldGen       total 150528K, used 150311K [0x0000000080000000, 0x0000000089300000, 0x00000000d5580000)
  object space 150528K, 99% used [0x0000000080000000,0x00000000892c9fd8,0x0000000089300000)
 Metaspace       used 51231K, committed 52544K, reserved 1114112K
  class space    used 5623K, committed 6208K, reserved 1048576K
}
Event: 8.402 GC heap after
{Heap after GC invocations=71 (full 2):
 PSYoungGen      total 12800K, used 2420K [0x00000000d5580000, 0x00000000d6480000, 0x0000000100000000)
  eden space 10240K, 0% used [0x00000000d5580000,0x00000000d5580000,0x00000000d5f80000)
  from space 2560K, 94% used [0x00000000d5f80000,0x00000000d61dd150,0x00000000d6200000)
  to   space 2560K, 0% used [0x00000000d6200000,0x00000000d6200000,0x00000000d6480000)
 ParOldGen       total 152576K, used 152243K [0x0000000080000000, 0x0000000089500000, 0x00000000d5580000)
  object space 152576K, 99% used [0x0000000080000000,0x00000000894acd00,0x0000000089500000)
 Metaspace       used 51231K, committed 52544K, reserved 1114112K
  class space    used 5623K, committed 6208K, reserved 1048576K
}
Event: 8.434 GC heap before
{Heap before GC invocations=72 (full 2):
 PSYoungGen      total 12800K, used 12660K [0x00000000d5580000, 0x00000000d6480000, 0x0000000100000000)
  eden space 10240K, 100% used [0x00000000d5580000,0x00000000d5f80000,0x00000000d5f80000)
  from space 2560K, 94% used [0x00000000d5f80000,0x00000000d61dd150,0x00000000d6200000)
  to   space 2560K, 0% used [0x00000000d6200000,0x00000000d6200000,0x00000000d6480000)
 ParOldGen       total 152576K, used 152243K [0x0000000080000000, 0x0000000089500000, 0x00000000d5580000)
  object space 152576K, 99% used [0x0000000080000000,0x00000000894acd00,0x0000000089500000)
 Metaspace       used 51307K, committed 52608K, reserved 1114112K
  class space    used 5631K, committed 6208K, reserved 1048576K
}
Event: 8.438 GC heap after
{Heap after GC invocations=72 (full 2):
 PSYoungGen      total 12800K, used 1992K [0x00000000d5580000, 0x00000000d6480000, 0x0000000100000000)
  eden space 10240K, 0% used [0x00000000d5580000,0x00000000d5580000,0x00000000d5f80000)
  from space 2560K, 77% used [0x00000000d6200000,0x00000000d63f2118,0x00000000d6480000)
  to   space 2560K, 0% used [0x00000000d5f80000,0x00000000d5f80000,0x00000000d6200000)
 ParOldGen       total 154624K, used 154383K [0x0000000080000000, 0x0000000089700000, 0x00000000d5580000)
  object space 154624K, 99% used [0x0000000080000000,0x00000000896c3eb8,0x0000000089700000)
 Metaspace       used 51307K, committed 52608K, reserved 1114112K
  class space    used 5631K, committed 6208K, reserved 1048576K
}
Event: 8.467 GC heap before
{Heap before GC invocations=73 (full 2):
 PSYoungGen      total 12800K, used 12232K [0x00000000d5580000, 0x00000000d6480000, 0x0000000100000000)
  eden space 10240K, 100% used [0x00000000d5580000,0x00000000d5f80000,0x00000000d5f80000)
  from space 2560K, 77% used [0x00000000d6200000,0x00000000d63f2118,0x00000000d6480000)
  to   space 2560K, 0% used [0x00000000d5f80000,0x00000000d5f80000,0x00000000d6200000)
 ParOldGen       total 154624K, used 154383K [0x0000000080000000, 0x0000000089700000, 0x00000000d5580000)
  object space 154624K, 99% used [0x0000000080000000,0x00000000896c3eb8,0x0000000089700000)
 Metaspace       used 51339K, committed 52672K, reserved 1114112K
  class space    used 5643K, committed 6208K, reserved 1048576K
}
Event: 8.469 GC heap after
{Heap after GC invocations=73 (full 2):
 PSYoungGen      total 12800K, used 2052K [0x00000000d5580000, 0x00000000d6480000, 0x0000000100000000)
  eden space 10240K, 0% used [0x00000000d5580000,0x00000000d5580000,0x00000000d5f80000)
  from space 2560K, 80% used [0x00000000d5f80000,0x00000000d61811a8,0x00000000d6200000)
  to   space 2560K, 0% used [0x00000000d6200000,0x00000000d6200000,0x00000000d6480000)
 ParOldGen       total 156672K, used 156229K [0x0000000080000000, 0x0000000089900000, 0x00000000d5580000)
  object space 156672K, 99% used [0x0000000080000000,0x00000000898914f0,0x0000000089900000)
 Metaspace       used 51339K, committed 52672K, reserved 1114112K
  class space    used 5643K, committed 6208K, reserved 1048576K
}
Event: 8.503 GC heap before
{Heap before GC invocations=74 (full 2):
 PSYoungGen      total 12800K, used 12292K [0x00000000d5580000, 0x00000000d6480000, 0x0000000100000000)
  eden space 10240K, 100% used [0x00000000d5580000,0x00000000d5f80000,0x00000000d5f80000)
  from space 2560K, 80% used [0x00000000d5f80000,0x00000000d61811a8,0x00000000d6200000)
  to   space 2560K, 0% used [0x00000000d6200000,0x00000000d6200000,0x00000000d6480000)
 ParOldGen       total 156672K, used 156229K [0x0000000080000000, 0x0000000089900000, 0x00000000d5580000)
  object space 156672K, 99% used [0x0000000080000000,0x00000000898914f0,0x0000000089900000)
 Metaspace       used 51368K, committed 52672K, reserved 1114112K
  class space    used 5657K, committed 6208K, reserved 1048576K
}
Event: 8.505 GC heap after
{Heap after GC invocations=74 (full 2):
 PSYoungGen      total 12288K, used 1889K [0x00000000d5580000, 0x00000000d6400000, 0x0000000100000000)
  eden space 10240K, 0% used [0x00000000d5580000,0x00000000d5580000,0x00000000d5f80000)
  from space 2048K, 92% used [0x00000000d6200000,0x00000000d63d87c8,0x00000000d6400000)
  to   space 2048K, 0% used [0x00000000d6000000,0x00000000d6000000,0x00000000d6200000)
 ParOldGen       total 158208K, used 158130K [0x0000000080000000, 0x0000000089a80000, 0x00000000d5580000)
  object space 158208K, 99% used [0x0000000080000000,0x0000000089a6c960,0x0000000089a80000)
 Metaspace       used 51368K, committed 52672K, reserved 1114112K
  class space    used 5657K, committed 6208K, reserved 1048576K
}
Event: 8.535 GC heap before
{Heap before GC invocations=75 (full 2):
 PSYoungGen      total 12288K, used 12129K [0x00000000d5580000, 0x00000000d6400000, 0x0000000100000000)
  eden space 10240K, 100% used [0x00000000d5580000,0x00000000d5f80000,0x00000000d5f80000)
  from space 2048K, 92% used [0x00000000d6200000,0x00000000d63d87c8,0x00000000d6400000)
  to   space 2048K, 0% used [0x00000000d6000000,0x00000000d6000000,0x00000000d6200000)
 ParOldGen       total 158208K, used 158130K [0x0000000080000000, 0x0000000089a80000, 0x00000000d5580000)
  object space 158208K, 99% used [0x0000000080000000,0x0000000089a6c960,0x0000000089a80000)
 Metaspace       used 51405K, committed 52736K, reserved 1114112K
  class space    used 5670K, committed 6272K, reserved 1048576K
}
Event: 8.537 GC heap after
{Heap after GC invocations=75 (full 2):
 PSYoungGen      total 12288K, used 1881K [0x00000000d5580000, 0x00000000d6380000, 0x0000000100000000)
  eden space 10240K, 0% used [0x00000000d5580000,0x00000000d5580000,0x00000000d5f80000)
  from space 2048K, 91% used [0x00000000d6000000,0x00000000d61d67e8,0x00000000d6200000)
  to   space 1536K, 0% used [0x00000000d6200000,0x00000000d6200000,0x00000000d6380000)
 ParOldGen       total 160256K, used 159878K [0x0000000080000000, 0x0000000089c80000, 0x00000000d5580000)
  object space 160256K, 99% used [0x0000000080000000,0x0000000089c21a38,0x0000000089c80000)
 Metaspace       used 51405K, committed 52736K, reserved 1114112K
  class space    used 5670K, committed 6272K, reserved 1048576K
}
Event: 8.572 GC heap before
{Heap before GC invocations=76 (full 2):
 PSYoungGen      total 12288K, used 12121K [0x00000000d5580000, 0x00000000d6380000, 0x0000000100000000)
  eden space 10240K, 100% used [0x00000000d5580000,0x00000000d5f80000,0x00000000d5f80000)
  from space 2048K, 91% used [0x00000000d6000000,0x00000000d61d67e8,0x00000000d6200000)
  to   space 1536K, 0% used [0x00000000d6200000,0x00000000d6200000,0x00000000d6380000)
 ParOldGen       total 160256K, used 159878K [0x0000000080000000, 0x0000000089c80000, 0x00000000d5580000)
  object space 160256K, 99% used [0x0000000080000000,0x0000000089c21a38,0x0000000089c80000)
 Metaspace       used 51460K, committed 52800K, reserved 1114112K
  class space    used 5675K, committed 6272K, reserved 1048576K
}
Event: 8.574 GC heap after
{Heap after GC invocations=76 (full 2):
 PSYoungGen      total 9728K, used 1534K [0x00000000d5580000, 0x00000000d6880000, 0x0000000100000000)
  eden space 8192K, 0% used [0x00000000d5580000,0x00000000d5580000,0x00000000d5d80000)
  from space 1536K, 99% used [0x00000000d6200000,0x00000000d637faa8,0x00000000d6380000)
  to   space 4608K, 0% used [0x00000000d5d80000,0x00000000d5d80000,0x00000000d6200000)
 ParOldGen       total 162304K, used 162193K [0x0000000080000000, 0x0000000089e80000, 0x00000000d5580000)
  object space 162304K, 99% used [0x0000000080000000,0x0000000089e647e0,0x0000000089e80000)
 Metaspace       used 51460K, committed 52800K, reserved 1114112K
  class space    used 5675K, committed 6272K, reserved 1048576K
}
Event: 8.620 GC heap before
{Heap before GC invocations=77 (full 2):
 PSYoungGen      total 9728K, used 9726K [0x00000000d5580000, 0x00000000d6880000, 0x0000000100000000)
  eden space 8192K, 100% used [0x00000000d5580000,0x00000000d5d80000,0x00000000d5d80000)
  from space 1536K, 99% used [0x00000000d6200000,0x00000000d637faa8,0x00000000d6380000)
  to   space 4608K, 0% used [0x00000000d5d80000,0x00000000d5d80000,0x00000000d6200000)
 ParOldGen       total 162304K, used 162193K [0x0000000080000000, 0x0000000089e80000, 0x00000000d5580000)
  object space 162304K, 99% used [0x0000000080000000,0x0000000089e647e0,0x0000000089e80000)
 Metaspace       used 51497K, committed 52800K, reserved 1114112K
  class space    used 5680K, committed 6272K, reserved 1048576K
}
Event: 8.622 GC heap after
{Heap after GC invocations=77 (full 2):
 PSYoungGen      total 10240K, used 1918K [0x00000000d5580000, 0x00000000d6380000, 0x0000000100000000)
  eden space 8192K, 0% used [0x00000000d5580000,0x00000000d5580000,0x00000000d5d80000)
  from space 2048K, 93% used [0x00000000d5d80000,0x00000000d5f5f928,0x00000000d5f80000)
  to   space 3072K, 0% used [0x00000000d6080000,0x00000000d6080000,0x00000000d6380000)
 ParOldGen       total 163840K, used 163726K [0x0000000080000000, 0x000000008a000000, 0x00000000d5580000)
  object space 163840K, 99% used [0x0000000080000000,0x0000000089fe3bc8,0x000000008a000000)
 Metaspace       used 51497K, committed 52800K, reserved 1114112K
  class space    used 5680K, committed 6272K, reserved 1048576K
}
Event: 8.649 GC heap before
{Heap before GC invocations=78 (full 2):
 PSYoungGen      total 10240K, used 10110K [0x00000000d5580000, 0x00000000d6380000, 0x0000000100000000)
  eden space 8192K, 100% used [0x00000000d5580000,0x00000000d5d80000,0x00000000d5d80000)
  from space 2048K, 93% used [0x00000000d5d80000,0x00000000d5f5f928,0x00000000d5f80000)
  to   space 3072K, 0% used [0x00000000d6080000,0x00000000d6080000,0x00000000d6380000)
 ParOldGen       total 163840K, used 163726K [0x0000000080000000, 0x000000008a000000, 0x00000000d5580000)
  object space 163840K, 99% used [0x0000000080000000,0x0000000089fe3bc8,0x000000008a000000)
 Metaspace       used 51529K, committed 52864K, reserved 1114112K
  class space    used 5684K, committed 6272K, reserved 1048576K
}
Event: 8.652 GC heap after
{Heap after GC invocations=78 (full 2):
 PSYoungGen      total 10240K, used 1821K [0x00000000d5580000, 0x00000000d6280000, 0x0000000100000000)
  eden space 8192K, 0% used [0x00000000d5580000,0x00000000d5580000,0x00000000d5d80000)
  from space 2048K, 88% used [0x00000000d6080000,0x00000000d6247600,0x00000000d6280000)
  to   space 2048K, 0% used [0x00000000d5d80000,0x00000000d5d80000,0x00000000d5f80000)
 ParOldGen       total 165888K, used 165503K [0x0000000080000000, 0x000000008a200000, 0x00000000d5580000)
  object space 165888K, 99% used [0x0000000080000000,0x000000008a19fe48,0x000000008a200000)
 Metaspace       used 51529K, committed 52864K, reserved 1114112K
  class space    used 5684K, committed 6272K, reserved 1048576K
}
Event: 8.674 GC heap before
{Heap before GC invocations=79 (full 2):
 PSYoungGen      total 10240K, used 10013K [0x00000000d5580000, 0x00000000d6280000, 0x0000000100000000)
  eden space 8192K, 100% used [0x00000000d5580000,0x00000000d5d80000,0x00000000d5d80000)
  from space 2048K, 88% used [0x00000000d6080000,0x00000000d6247600,0x00000000d6280000)
  to   space 2048K, 0% used [0x00000000d5d80000,0x00000000d5d80000,0x00000000d5f80000)
 ParOldGen       total 165888K, used 165503K [0x0000000080000000, 0x000000008a200000, 0x00000000d5580000)
  object space 165888K, 99% used [0x0000000080000000,0x000000008a19fe48,0x000000008a200000)
 Metaspace       used 51558K, committed 52864K, reserved 1114112K
  class space    used 5688K, committed 6272K, reserved 1048576K
}
Event: 8.677 GC heap after
{Heap after GC invocations=79 (full 2):
 PSYoungGen      total 10240K, used 1985K [0x00000000d5580000, 0x00000000d6180000, 0x0000000100000000)
  eden space 8192K, 0% used [0x00000000d5580000,0x00000000d5580000,0x00000000d5d80000)
  from space 2048K, 96% used [0x00000000d5d80000,0x00000000d5f70720,0x00000000d5f80000)
  to   space 2048K, 0% used [0x00000000d5f80000,0x00000000d5f80000,0x00000000d6180000)
 ParOldGen       total 167424K, used 167216K [0x0000000080000000, 0x000000008a380000, 0x00000000d5580000)
  object space 167424K, 99% used [0x0000000080000000,0x000000008a34c3b8,0x000000008a380000)
 Metaspace       used 51558K, committed 52864K, reserved 1114112K
  class space    used 5688K, committed 6272K, reserved 1048576K
}

