# JRE version: OpenJDK Runtime Environment Temurin-21.0.11+10 (21.0.11+10) (build 21.0.11+10-LTS)
# Java VM: OpenJDK 64-Bit Server VM Temurin-21.0.11+10 (21.0.11+10-LTS, mixed mode, sharing, tiered, compressed oops, compressed class ptrs, parallel gc, windows-amd64)
GC Precious Log:
 CardTable entry size: 512
 CPUs: 12 total, 12 available
 Memory: 7863M
 Large Page Support: Disabled
 NUMA Support: Disabled
 Compressed Oops: Enabled (32-bit)
 Alignments: Space 512K, Generation 512K, Heap 2M
 Heap Min Capacity: 100M
 Heap Initial Capacity: 100M
 Heap Max Capacity: 2G
 Pre-touch: Disabled
 Parallel Workers: 10
Heap:
 PSYoungGen      total 5120K, used 2134K [0x00000000d5580000, 0x00000000d5c80000, 0x0000000100000000)
  eden space 4096K, 30% used [0x00000000d5580000,0x00000000d56b8fb0,0x00000000d5980000)
  from space 1024K, 86% used [0x00000000d5980000,0x00000000d5a5c960,0x00000000d5a80000)
  to   space 1024K, 0% used [0x00000000d5b80000,0x00000000d5b80000,0x00000000d5c80000)
 ParOldGen       total 727040K, used 726941K [0x0000000080000000, 0x00000000ac600000, 0x00000000d5580000)
  object space 727040K, 99% used [0x0000000080000000,0x00000000ac5e7658,0x00000000ac600000)
 Metaspace       used 73082K, committed 74624K, reserved 1179648K
  class space    used 7804K, committed 8512K, reserved 1048576K
GC Heap History (20 events):
Event: 850.949 GC heap before
{Heap before GC invocations=808 (full 3):
 PSYoungGen      total 5120K, used 5021K [0x00000000d5580000, 0x00000000d5e80000, 0x0000000100000000)
  eden space 4608K, 99% used [0x00000000d5580000,0x00000000d59ff4d8,0x00000000d5a00000)
  from space 512K, 81% used [0x00000000d5e00000,0x00000000d5e68020,0x00000000d5e80000)
  to   space 512K, 0% used [0x00000000d5d80000,0x00000000d5d80000,0x00000000d5e00000)
 ParOldGen       total 711168K, used 710645K [0x0000000080000000, 0x00000000ab680000, 0x00000000d5580000)
  object space 711168K, 99% used [0x0000000080000000,0x00000000ab5fd740,0x00000000ab680000)
 Metaspace       used 72779K, committed 74304K, reserved 1179648K
  class space    used 7794K, committed 8448K, reserved 1048576K
}
Event: 850.954 GC heap after
{Heap after GC invocations=808 (full 3):
 PSYoungGen      total 5120K, used 501K [0x00000000d5580000, 0x00000000d6300000, 0x0000000100000000)
  eden space 4608K, 0% used [0x00000000d5580000,0x00000000d5580000,0x00000000d5a00000)
  from space 512K, 97% used [0x00000000d5d80000,0x00000000d5dfd400,0x00000000d5e00000)
  to   space 4608K, 0% used [0x00000000d5e80000,0x00000000d5e80000,0x00000000d6300000)
 ParOldGen       total 714240K, used 713745K [0x0000000080000000, 0x00000000ab980000, 0x00000000d5580000)
  object space 714240K, 99% used [0x0000000080000000,0x00000000ab9044b0,0x00000000ab980000)
 Metaspace       used 72779K, committed 74304K, reserved 1179648K
  class space    used 7794K, committed 8448K, reserved 1048576K
}
Event: 850.989 GC heap before
{Heap before GC invocations=809 (full 3):
 PSYoungGen      total 5120K, used 5109K [0x00000000d5580000, 0x00000000d6300000, 0x0000000100000000)
  eden space 4608K, 100% used [0x00000000d5580000,0x00000000d5a00000,0x00000000d5a00000)
  from space 512K, 97% used [0x00000000d5d80000,0x00000000d5dfd400,0x00000000d5e00000)
  to   space 4608K, 0% used [0x00000000d5e80000,0x00000000d5e80000,0x00000000d6300000)
 ParOldGen       total 714240K, used 713745K [0x0000000080000000, 0x00000000ab980000, 0x00000000d5580000)
  object space 714240K, 99% used [0x0000000080000000,0x00000000ab9044b0,0x00000000ab980000)
 Metaspace       used 72780K, committed 74304K, reserved 1179648K
  class space    used 7794K, committed 8448K, reserved 1048576K
}
Event: 850.995 GC heap after
{Heap after GC invocations=809 (full 3):
 PSYoungGen      total 8192K, used 4588K [0x00000000d5580000, 0x00000000d6500000, 0x0000000100000000)
  eden space 3584K, 0% used [0x00000000d5580000,0x00000000d5580000,0x00000000d5900000)
  from space 4608K, 99% used [0x00000000d5e80000,0x00000000d62fb000,0x00000000d6300000)
  to   space 5632K, 0% used [0x00000000d5900000,0x00000000d5900000,0x00000000d5e80000)
 ParOldGen       total 714240K, used 714025K [0x0000000080000000, 0x00000000ab980000, 0x00000000d5580000)
  object space 714240K, 99% used [0x0000000080000000,0x00000000ab94a4b0,0x00000000ab980000)
 Metaspace       used 72780K, committed 74304K, reserved 1179648K
  class space    used 7794K, committed 8448K, reserved 1048576K
}
Event: 851.063 GC heap before
{Heap before GC invocations=810 (full 3):
 PSYoungGen      total 8192K, used 8081K [0x00000000d5580000, 0x00000000d6500000, 0x0000000100000000)
  eden space 3584K, 97% used [0x00000000d5580000,0x00000000d58e95d0,0x00000000d5900000)
  from space 4608K, 99% used [0x00000000d5e80000,0x00000000d62fb000,0x00000000d6300000)
  to   space 5632K, 0% used [0x00000000d5900000,0x00000000d5900000,0x00000000d5e80000)
 ParOldGen       total 714240K, used 714025K [0x0000000080000000, 0x00000000ab980000, 0x00000000d5580000)
  object space 714240K, 99% used [0x0000000080000000,0x00000000ab94a4b0,0x00000000ab980000)
 Metaspace       used 72780K, committed 74304K, reserved 1179648K
  class space    used 7794K, committed 8448K, reserved 1048576K
}
Event: 851.067 GC heap after
{Heap after GC invocations=810 (full 3):
 PSYoungGen      total 4608K, used 704K [0x00000000d5580000, 0x00000000d5f00000, 0x0000000100000000)
  eden space 3584K, 0% used [0x00000000d5580000,0x00000000d5580000,0x00000000d5900000)
  from space 1024K, 68% used [0x00000000d5900000,0x00000000d59b0000,0x00000000d5a00000)
  to   space 2560K, 0% used [0x00000000d5c80000,0x00000000d5c80000,0x00000000d5f00000)
 ParOldGen       total 717824K, used 717441K [0x0000000080000000, 0x00000000abd00000, 0x00000000d5580000)
  object space 717824K, 99% used [0x0000000080000000,0x00000000abca04b0,0x00000000abd00000)
 Metaspace       used 72780K, committed 74304K, reserved 1179648K
  class space    used 7794K, committed 8448K, reserved 1048576K
}
Event: 851.136 GC heap before
{Heap before GC invocations=811 (full 3):
 PSYoungGen      total 4608K, used 4287K [0x00000000d5580000, 0x00000000d5f00000, 0x0000000100000000)
  eden space 3584K, 99% used [0x00000000d5580000,0x00000000d58fffe8,0x00000000d5900000)
  from space 1024K, 68% used [0x00000000d5900000,0x00000000d59b0000,0x00000000d5a00000)
  to   space 2560K, 0% used [0x00000000d5c80000,0x00000000d5c80000,0x00000000d5f00000)
 ParOldGen       total 717824K, used 717441K [0x0000000080000000, 0x00000000abd00000, 0x00000000d5580000)
  object space 717824K, 99% used [0x0000000080000000,0x00000000abca04b0,0x00000000abd00000)
 Metaspace       used 72846K, committed 74368K, reserved 1179648K
  class space    used 7797K, committed 8448K, reserved 1048576K
}
Event: 851.139 GC heap after
{Heap after GC invocations=811 (full 3):
 PSYoungGen      total 4608K, used 862K [0x00000000d5580000, 0x00000000d5d80000, 0x0000000100000000)
  eden space 3584K, 0% used [0x00000000d5580000,0x00000000d5580000,0x00000000d5900000)
  from space 1024K, 84% used [0x00000000d5c80000,0x00000000d5d578d0,0x00000000d5d80000)
  to   space 1536K, 0% used [0x00000000d5a80000,0x00000000d5a80000,0x00000000d5c00000)
 ParOldGen       total 718336K, used 718057K [0x0000000080000000, 0x00000000abd80000, 0x00000000d5580000)
  object space 718336K, 99% used [0x0000000080000000,0x00000000abd3a4b0,0x00000000abd80000)
 Metaspace       used 72846K, committed 74368K, reserved 1179648K
  class space    used 7797K, committed 8448K, reserved 1048576K
}
Event: 851.178 GC heap before
{Heap before GC invocations=812 (full 3):
 PSYoungGen      total 4608K, used 4446K [0x00000000d5580000, 0x00000000d5d80000, 0x0000000100000000)
  eden space 3584K, 100% used [0x00000000d5580000,0x00000000d5900000,0x00000000d5900000)
  from space 1024K, 84% used [0x00000000d5c80000,0x00000000d5d578d0,0x00000000d5d80000)
  to   space 1536K, 0% used [0x00000000d5a80000,0x00000000d5a80000,0x00000000d5c00000)
 ParOldGen       total 718336K, used 718057K [0x0000000080000000, 0x00000000abd80000, 0x00000000d5580000)
  object space 718336K, 99% used [0x0000000080000000,0x00000000abd3a4b0,0x00000000abd80000)
 Metaspace       used 72905K, committed 74496K, reserved 1179648K
  class space    used 7801K, committed 8512K, reserved 1048576K
}
Event: 851.182 GC heap after
{Heap after GC invocations=812 (full 3):
 PSYoungGen      total 5120K, used 1522K [0x00000000d5580000, 0x00000000d5f00000, 0x0000000100000000)
  eden space 3584K, 0% used [0x00000000d5580000,0x00000000d5580000,0x00000000d5900000)
  from space 1536K, 99% used [0x00000000d5a80000,0x00000000d5bfcb70,0x00000000d5c00000)
  to   space 3072K, 0% used [0x00000000d5c00000,0x00000000d5c00000,0x00000000d5f00000)
 ParOldGen       total 718848K, used 718839K [0x0000000080000000, 0x00000000abe00000, 0x00000000d5580000)
  object space 718848K, 99% used [0x0000000080000000,0x00000000abdfdd60,0x00000000abe00000)
 Metaspace       used 72905K, committed 74496K, reserved 1179648K
  class space    used 7801K, committed 8512K, reserved 1048576K
}
Event: 851.216 GC heap before
{Heap before GC invocations=813 (full 3):
 PSYoungGen      total 5120K, used 5106K [0x00000000d5580000, 0x00000000d5f00000, 0x0000000100000000)
  eden space 3584K, 100% used [0x00000000d5580000,0x00000000d5900000,0x00000000d5900000)
  from space 1536K, 99% used [0x00000000d5a80000,0x00000000d5bfcb70,0x00000000d5c00000)
  to   space 3072K, 0% used [0x00000000d5c00000,0x00000000d5c00000,0x00000000d5f00000)
 ParOldGen       total 718848K, used 718839K [0x0000000080000000, 0x00000000abe00000, 0x00000000d5580000)
  object space 718848K, 99% used [0x0000000080000000,0x00000000abdfdd60,0x00000000abe00000)
 Metaspace       used 72917K, committed 74496K, reserved 1179648K
  class space    used 7802K, committed 8512K, reserved 1048576K
}
Event: 851.219 GC heap after
{Heap after GC invocations=813 (full 3):
 PSYoungGen      total 6656K, used 2873K [0x00000000d5580000, 0x00000000d5f00000, 0x0000000100000000)
  eden space 3584K, 0% used [0x00000000d5580000,0x00000000d5580000,0x00000000d5900000)
  from space 3072K, 93% used [0x00000000d5c00000,0x00000000d5ece660,0x00000000d5f00000)
  to   space 3072K, 0% used [0x00000000d5900000,0x00000000d5900000,0x00000000d5c00000)
 ParOldGen       total 720384K, used 720345K [0x0000000080000000, 0x00000000abf80000, 0x00000000d5580000)
  object space 720384K, 99% used [0x0000000080000000,0x00000000abf76470,0x00000000abf80000)
 Metaspace       used 72917K, committed 74496K, reserved 1179648K
  class space    used 7802K, committed 8512K, reserved 1048576K
}
Event: 851.241 GC heap before
{Heap before GC invocations=814 (full 3):
 PSYoungGen      total 6656K, used 6457K [0x00000000d5580000, 0x00000000d5f00000, 0x0000000100000000)
  eden space 3584K, 100% used [0x00000000d5580000,0x00000000d5900000,0x00000000d5900000)
  from space 3072K, 93% used [0x00000000d5c00000,0x00000000d5ece660,0x00000000d5f00000)
  to   space 3072K, 0% used [0x00000000d5900000,0x00000000d5900000,0x00000000d5c00000)
 ParOldGen       total 720384K, used 720345K [0x0000000080000000, 0x00000000abf80000, 0x00000000d5580000)
  object space 720384K, 99% used [0x0000000080000000,0x00000000abf76470,0x00000000abf80000)
 Metaspace       used 72926K, committed 74496K, reserved 1179648K
  class space    used 7802K, committed 8512K, reserved 1048576K
}
Event: 851.245 GC heap after
{Heap after GC invocations=814 (full 3):
 PSYoungGen      total 6144K, used 2349K [0x00000000d5580000, 0x00000000d5e00000, 0x0000000100000000)
  eden space 3584K, 0% used [0x00000000d5580000,0x00000000d5580000,0x00000000d5900000)
  from space 2560K, 91% used [0x00000000d5900000,0x00000000d5b4b5d0,0x00000000d5b80000)
  to   space 2560K, 0% used [0x00000000d5b80000,0x00000000d5b80000,0x00000000d5e00000)
 ParOldGen       total 723456K, used 723049K [0x0000000080000000, 0x00000000ac280000, 0x00000000d5580000)
  object space 723456K, 99% used [0x0000000080000000,0x00000000ac21a6a8,0x00000000ac280000)
 Metaspace       used 72926K, committed 74496K, reserved 1179648K
  class space    used 7802K, committed 8512K, reserved 1048576K
}
Event: 851.264 GC heap before
{Heap before GC invocations=815 (full 3):
 PSYoungGen      total 6144K, used 5933K [0x00000000d5580000, 0x00000000d5e00000, 0x0000000100000000)
  eden space 3584K, 100% used [0x00000000d5580000,0x00000000d5900000,0x00000000d5900000)
  from space 2560K, 91% used [0x00000000d5900000,0x00000000d5b4b5d0,0x00000000d5b80000)
  to   space 2560K, 0% used [0x00000000d5b80000,0x00000000d5b80000,0x00000000d5e00000)
 ParOldGen       total 723456K, used 723049K [0x0000000080000000, 0x00000000ac280000, 0x00000000d5580000)
  object space 723456K, 99% used [0x0000000080000000,0x00000000ac21a6a8,0x00000000ac280000)
 Metaspace       used 72937K, committed 74496K, reserved 1179648K
  class space    used 7802K, committed 8512K, reserved 1048576K
}
Event: 851.267 GC heap after
{Heap after GC invocations=815 (full 3):
 PSYoungGen      total 4608K, used 608K [0x00000000d5580000, 0x00000000d5c80000, 0x0000000100000000)
  eden space 3584K, 0% used [0x00000000d5580000,0x00000000d5580000,0x00000000d5900000)
  from space 1024K, 59% used [0x00000000d5b80000,0x00000000d5c18000,0x00000000d5c80000)
  to   space 1536K, 0% used [0x00000000d5980000,0x00000000d5980000,0x00000000d5b00000)
 ParOldGen       total 725504K, used 725205K [0x0000000080000000, 0x00000000ac480000, 0x00000000d5580000)
  object space 725504K, 99% used [0x0000000080000000,0x00000000ac435568,0x00000000ac480000)
 Metaspace       used 72937K, committed 74496K, reserved 1179648K
  class space    used 7802K, committed 8512K, reserved 1048576K
}
Event: 851.297 GC heap before
{Heap before GC invocations=816 (full 3):
 PSYoungGen      total 4608K, used 4183K [0x00000000d5580000, 0x00000000d5c80000, 0x0000000100000000)
  eden space 3584K, 99% used [0x00000000d5580000,0x00000000d58fded8,0x00000000d5900000)
  from space 1024K, 59% used [0x00000000d5b80000,0x00000000d5c18000,0x00000000d5c80000)
  to   space 1536K, 0% used [0x00000000d5980000,0x00000000d5980000,0x00000000d5b00000)
 ParOldGen       total 725504K, used 725205K [0x0000000080000000, 0x00000000ac480000, 0x00000000d5580000)
  object space 725504K, 99% used [0x0000000080000000,0x00000000ac435568,0x00000000ac480000)
 Metaspace       used 72958K, committed 74560K, reserved 1179648K
  class space    used 7802K, committed 8512K, reserved 1048576K
}
Event: 851.299 GC heap after
{Heap after GC invocations=816 (full 3):
 PSYoungGen      total 4608K, used 1017K [0x00000000d5580000, 0x00000000d5c00000, 0x0000000100000000)
  eden space 3584K, 0% used [0x00000000d5580000,0x00000000d5580000,0x00000000d5900000)
  from space 1024K, 99% used [0x00000000d5980000,0x00000000d5a7e4a0,0x00000000d5a80000)
  to   space 1536K, 0% used [0x00000000d5a80000,0x00000000d5a80000,0x00000000d5c00000)
 ParOldGen       total 726016K, used 725659K [0x0000000080000000, 0x00000000ac500000, 0x00000000d5580000)
  object space 726016K, 99% used [0x0000000080000000,0x00000000ac4a6d68,0x00000000ac500000)
 Metaspace       used 72958K, committed 74560K, reserved 1179648K
  class space    used 7802K, committed 8512K, reserved 1048576K
}
Event: 851.329 GC heap before
{Heap before GC invocations=817 (full 3):
 PSYoungGen      total 4608K, used 4601K [0x00000000d5580000, 0x00000000d5c00000, 0x0000000100000000)
  eden space 3584K, 100% used [0x00000000d5580000,0x00000000d5900000,0x00000000d5900000)
  from space 1024K, 99% used [0x00000000d5980000,0x00000000d5a7e4a0,0x00000000d5a80000)
  to   space 1536K, 0% used [0x00000000d5a80000,0x00000000d5a80000,0x00000000d5c00000)
 ParOldGen       total 726016K, used 725659K [0x0000000080000000, 0x00000000ac500000, 0x00000000d5580000)
  object space 726016K, 99% used [0x0000000080000000,0x00000000ac4a6d68,0x00000000ac500000)
 Metaspace       used 72991K, committed 74560K, reserved 1179648K
  class space    used 7803K, committed 8512K, reserved 1048576K
}
Event: 852.341 GC heap after
{Heap after GC invocations=817 (full 3):
 PSYoungGen      total 5632K, used 832K [0x00000000d5580000, 0x00000000d5c00000, 0x0000000100000000)
  eden space 4096K, 0% used [0x00000000d5580000,0x00000000d5580000,0x00000000d5980000)
  from space 1536K, 54% used [0x00000000d5a80000,0x00000000d5b50000,0x00000000d5c00000)
  to   space 1024K, 0% used [0x00000000d5980000,0x00000000d5980000,0x00000000d5a80000)
 ParOldGen       total 726528K, used 726213K [0x0000000080000000, 0x00000000ac580000, 0x00000000d5580000)
  object space 726528K, 99% used [0x0000000080000000,0x00000000ac531658,0x00000000ac580000)
 Metaspace       used 72991K, committed 74560K, reserved 1179648K
  class space    used 7803K, committed 8512K, reserved 1048576K
}

