# JRE version: OpenJDK Runtime Environment Temurin-21.0.11+10 (21.0.11+10) (build 21.0.11+10-LTS)
# Java VM: OpenJDK 64-Bit Server VM Temurin-21.0.11+10 (21.0.11+10-LTS, mixed mode, sharing, tiered, compressed oops, compressed class ptrs, parallel gc, windows-amd64)
GC Precious Log:
 CardTable entry size: 512
 CPUs: 12 total, 12 available
 Memory: 7863M
 Large Page Support: Disabled
 NUMA Support: Disabled
 Compressed Oops: Enabled (32-bit)
 Alignments: Space 512K, Generation 512K, Heap 2M
 Heap Min Capacity: 100M
 Heap Initial Capacity: 100M
 Heap Max Capacity: 2G
 Pre-touch: Disabled
 Parallel Workers: 10
Heap:
 PSYoungGen      total 2048K, used 2034K [0x00000000d5580000, 0x00000000d5d00000, 0x0000000100000000)
  eden space 1024K, 100% used [0x00000000d5580000,0x00000000d5680000,0x00000000d5680000)
  from space 1024K, 98% used [0x00000000d5900000,0x00000000d59fc808,0x00000000d5a00000)
  to   space 2560K, 18% used [0x00000000d5680000,0x00000000d56f4808,0x00000000d5900000)
 ParOldGen       total 694784K, used 694343K [0x0000000080000000, 0x00000000aa680000, 0x00000000d5580000)
  object space 694784K, 99% used [0x0000000080000000,0x00000000aa611cc8,0x00000000aa680000)
 Metaspace       used 71344K, committed 72960K, reserved 1114112K
  class space    used 7617K, committed 8320K, reserved 1048576K
GC Heap History (20 events):
Event: 50.972 GC heap before
{Heap before GC invocations=840 (full 3):
 PSYoungGen      total 5632K, used 5601K [0x00000000d5580000, 0x00000000d6580000, 0x0000000100000000)
  eden space 2560K, 99% used [0x00000000d5580000,0x00000000d57ffff8,0x00000000d5800000)
  from space 3072K, 99% used [0x00000000d5d80000,0x00000000d6078618,0x00000000d6080000)
  to   space 5632K, 0% used [0x00000000d5800000,0x00000000d5800000,0x00000000d5d80000)
 ParOldGen       total 679936K, used 679507K [0x0000000080000000, 0x00000000a9800000, 0x00000000d5580000)
  object space 679936K, 99% used [0x0000000080000000,0x00000000a9794dc0,0x00000000a9800000)
 Metaspace       used 71339K, committed 72960K, reserved 1114112K
  class space    used 7617K, committed 8320K, reserved 1048576K
}
Event: 50.976 GC heap after
{Heap after GC invocations=840 (full 3):
 PSYoungGen      total 4096K, used 1233K [0x00000000d5580000, 0x00000000d5e00000, 0x0000000100000000)
  eden space 2560K, 0% used [0x00000000d5580000,0x00000000d5580000,0x00000000d5800000)
  from space 1536K, 80% used [0x00000000d5800000,0x00000000d59345e0,0x00000000d5980000)
  to   space 3072K, 0% used [0x00000000d5b00000,0x00000000d5b00000,0x00000000d5e00000)
 ParOldGen       total 682496K, used 682389K [0x0000000080000000, 0x00000000a9a80000, 0x00000000d5580000)
  object space 682496K, 99% used [0x0000000080000000,0x00000000a9a655f0,0x00000000a9a80000)
 Metaspace       used 71339K, committed 72960K, reserved 1114112K
  class space    used 7617K, committed 8320K, reserved 1048576K
}
Event: 50.987 GC heap before
{Heap before GC invocations=841 (full 3):
 PSYoungGen      total 4096K, used 3793K [0x00000000d5580000, 0x00000000d5e00000, 0x0000000100000000)
  eden space 2560K, 100% used [0x00000000d5580000,0x00000000d5800000,0x00000000d5800000)
  from space 1536K, 80% used [0x00000000d5800000,0x00000000d59345e0,0x00000000d5980000)
  to   space 3072K, 0% used [0x00000000d5b00000,0x00000000d5b00000,0x00000000d5e00000)
 ParOldGen       total 682496K, used 682389K [0x0000000080000000, 0x00000000a9a80000, 0x00000000d5580000)
  object space 682496K, 99% used [0x0000000080000000,0x00000000a9a655f0,0x00000000a9a80000)
 Metaspace       used 71340K, committed 72960K, reserved 1114112K
  class space    used 7617K, committed 8320K, reserved 1048576K
}
Event: 50.990 GC heap after
{Heap after GC invocations=841 (full 3):
 PSYoungGen      total 4608K, used 1747K [0x00000000d5580000, 0x00000000d5d00000, 0x0000000100000000)
  eden space 2560K, 0% used [0x00000000d5580000,0x00000000d5580000,0x00000000d5800000)
  from space 2048K, 85% used [0x00000000d5b00000,0x00000000d5cb4d78,0x00000000d5d00000)
  to   space 2048K, 0% used [0x00000000d5900000,0x00000000d5900000,0x00000000d5b00000)
 ParOldGen       total 683520K, used 683365K [0x0000000080000000, 0x00000000a9b80000, 0x00000000d5580000)
  object space 683520K, 99% used [0x0000000080000000,0x00000000a9b59608,0x00000000a9b80000)
 Metaspace       used 71340K, committed 72960K, reserved 1114112K
  class space    used 7617K, committed 8320K, reserved 1048576K
}
Event: 51.016 GC heap before
{Heap before GC invocations=842 (full 3):
 PSYoungGen      total 4608K, used 4307K [0x00000000d5580000, 0x00000000d5d00000, 0x0000000100000000)
  eden space 2560K, 100% used [0x00000000d5580000,0x00000000d5800000,0x00000000d5800000)
  from space 2048K, 85% used [0x00000000d5b00000,0x00000000d5cb4d78,0x00000000d5d00000)
  to   space 2048K, 0% used [0x00000000d5900000,0x00000000d5900000,0x00000000d5b00000)
 ParOldGen       total 683520K, used 683365K [0x0000000080000000, 0x00000000a9b80000, 0x00000000d5580000)
  object space 683520K, 99% used [0x0000000080000000,0x00000000a9b59608,0x00000000a9b80000)
 Metaspace       used 71344K, committed 72960K, reserved 1114112K
  class space    used 7617K, committed 8320K, reserved 1048576K
}
Event: 51.018 GC heap after
{Heap after GC invocations=842 (full 3):
 PSYoungGen      total 3584K, used 900K [0x00000000d5580000, 0x00000000d5b80000, 0x0000000100000000)
  eden space 2560K, 0% used [0x00000000d5580000,0x00000000d5580000,0x00000000d5800000)
  from space 1024K, 87% used [0x00000000d5900000,0x00000000d59e1008,0x00000000d5a00000)
  to   space 1536K, 0% used [0x00000000d5a00000,0x00000000d5a00000,0x00000000d5b80000)
 ParOldGen       total 684544K, used 684464K [0x0000000080000000, 0x00000000a9c80000, 0x00000000d5580000)
  object space 684544K, 99% used [0x0000000080000000,0x00000000a9c6c068,0x00000000a9c80000)
 Metaspace       used 71344K, committed 72960K, reserved 1114112K
  class space    used 7617K, committed 8320K, reserved 1048576K
}
Event: 51.031 GC heap before
{Heap before GC invocations=843 (full 3):
 PSYoungGen      total 3584K, used 3460K [0x00000000d5580000, 0x00000000d5b80000, 0x0000000100000000)
  eden space 2560K, 100% used [0x00000000d5580000,0x00000000d5800000,0x00000000d5800000)
  from space 1024K, 87% used [0x00000000d5900000,0x00000000d59e1008,0x00000000d5a00000)
  to   space 1536K, 0% used [0x00000000d5a00000,0x00000000d5a00000,0x00000000d5b80000)
 ParOldGen       total 684544K, used 684464K [0x0000000080000000, 0x00000000a9c80000, 0x00000000d5580000)
  object space 684544K, 99% used [0x0000000080000000,0x00000000a9c6c068,0x00000000a9c80000)
 Metaspace       used 71344K, committed 72960K, reserved 1114112K
  class space    used 7617K, committed 8320K, reserved 1048576K
}
Event: 51.033 GC heap after
{Heap after GC invocations=843 (full 3):
 PSYoungGen      total 4096K, used 1248K [0x00000000d5580000, 0x00000000d5b80000, 0x0000000100000000)
  eden space 2560K, 0% used [0x00000000d5580000,0x00000000d5580000,0x00000000d5800000)
  from space 1536K, 81% used [0x00000000d5a00000,0x00000000d5b38000,0x00000000d5b80000)
  to   space 1536K, 0% used [0x00000000d5880000,0x00000000d5880000,0x00000000d5a00000)
 ParOldGen       total 685568K, used 685154K [0x0000000080000000, 0x00000000a9d80000, 0x00000000d5580000)
  object space 685568K, 99% used [0x0000000080000000,0x00000000a9d18a30,0x00000000a9d80000)
 Metaspace       used 71344K, committed 72960K, reserved 1114112K
  class space    used 7617K, committed 8320K, reserved 1048576K
}
Event: 51.051 GC heap before
{Heap before GC invocations=844 (full 3):
 PSYoungGen      total 4096K, used 3808K [0x00000000d5580000, 0x00000000d5b80000, 0x0000000100000000)
  eden space 2560K, 100% used [0x00000000d5580000,0x00000000d5800000,0x00000000d5800000)
  from space 1536K, 81% used [0x00000000d5a00000,0x00000000d5b38000,0x00000000d5b80000)
  to   space 1536K, 0% used [0x00000000d5880000,0x00000000d5880000,0x00000000d5a00000)
 ParOldGen       total 685568K, used 685154K [0x0000000080000000, 0x00000000a9d80000, 0x00000000d5580000)
  object space 685568K, 99% used [0x0000000080000000,0x00000000a9d18a30,0x00000000a9d80000)
 Metaspace       used 71344K, committed 72960K, reserved 1114112K
  class space    used 7617K, committed 8320K, reserved 1048576K
}
Event: 51.053 GC heap after
{Heap after GC invocations=844 (full 3):
 PSYoungGen      total 3584K, used 946K [0x00000000d5580000, 0x00000000d5b00000, 0x0000000100000000)
  eden space 2560K, 0% used [0x00000000d5580000,0x00000000d5580000,0x00000000d5800000)
  from space 1024K, 92% used [0x00000000d5880000,0x00000000d596c808,0x00000000d5980000)
  to   space 1536K, 0% used [0x00000000d5980000,0x00000000d5980000,0x00000000d5b00000)
 ParOldGen       total 686080K, used 685917K [0x0000000080000000, 0x00000000a9e00000, 0x00000000d5580000)
  object space 686080K, 99% used [0x0000000080000000,0x00000000a9dd7698,0x00000000a9e00000)
 Metaspace       used 71344K, committed 72960K, reserved 1114112K
  class space    used 7617K, committed 8320K, reserved 1048576K
}
Event: 51.076 GC heap before
{Heap before GC invocations=845 (full 3):
 PSYoungGen      total 3584K, used 3506K [0x00000000d5580000, 0x00000000d5b00000, 0x0000000100000000)
  eden space 2560K, 100% used [0x00000000d5580000,0x00000000d5800000,0x00000000d5800000)
  from space 1024K, 92% used [0x00000000d5880000,0x00000000d596c808,0x00000000d5980000)
  to   space 1536K, 0% used [0x00000000d5980000,0x00000000d5980000,0x00000000d5b00000)
 ParOldGen       total 686080K, used 685917K [0x0000000080000000, 0x00000000a9e00000, 0x00000000d5580000)
  object space 686080K, 99% used [0x0000000080000000,0x00000000a9dd7698,0x00000000a9e00000)
 Metaspace       used 71344K, committed 72960K, reserved 1114112K
  class space    used 7617K, committed 8320K, reserved 1048576K
}
Event: 51.078 GC heap after
{Heap after GC invocations=845 (full 3):
 PSYoungGen      total 3584K, used 896K [0x00000000d5580000, 0x00000000d5a80000, 0x0000000100000000)
  eden space 2560K, 0% used [0x00000000d5580000,0x00000000d5580000,0x00000000d5800000)
  from space 1024K, 87% used [0x00000000d5980000,0x00000000d5a60000,0x00000000d5a80000)
  to   space 1024K, 0% used [0x00000000d5880000,0x00000000d5880000,0x00000000d5980000)
 ParOldGen       total 687104K, used 686719K [0x0000000080000000, 0x00000000a9f00000, 0x00000000d5580000)
  object space 687104K, 99% used [0x0000000080000000,0x00000000a9e9fc68,0x00000000a9f00000)
 Metaspace       used 71344K, committed 72960K, reserved 1114112K
  class space    used 7617K, committed 8320K, reserved 1048576K
}
Event: 51.083 GC heap before
{Heap before GC invocations=846 (full 3):
 PSYoungGen      total 3584K, used 3456K [0x00000000d5580000, 0x00000000d5a80000, 0x0000000100000000)
  eden space 2560K, 100% used [0x00000000d5580000,0x00000000d5800000,0x00000000d5800000)
  from space 1024K, 87% used [0x00000000d5980000,0x00000000d5a60000,0x00000000d5a80000)
  to   space 1024K, 0% used [0x00000000d5880000,0x00000000d5880000,0x00000000d5980000)
 ParOldGen       total 687104K, used 686719K [0x0000000080000000, 0x00000000a9f00000, 0x00000000d5580000)
  object space 687104K, 99% used [0x0000000080000000,0x00000000a9e9fc68,0x00000000a9f00000)
 Metaspace       used 71344K, committed 72960K, reserved 1114112K
  class space    used 7617K, committed 8320K, reserved 1048576K
}
Event: 51.086 GC heap after
{Heap after GC invocations=846 (full 3):
 PSYoungGen      total 3584K, used 1013K [0x00000000d5580000, 0x00000000d5d00000, 0x0000000100000000)
  eden space 2560K, 0% used [0x00000000d5580000,0x00000000d5580000,0x00000000d5800000)
  from space 1024K, 98% used [0x00000000d5880000,0x00000000d597d6d8,0x00000000d5980000)
  to   space 2560K, 0% used [0x00000000d5a80000,0x00000000d5a80000,0x00000000d5d00000)
 ParOldGen       total 688128K, used 687863K [0x0000000080000000, 0x00000000aa000000, 0x00000000d5580000)
  object space 688128K, 99% used [0x0000000080000000,0x00000000a9fbdd58,0x00000000aa000000)
 Metaspace       used 71344K, committed 72960K, reserved 1114112K
  class space    used 7617K, committed 8320K, reserved 1048576K
}
Event: 51.095 GC heap before
{Heap before GC invocations=847 (full 3):
 PSYoungGen      total 3584K, used 3573K [0x00000000d5580000, 0x00000000d5d00000, 0x0000000100000000)
  eden space 2560K, 100% used [0x00000000d5580000,0x00000000d5800000,0x00000000d5800000)
  from space 1024K, 98% used [0x00000000d5880000,0x00000000d597d6d8,0x00000000d5980000)
  to   space 2560K, 0% used [0x00000000d5a80000,0x00000000d5a80000,0x00000000d5d00000)
 ParOldGen       total 688128K, used 687863K [0x0000000080000000, 0x00000000aa000000, 0x00000000d5580000)
  object space 688128K, 99% used [0x0000000080000000,0x00000000a9fbdd58,0x00000000aa000000)
 Metaspace       used 71344K, committed 72960K, reserved 1114112K
  class space    used 7617K, committed 8320K, reserved 1048576K
}
Event: 51.098 GC heap after
{Heap after GC invocations=847 (full 3):
 PSYoungGen      total 5120K, used 2072K [0x00000000d5580000, 0x00000000d5d00000, 0x0000000100000000)
  eden space 2560K, 0% used [0x00000000d5580000,0x00000000d5580000,0x00000000d5800000)
  from space 2560K, 80% used [0x00000000d5a80000,0x00000000d5c86340,0x00000000d5d00000)
  to   space 2560K, 0% used [0x00000000d5800000,0x00000000d5800000,0x00000000d5a80000)
 ParOldGen       total 689152K, used 688859K [0x0000000080000000, 0x00000000aa100000, 0x00000000d5580000)
  object space 689152K, 99% used [0x0000000080000000,0x00000000aa0b6f18,0x00000000aa100000)
 Metaspace       used 71344K, committed 72960K, reserved 1114112K
  class space    used 7617K, committed 8320K, reserved 1048576K
}
Event: 51.143 GC heap before
{Heap before GC invocations=848 (full 3):
 PSYoungGen      total 5120K, used 4632K [0x00000000d5580000, 0x00000000d5d00000, 0x0000000100000000)
  eden space 2560K, 100% used [0x00000000d5580000,0x00000000d5800000,0x00000000d5800000)
  from space 2560K, 80% used [0x00000000d5a80000,0x00000000d5c86340,0x00000000d5d00000)
  to   space 2560K, 0% used [0x00000000d5800000,0x00000000d5800000,0x00000000d5a80000)
 ParOldGen       total 689152K, used 688859K [0x0000000080000000, 0x00000000aa100000, 0x00000000d5580000)
  object space 689152K, 99% used [0x0000000080000000,0x00000000aa0b6f18,0x00000000aa100000)
 Metaspace       used 71344K, committed 72960K, reserved 1114112K
  class space    used 7617K, committed 8320K, reserved 1048576K
}
Event: 51.146 GC heap after
{Heap after GC invocations=848 (full 3):
 PSYoungGen      total 4096K, used 1174K [0x00000000d5580000, 0x00000000d5b00000, 0x0000000100000000)
  eden space 2560K, 0% used [0x00000000d5580000,0x00000000d5580000,0x00000000d5800000)
  from space 1536K, 76% used [0x00000000d5800000,0x00000000d5925b70,0x00000000d5980000)
  to   space 1536K, 0% used [0x00000000d5980000,0x00000000d5980000,0x00000000d5b00000)
 ParOldGen       total 691200K, used 690792K [0x0000000080000000, 0x00000000aa300000, 0x00000000d5580000)
  object space 691200K, 99% used [0x0000000080000000,0x00000000aa29a130,0x00000000aa300000)
 Metaspace       used 71344K, committed 72960K, reserved 1114112K
  class space    used 7617K, committed 8320K, reserved 1048576K
}
Event: 51.195 GC heap before
{Heap before GC invocations=849 (full 3):
 PSYoungGen      total 4096K, used 3734K [0x00000000d5580000, 0x00000000d5b00000, 0x0000000100000000)
  eden space 2560K, 99% used [0x00000000d5580000,0x00000000d57ffff0,0x00000000d5800000)
  from space 1536K, 76% used [0x00000000d5800000,0x00000000d5925b70,0x00000000d5980000)
  to   space 1536K, 0% used [0x00000000d5980000,0x00000000d5980000,0x00000000d5b00000)
 ParOldGen       total 691200K, used 690792K [0x0000000080000000, 0x00000000aa300000, 0x00000000d5580000)
  object space 691200K, 99% used [0x0000000080000000,0x00000000aa29a130,0x00000000aa300000)
 Metaspace       used 71344K, committed 72960K, reserved 1114112K
  class space    used 7617K, committed 8320K, reserved 1048576K
}
Event: 51.197 GC heap after
{Heap after GC invocations=849 (full 3):
 PSYoungGen      total 4096K, used 1056K [0x00000000d5580000, 0x00000000d5b00000, 0x0000000100000000)
  eden space 2560K, 0% used [0x00000000d5580000,0x00000000d5580000,0x00000000d5800000)
  from space 1536K, 68% used [0x00000000d5980000,0x00000000d5a88000,0x00000000d5b00000)
  to   space 1536K, 0% used [0x00000000d5800000,0x00000000d5800000,0x00000000d5980000)
 ParOldGen       total 692224K, used 691729K [0x0000000080000000, 0x00000000aa400000, 0x00000000d5580000)
  object space 692224K, 99% used [0x0000000080000000,0x00000000aa384508,0x00000000aa400000)
 Metaspace       used 71344K, committed 72960K, reserved 1114112K
  class space    used 7617K, committed 8320K, reserved 1048576K
}

