# JRE version: OpenJDK Runtime Environment Temurin-21.0.11+10 (21.0.11+10) (build 21.0.11+10-LTS)
# Java VM: OpenJDK 64-Bit Server VM Temurin-21.0.11+10 (21.0.11+10-LTS, mixed mode, sharing, tiered, compressed oops, compressed class ptrs, parallel gc, windows-amd64)
GC Precious Log:
 CardTable entry size: 512
 CPUs: 12 total, 12 available
 Memory: 7863M
 Large Page Support: Disabled
 NUMA Support: Disabled
 Compressed Oops: Enabled (32-bit)
 Alignments: Space 512K, Generation 512K, Heap 2M
 Heap Min Capacity: 100M
 Heap Initial Capacity: 100M
 Heap Max Capacity: 2G
 Pre-touch: Disabled
 Parallel Workers: 10
Heap:
 PSYoungGen      total 3072K, used 1599K [0x00000000d5580000, 0x00000000d5a80000, 0x0000000100000000)
  eden space 1536K, 35% used [0x00000000d5580000,0x00000000d5607ca8,0x00000000d5700000)
  from space 1536K, 68% used [0x00000000d5900000,0x00000000d5a08010,0x00000000d5a80000)
  to   space 1536K, 0% used [0x00000000d5780000,0x00000000d5780000,0x00000000d5900000)
 ParOldGen       total 415232K, used 415227K [0x0000000080000000, 0x0000000099580000, 0x00000000d5580000)
  object space 415232K, 99% used [0x0000000080000000,0x000000009957ef00,0x0000000099580000)
 Metaspace       used 71365K, committed 72960K, reserved 1114112K
  class space    used 7612K, committed 8384K, reserved 1048576K
GC Heap History (20 events):
Event: 31.424 GC heap before
{Heap before GC invocations=380 (full 3):
 PSYoungGen      total 2048K, used 2004K [0x00000000d5580000, 0x00000000d5d00000, 0x0000000100000000)
  eden space 512K, 93% used [0x00000000d5580000,0x00000000d55f8118,0x00000000d5600000)
  from space 1536K, 99% used [0x00000000d5880000,0x00000000d59fd000,0x00000000d5a00000)
  to   space 2560K, 0% used [0x00000000d5600000,0x00000000d5600000,0x00000000d5880000)
 ParOldGen       total 408064K, used 407495K [0x0000000080000000, 0x0000000098e80000, 0x00000000d5580000)
  object space 408064K, 99% used [0x0000000080000000,0x0000000098df1ed0,0x0000000098e80000)
 Metaspace       used 71318K, committed 72896K, reserved 1114112K
  class space    used 7611K, committed 8384K, reserved 1048576K
}
Event: 31.426 GC heap after
{Heap after GC invocations=380 (full 3):
 PSYoungGen      total 1024K, used 416K [0x00000000d5580000, 0x00000000d5900000, 0x0000000100000000)
  eden space 512K, 0% used [0x00000000d5580000,0x00000000d5580000,0x00000000d5600000)
  from space 512K, 81% used [0x00000000d5600000,0x00000000d5668000,0x00000000d5680000)
  to   space 1536K, 0% used [0x00000000d5780000,0x00000000d5780000,0x00000000d5900000)
 ParOldGen       total 409088K, used 408939K [0x0000000080000000, 0x0000000098f80000, 0x00000000d5580000)
  object space 409088K, 99% used [0x0000000080000000,0x0000000098f5aed0,0x0000000098f80000)
 Metaspace       used 71318K, committed 72896K, reserved 1114112K
  class space    used 7611K, committed 8384K, reserved 1048576K
}
Event: 31.433 GC heap before
{Heap before GC invocations=381 (full 3):
 PSYoungGen      total 1024K, used 928K [0x00000000d5580000, 0x00000000d5900000, 0x0000000100000000)
  eden space 512K, 100% used [0x00000000d5580000,0x00000000d5600000,0x00000000d5600000)
  from space 512K, 81% used [0x00000000d5600000,0x00000000d5668000,0x00000000d5680000)
  to   space 1536K, 0% used [0x00000000d5780000,0x00000000d5780000,0x00000000d5900000)
 ParOldGen       total 409088K, used 408939K [0x0000000080000000, 0x0000000098f80000, 0x00000000d5580000)
  object space 409088K, 99% used [0x0000000080000000,0x0000000098f5aed0,0x0000000098f80000)
 Metaspace       used 71318K, committed 72896K, reserved 1114112K
  class space    used 7611K, committed 8384K, reserved 1048576K
}
Event: 31.435 GC heap after
{Heap after GC invocations=381 (full 3):
 PSYoungGen      total 1024K, used 480K [0x00000000d5580000, 0x00000000d5800000, 0x0000000100000000)
  eden space 512K, 0% used [0x00000000d5580000,0x00000000d5580000,0x00000000d5600000)
  from space 512K, 93% used [0x00000000d5780000,0x00000000d57f8000,0x00000000d5800000)
  to   space 1024K, 0% used [0x00000000d5600000,0x00000000d5600000,0x00000000d5700000)
 ParOldGen       total 409600K, used 409267K [0x0000000080000000, 0x0000000099000000, 0x00000000d5580000)
  object space 409600K, 99% used [0x0000000080000000,0x0000000098faced0,0x0000000099000000)
 Metaspace       used 71318K, committed 72896K, reserved 1114112K
  class space    used 7611K, committed 8384K, reserved 1048576K
}
Event: 31.445 GC heap before
{Heap before GC invocations=382 (full 3):
 PSYoungGen      total 1024K, used 991K [0x00000000d5580000, 0x00000000d5800000, 0x0000000100000000)
  eden space 512K, 99% used [0x00000000d5580000,0x00000000d55ffda0,0x00000000d5600000)
  from space 512K, 93% used [0x00000000d5780000,0x00000000d57f8000,0x00000000d5800000)
  to   space 1024K, 0% used [0x00000000d5600000,0x00000000d5600000,0x00000000d5700000)
 ParOldGen       total 409600K, used 409267K [0x0000000080000000, 0x0000000099000000, 0x00000000d5580000)
  object space 409600K, 99% used [0x0000000080000000,0x0000000098faced0,0x0000000099000000)
 Metaspace       used 71318K, committed 72896K, reserved 1114112K
  class space    used 7611K, committed 8384K, reserved 1048576K
}
Event: 31.448 GC heap after
{Heap after GC invocations=382 (full 3):
 PSYoungGen      total 1536K, used 384K [0x00000000d5580000, 0x00000000d5800000, 0x0000000100000000)
  eden space 512K, 0% used [0x00000000d5580000,0x00000000d5580000,0x00000000d5600000)
  from space 1024K, 37% used [0x00000000d5600000,0x00000000d5660000,0x00000000d5700000)
  to   space 512K, 0% used [0x00000000d5780000,0x00000000d5780000,0x00000000d5800000)
 ParOldGen       total 410112K, used 409603K [0x0000000080000000, 0x0000000099080000, 0x00000000d5580000)
  object space 410112K, 99% used [0x0000000080000000,0x0000000099000ed0,0x0000000099080000)
 Metaspace       used 71318K, committed 72896K, reserved 1114112K
  class space    used 7611K, committed 8384K, reserved 1048576K
}
Event: 31.456 GC heap before
{Heap before GC invocations=383 (full 3):
 PSYoungGen      total 1536K, used 896K [0x00000000d5580000, 0x00000000d5800000, 0x0000000100000000)
  eden space 512K, 100% used [0x00000000d5580000,0x00000000d5600000,0x00000000d5600000)
  from space 1024K, 37% used [0x00000000d5600000,0x00000000d5660000,0x00000000d5700000)
  to   space 512K, 0% used [0x00000000d5780000,0x00000000d5780000,0x00000000d5800000)
 ParOldGen       total 410112K, used 409603K [0x0000000080000000, 0x0000000099080000, 0x00000000d5580000)
  object space 410112K, 99% used [0x0000000080000000,0x0000000099000ed0,0x0000000099080000)
 Metaspace       used 71318K, committed 72896K, reserved 1114112K
  class space    used 7611K, committed 8384K, reserved 1048576K
}
Event: 31.458 GC heap after
{Heap after GC invocations=383 (full 3):
 PSYoungGen      total 2048K, used 416K [0x00000000d5580000, 0x00000000d5800000, 0x0000000100000000)
  eden space 1536K, 0% used [0x00000000d5580000,0x00000000d5580000,0x00000000d5700000)
  from space 512K, 81% used [0x00000000d5780000,0x00000000d57e8000,0x00000000d5800000)
  to   space 512K, 0% used [0x00000000d5700000,0x00000000d5700000,0x00000000d5780000)
 ParOldGen       total 410112K, used 409931K [0x0000000080000000, 0x0000000099080000, 0x00000000d5580000)
  object space 410112K, 99% used [0x0000000080000000,0x0000000099052ed0,0x0000000099080000)
 Metaspace       used 71318K, committed 72896K, reserved 1114112K
  class space    used 7611K, committed 8384K, reserved 1048576K
}
Event: 31.481 GC heap before
{Heap before GC invocations=384 (full 3):
 PSYoungGen      total 2048K, used 1952K [0x00000000d5580000, 0x00000000d5800000, 0x0000000100000000)
  eden space 1536K, 100% used [0x00000000d5580000,0x00000000d5700000,0x00000000d5700000)
  from space 512K, 81% used [0x00000000d5780000,0x00000000d57e8000,0x00000000d5800000)
  to   space 512K, 0% used [0x00000000d5700000,0x00000000d5700000,0x00000000d5780000)
 ParOldGen       total 410112K, used 409931K [0x0000000080000000, 0x0000000099080000, 0x00000000d5580000)
  object space 410112K, 99% used [0x0000000080000000,0x0000000099052ed0,0x0000000099080000)
 Metaspace       used 71318K, committed 72896K, reserved 1114112K
  class space    used 7611K, committed 8384K, reserved 1048576K
}
Event: 31.485 GC heap after
{Heap after GC invocations=384 (full 3):
 PSYoungGen      total 2048K, used 512K [0x00000000d5580000, 0x00000000d5a00000, 0x0000000100000000)
  eden space 1536K, 0% used [0x00000000d5580000,0x00000000d5580000,0x00000000d5700000)
  from space 512K, 100% used [0x00000000d5700000,0x00000000d5780000,0x00000000d5780000)
  to   space 1536K, 0% used [0x00000000d5880000,0x00000000d5880000,0x00000000d5a00000)
 ParOldGen       total 410624K, used 410619K [0x0000000080000000, 0x0000000099100000, 0x00000000d5580000)
  object space 410624K, 99% used [0x0000000080000000,0x00000000990feed0,0x0000000099100000)
 Metaspace       used 71318K, committed 72896K, reserved 1114112K
  class space    used 7611K, committed 8384K, reserved 1048576K
}
Event: 31.595 GC heap before
{Heap before GC invocations=385 (full 3):
 PSYoungGen      total 2048K, used 2048K [0x00000000d5580000, 0x00000000d5a00000, 0x0000000100000000)
  eden space 1536K, 100% used [0x00000000d5580000,0x00000000d5700000,0x00000000d5700000)
  from space 512K, 100% used [0x00000000d5700000,0x00000000d5780000,0x00000000d5780000)
  to   space 1536K, 0% used [0x00000000d5880000,0x00000000d5880000,0x00000000d5a00000)
 ParOldGen       total 410624K, used 410619K [0x0000000080000000, 0x0000000099100000, 0x00000000d5580000)
  object space 410624K, 99% used [0x0000000080000000,0x00000000990feed0,0x0000000099100000)
 Metaspace       used 71318K, committed 72896K, reserved 1114112K
  class space    used 7611K, committed 8384K, reserved 1048576K
}
Event: 31.597 GC heap after
{Heap after GC invocations=385 (full 3):
 PSYoungGen      total 3072K, used 1376K [0x00000000d5580000, 0x00000000d5a00000, 0x0000000100000000)
  eden space 1536K, 0% used [0x00000000d5580000,0x00000000d5580000,0x00000000d5700000)
  from space 1536K, 89% used [0x00000000d5880000,0x00000000d59d8000,0x00000000d5a00000)
  to   space 1536K, 0% used [0x00000000d5700000,0x00000000d5700000,0x00000000d5880000)
 ParOldGen       total 411648K, used 411171K [0x0000000080000000, 0x0000000099200000, 0x00000000d5580000)
  object space 411648K, 99% used [0x0000000080000000,0x0000000099188ed0,0x0000000099200000)
 Metaspace       used 71318K, committed 72896K, reserved 1114112K
  class space    used 7611K, committed 8384K, reserved 1048576K
}
Event: 31.898 GC heap before
{Heap before GC invocations=386 (full 3):
 PSYoungGen      total 3072K, used 2908K [0x00000000d5580000, 0x00000000d5a00000, 0x0000000100000000)
  eden space 1536K, 99% used [0x00000000d5580000,0x00000000d56ff040,0x00000000d5700000)
  from space 1536K, 89% used [0x00000000d5880000,0x00000000d59d8000,0x00000000d5a00000)
  to   space 1536K, 0% used [0x00000000d5700000,0x00000000d5700000,0x00000000d5880000)
 ParOldGen       total 411648K, used 411171K [0x0000000080000000, 0x0000000099200000, 0x00000000d5580000)
  object space 411648K, 99% used [0x0000000080000000,0x0000000099188ed0,0x0000000099200000)
 Metaspace       used 71319K, committed 72896K, reserved 1114112K
  class space    used 7611K, committed 8384K, reserved 1048576K
}
Event: 31.904 GC heap after
{Heap after GC invocations=386 (full 3):
 PSYoungGen      total 3072K, used 1408K [0x00000000d5580000, 0x00000000d5a00000, 0x0000000100000000)
  eden space 1536K, 0% used [0x00000000d5580000,0x00000000d5580000,0x00000000d5700000)
  from space 1536K, 91% used [0x00000000d5700000,0x00000000d5860000,0x00000000d5880000)
  to   space 1536K, 0% used [0x00000000d5880000,0x00000000d5880000,0x00000000d5a00000)
 ParOldGen       total 412672K, used 412427K [0x0000000080000000, 0x0000000099300000, 0x00000000d5580000)
  object space 412672K, 99% used [0x0000000080000000,0x00000000992c2ed0,0x0000000099300000)
 Metaspace       used 71319K, committed 72896K, reserved 1114112K
  class space    used 7611K, committed 8384K, reserved 1048576K
}
Event: 31.935 GC heap before
{Heap before GC invocations=387 (full 3):
 PSYoungGen      total 3072K, used 2944K [0x00000000d5580000, 0x00000000d5a00000, 0x0000000100000000)
  eden space 1536K, 100% used [0x00000000d5580000,0x00000000d5700000,0x00000000d5700000)
  from space 1536K, 91% used [0x00000000d5700000,0x00000000d5860000,0x00000000d5880000)
  to   space 1536K, 0% used [0x00000000d5880000,0x00000000d5880000,0x00000000d5a00000)
 ParOldGen       total 412672K, used 412427K [0x0000000080000000, 0x0000000099300000, 0x00000000d5580000)
  object space 412672K, 99% used [0x0000000080000000,0x00000000992c2ed0,0x0000000099300000)
 Metaspace       used 71338K, committed 72960K, reserved 1114112K
  class space    used 7611K, committed 8384K, reserved 1048576K
}
Event: 31.938 GC heap after
{Heap after GC invocations=387 (full 3):
 PSYoungGen      total 2560K, used 608K [0x00000000d5580000, 0x00000000d5980000, 0x0000000100000000)
  eden space 1536K, 0% used [0x00000000d5580000,0x00000000d5580000,0x00000000d5700000)
  from space 1024K, 59% used [0x00000000d5880000,0x00000000d5918020,0x00000000d5980000)
  to   space 1024K, 0% used [0x00000000d5780000,0x00000000d5780000,0x00000000d5880000)
 ParOldGen       total 414208K, used 413731K [0x0000000080000000, 0x0000000099480000, 0x00000000d5580000)
  object space 414208K, 99% used [0x0000000080000000,0x0000000099408ee0,0x0000000099480000)
 Metaspace       used 71338K, committed 72960K, reserved 1114112K
  class space    used 7611K, committed 8384K, reserved 1048576K
}
Event: 31.969 GC heap before
{Heap before GC invocations=388 (full 3):
 PSYoungGen      total 2560K, used 2144K [0x00000000d5580000, 0x00000000d5980000, 0x0000000100000000)
  eden space 1536K, 100% used [0x00000000d5580000,0x00000000d5700000,0x00000000d5700000)
  from space 1024K, 59% used [0x00000000d5880000,0x00000000d5918020,0x00000000d5980000)
  to   space 1024K, 0% used [0x00000000d5780000,0x00000000d5780000,0x00000000d5880000)
 ParOldGen       total 414208K, used 413731K [0x0000000080000000, 0x0000000099480000, 0x00000000d5580000)
  object space 414208K, 99% used [0x0000000080000000,0x0000000099408ee0,0x0000000099480000)
 Metaspace       used 71347K, committed 72960K, reserved 1114112K
  class space    used 7611K, committed 8384K, reserved 1048576K
}
Event: 31.972 GC heap after
{Heap after GC invocations=388 (full 3):
 PSYoungGen      total 2560K, used 992K [0x00000000d5580000, 0x00000000d5b00000, 0x0000000100000000)
  eden space 1536K, 0% used [0x00000000d5580000,0x00000000d5580000,0x00000000d5700000)
  from space 1024K, 96% used [0x00000000d5780000,0x00000000d5878010,0x00000000d5880000)
  to   space 2048K, 0% used [0x00000000d5900000,0x00000000d5900000,0x00000000d5b00000)
 ParOldGen       total 414720K, used 414259K [0x0000000080000000, 0x0000000099500000, 0x00000000d5580000)
  object space 414720K, 99% used [0x0000000080000000,0x000000009948cf00,0x0000000099500000)
 Metaspace       used 71347K, committed 72960K, reserved 1114112K
  class space    used 7611K, committed 8384K, reserved 1048576K
}
Event: 32.014 GC heap before
{Heap before GC invocations=389 (full 3):
 PSYoungGen      total 2560K, used 2528K [0x00000000d5580000, 0x00000000d5b00000, 0x0000000100000000)
  eden space 1536K, 100% used [0x00000000d5580000,0x00000000d5700000,0x00000000d5700000)
  from space 1024K, 96% used [0x00000000d5780000,0x00000000d5878010,0x00000000d5880000)
  to   space 2048K, 0% used [0x00000000d5900000,0x00000000d5900000,0x00000000d5b00000)
 ParOldGen       total 414720K, used 414259K [0x0000000080000000, 0x0000000099500000, 0x00000000d5580000)
  object space 414720K, 99% used [0x0000000080000000,0x000000009948cf00,0x0000000099500000)
 Metaspace       used 71356K, committed 72960K, reserved 1114112K
  class space    used 7611K, committed 8384K, reserved 1048576K
}
Event: 32.019 GC heap after
{Heap after GC invocations=389 (full 3):
 PSYoungGen      total 3072K, used 1056K [0x00000000d5580000, 0x00000000d5a80000, 0x0000000100000000)
  eden space 1536K, 0% used [0x00000000d5580000,0x00000000d5580000,0x00000000d5700000)
  from space 1536K, 68% used [0x00000000d5900000,0x00000000d5a08010,0x00000000d5a80000)
  to   space 1536K, 0% used [0x00000000d5780000,0x00000000d5780000,0x00000000d5900000)
 ParOldGen       total 415232K, used 415227K [0x0000000080000000, 0x0000000099580000, 0x00000000d5580000)
  object space 415232K, 99% used [0x0000000080000000,0x000000009957ef00,0x0000000099580000)
 Metaspace       used 71356K, committed 72960K, reserved 1114112K
  class space    used 7611K, committed 8384K, reserved 1048576K
}

