# JRE version: OpenJDK Runtime Environment Temurin-21.0.11+10 (21.0.11+10) (build 21.0.11+10-LTS)
# Java VM: OpenJDK 64-Bit Server VM Temurin-21.0.11+10 (21.0.11+10-LTS, mixed mode, sharing, tiered, compressed oops, compressed class ptrs, parallel gc, windows-amd64)
GC Precious Log:
 CardTable entry size: 512
 CPUs: 12 total, 12 available
 Memory: 7863M
 Large Page Support: Disabled
 NUMA Support: Disabled
 Compressed Oops: Enabled (32-bit)
 Alignments: Space 512K, Generation 512K, Heap 2M
 Heap Min Capacity: 100M
 Heap Initial Capacity: 100M
 Heap Max Capacity: 2G
 Pre-touch: Disabled
 Parallel Workers: 10
Heap:
 PSYoungGen      total 10752K, used 8849K [0x00000000d5580000, 0x00000000d6a00000, 0x0000000100000000)
  eden space 8704K, 78% used [0x00000000d5580000,0x00000000d5c2a1b0,0x00000000d5e00000)
  from space 2048K, 98% used [0x00000000d6300000,0x00000000d64fa4c8,0x00000000d6500000)
  to   space 5120K, 0% used [0x00000000d5e00000,0x00000000d5e00000,0x00000000d6300000)
 ParOldGen       total 128512K, used 128451K [0x0000000080000000, 0x0000000087d80000, 0x00000000d5580000)
  object space 128512K, 99% used [0x0000000080000000,0x0000000087d70da8,0x0000000087d80000)
 Metaspace       used 71585K, committed 73088K, reserved 1114112K
  class space    used 7610K, committed 8256K, reserved 1048576K
GC Heap History (20 events):
Event: 80.188 GC heap before
{Heap before GC invocations=81 (full 3):
 PSYoungGen      total 15360K, used 15153K [0x00000000d5580000, 0x00000000d6780000, 0x0000000100000000)
  eden space 12288K, 100% used [0x00000000d5580000,0x00000000d6180000,0x00000000d6180000)
  from space 3072K, 93% used [0x00000000d6180000,0x00000000d644c780,0x00000000d6480000)
  to   space 3072K, 0% used [0x00000000d6480000,0x00000000d6480000,0x00000000d6780000)
 ParOldGen       total 99328K, used 99079K [0x0000000080000000, 0x0000000086100000, 0x00000000d5580000)
  object space 99328K, 99% used [0x0000000080000000,0x00000000860c1e00,0x0000000086100000)
 Metaspace       used 71562K, committed 73088K, reserved 1114112K
  class space    used 7607K, committed 8256K, reserved 1048576K
}
Event: 80.192 GC heap after
{Heap after GC invocations=81 (full 3):
 PSYoungGen      total 15360K, used 2859K [0x00000000d5580000, 0x00000000d6780000, 0x0000000100000000)
  eden space 12288K, 0% used [0x00000000d5580000,0x00000000d5580000,0x00000000d6180000)
  from space 3072K, 93% used [0x00000000d6480000,0x00000000d674af58,0x00000000d6780000)
  to   space 3072K, 0% used [0x00000000d6180000,0x00000000d6180000,0x00000000d6480000)
 ParOldGen       total 101888K, used 101760K [0x0000000080000000, 0x0000000086380000, 0x00000000d5580000)
  object space 101888K, 99% used [0x0000000080000000,0x0000000086360158,0x0000000086380000)
 Metaspace       used 71562K, committed 73088K, reserved 1114112K
  class space    used 7607K, committed 8256K, reserved 1048576K
}
Event: 80.284 GC heap before
{Heap before GC invocations=82 (full 3):
 PSYoungGen      total 15360K, used 15147K [0x00000000d5580000, 0x00000000d6780000, 0x0000000100000000)
  eden space 12288K, 100% used [0x00000000d5580000,0x00000000d6180000,0x00000000d6180000)
  from space 3072K, 93% used [0x00000000d6480000,0x00000000d674af58,0x00000000d6780000)
  to   space 3072K, 0% used [0x00000000d6180000,0x00000000d6180000,0x00000000d6480000)
 ParOldGen       total 101888K, used 101760K [0x0000000080000000, 0x0000000086380000, 0x00000000d5580000)
  object space 101888K, 99% used [0x0000000080000000,0x0000000086360158,0x0000000086380000)
 Metaspace       used 71563K, committed 73088K, reserved 1114112K
  class space    used 7607K, committed 8256K, reserved 1048576K
}
Event: 80.288 GC heap after
{Heap after GC invocations=82 (full 3):
 PSYoungGen      total 15360K, used 2773K [0x00000000d5580000, 0x00000000d6780000, 0x0000000100000000)
  eden space 12288K, 0% used [0x00000000d5580000,0x00000000d5580000,0x00000000d6180000)
  from space 3072K, 90% used [0x00000000d6180000,0x00000000d64354b0,0x00000000d6480000)
  to   space 3072K, 0% used [0x00000000d6480000,0x00000000d6480000,0x00000000d6780000)
 ParOldGen       total 104448K, used 104390K [0x0000000080000000, 0x0000000086600000, 0x00000000d5580000)
  object space 104448K, 99% used [0x0000000080000000,0x00000000865f1a30,0x0000000086600000)
 Metaspace       used 71563K, committed 73088K, reserved 1114112K
  class space    used 7607K, committed 8256K, reserved 1048576K
}
Event: 80.415 GC heap before
{Heap before GC invocations=83 (full 3):
 PSYoungGen      total 15360K, used 15061K [0x00000000d5580000, 0x00000000d6780000, 0x0000000100000000)
  eden space 12288K, 100% used [0x00000000d5580000,0x00000000d6180000,0x00000000d6180000)
  from space 3072K, 90% used [0x00000000d6180000,0x00000000d64354b0,0x00000000d6480000)
  to   space 3072K, 0% used [0x00000000d6480000,0x00000000d6480000,0x00000000d6780000)
 ParOldGen       total 104448K, used 104390K [0x0000000080000000, 0x0000000086600000, 0x00000000d5580000)
  object space 104448K, 99% used [0x0000000080000000,0x00000000865f1a30,0x0000000086600000)
 Metaspace       used 71566K, committed 73088K, reserved 1114112K
  class space    used 7607K, committed 8256K, reserved 1048576K
}
Event: 80.421 GC heap after
{Heap after GC invocations=83 (full 3):
 PSYoungGen      total 15360K, used 2646K [0x00000000d5580000, 0x00000000d6780000, 0x0000000100000000)
  eden space 12288K, 0% used [0x00000000d5580000,0x00000000d5580000,0x00000000d6180000)
  from space 3072K, 86% used [0x00000000d6480000,0x00000000d6715988,0x00000000d6780000)
  to   space 3072K, 0% used [0x00000000d6180000,0x00000000d6180000,0x00000000d6480000)
 ParOldGen       total 107008K, used 106987K [0x0000000080000000, 0x0000000086880000, 0x00000000d5580000)
  object space 107008K, 99% used [0x0000000080000000,0x000000008687acb0,0x0000000086880000)
 Metaspace       used 71566K, committed 73088K, reserved 1114112K
  class space    used 7607K, committed 8256K, reserved 1048576K
}
Event: 80.566 GC heap before
{Heap before GC invocations=84 (full 3):
 PSYoungGen      total 15360K, used 14934K [0x00000000d5580000, 0x00000000d6780000, 0x0000000100000000)
  eden space 12288K, 100% used [0x00000000d5580000,0x00000000d6180000,0x00000000d6180000)
  from space 3072K, 86% used [0x00000000d6480000,0x00000000d6715988,0x00000000d6780000)
  to   space 3072K, 0% used [0x00000000d6180000,0x00000000d6180000,0x00000000d6480000)
 ParOldGen       total 107008K, used 106987K [0x0000000080000000, 0x0000000086880000, 0x00000000d5580000)
  object space 107008K, 99% used [0x0000000080000000,0x000000008687acb0,0x0000000086880000)
 Metaspace       used 71566K, committed 73088K, reserved 1114112K
  class space    used 7607K, committed 8256K, reserved 1048576K
}
Event: 80.573 GC heap after
{Heap after GC invocations=84 (full 3):
 PSYoungGen      total 15360K, used 3040K [0x00000000d5580000, 0x00000000d6e80000, 0x0000000100000000)
  eden space 12288K, 0% used [0x00000000d5580000,0x00000000d5580000,0x00000000d6180000)
  from space 3072K, 98% used [0x00000000d6180000,0x00000000d64783a8,0x00000000d6480000)
  to   space 6656K, 0% used [0x00000000d6800000,0x00000000d6800000,0x00000000d6e80000)
 ParOldGen       total 110080K, used 109828K [0x0000000080000000, 0x0000000086b80000, 0x00000000d5580000)
  object space 110080K, 99% used [0x0000000080000000,0x0000000086b41030,0x0000000086b80000)
 Metaspace       used 71566K, committed 73088K, reserved 1114112K
  class space    used 7607K, committed 8256K, reserved 1048576K
}
Event: 80.740 GC heap before
{Heap before GC invocations=85 (full 3):
 PSYoungGen      total 15360K, used 15328K [0x00000000d5580000, 0x00000000d6e80000, 0x0000000100000000)
  eden space 12288K, 100% used [0x00000000d5580000,0x00000000d6180000,0x00000000d6180000)
  from space 3072K, 98% used [0x00000000d6180000,0x00000000d64783a8,0x00000000d6480000)
  to   space 6656K, 0% used [0x00000000d6800000,0x00000000d6800000,0x00000000d6e80000)
 ParOldGen       total 110080K, used 109828K [0x0000000080000000, 0x0000000086b80000, 0x00000000d5580000)
  object space 110080K, 99% used [0x0000000080000000,0x0000000086b41030,0x0000000086b80000)
 Metaspace       used 71584K, committed 73088K, reserved 1114112K
  class space    used 7610K, committed 8256K, reserved 1048576K
}
Event: 80.746 GC heap after
{Heap after GC invocations=85 (full 3):
 PSYoungGen      total 15360K, used 2915K [0x00000000d5580000, 0x00000000d6b00000, 0x0000000100000000)
  eden space 12288K, 0% used [0x00000000d5580000,0x00000000d5580000,0x00000000d6180000)
  from space 3072K, 94% used [0x00000000d6800000,0x00000000d6ad8c78,0x00000000d6b00000)
  to   space 4096K, 0% used [0x00000000d6300000,0x00000000d6300000,0x00000000d6700000)
 ParOldGen       total 113152K, used 112859K [0x0000000080000000, 0x0000000086e80000, 0x00000000d5580000)
  object space 113152K, 99% used [0x0000000080000000,0x0000000086e36c50,0x0000000086e80000)
 Metaspace       used 71584K, committed 73088K, reserved 1114112K
  class space    used 7610K, committed 8256K, reserved 1048576K
}
Event: 80.892 GC heap before
{Heap before GC invocations=86 (full 3):
 PSYoungGen      total 15360K, used 15203K [0x00000000d5580000, 0x00000000d6b00000, 0x0000000100000000)
  eden space 12288K, 100% used [0x00000000d5580000,0x00000000d6180000,0x00000000d6180000)
  from space 3072K, 94% used [0x00000000d6800000,0x00000000d6ad8c78,0x00000000d6b00000)
  to   space 4096K, 0% used [0x00000000d6300000,0x00000000d6300000,0x00000000d6700000)
 ParOldGen       total 113152K, used 112859K [0x0000000080000000, 0x0000000086e80000, 0x00000000d5580000)
  object space 113152K, 99% used [0x0000000080000000,0x0000000086e36c50,0x0000000086e80000)
 Metaspace       used 71585K, committed 73088K, reserved 1114112K
  class space    used 7610K, committed 8256K, reserved 1048576K
}
Event: 80.898 GC heap after
{Heap after GC invocations=86 (full 3):
 PSYoungGen      total 15360K, used 2914K [0x00000000d5580000, 0x00000000d6880000, 0x0000000100000000)
  eden space 12288K, 0% used [0x00000000d5580000,0x00000000d5580000,0x00000000d6180000)
  from space 3072K, 94% used [0x00000000d6300000,0x00000000d65d8a18,0x00000000d6600000)
  to   space 2560K, 0% used [0x00000000d6600000,0x00000000d6600000,0x00000000d6880000)
 ParOldGen       total 115712K, used 115568K [0x0000000080000000, 0x0000000087100000, 0x00000000d5580000)
  object space 115712K, 99% used [0x0000000080000000,0x00000000870dc008,0x0000000087100000)
 Metaspace       used 71585K, committed 73088K, reserved 1114112K
  class space    used 7610K, committed 8256K, reserved 1048576K
}
Event: 81.016 GC heap before
{Heap before GC invocations=87 (full 3):
 PSYoungGen      total 15360K, used 15202K [0x00000000d5580000, 0x00000000d6880000, 0x0000000100000000)
  eden space 12288K, 100% used [0x00000000d5580000,0x00000000d6180000,0x00000000d6180000)
  from space 3072K, 94% used [0x00000000d6300000,0x00000000d65d8a18,0x00000000d6600000)
  to   space 2560K, 0% used [0x00000000d6600000,0x00000000d6600000,0x00000000d6880000)
 ParOldGen       total 115712K, used 115568K [0x0000000080000000, 0x0000000087100000, 0x00000000d5580000)
  object space 115712K, 99% used [0x0000000080000000,0x00000000870dc008,0x0000000087100000)
 Metaspace       used 71585K, committed 73088K, reserved 1114112K
  class space    used 7610K, committed 8256K, reserved 1048576K
}
Event: 81.021 GC heap after
{Heap after GC invocations=87 (full 3):
 PSYoungGen      total 13312K, used 2556K [0x00000000d5580000, 0x00000000d6d80000, 0x0000000100000000)
  eden space 10752K, 0% used [0x00000000d5580000,0x00000000d5580000,0x00000000d6000000)
  from space 2560K, 99% used [0x00000000d6600000,0x00000000d687f0f8,0x00000000d6880000)
  to   space 6144K, 0% used [0x00000000d6000000,0x00000000d6000000,0x00000000d6600000)
 ParOldGen       total 118784K, used 118528K [0x0000000080000000, 0x0000000087400000, 0x00000000d5580000)
  object space 118784K, 99% used [0x0000000080000000,0x00000000873c03a8,0x0000000087400000)
 Metaspace       used 71585K, committed 73088K, reserved 1114112K
  class space    used 7610K, committed 8256K, reserved 1048576K
}
Event: 81.128 GC heap before
{Heap before GC invocations=88 (full 3):
 PSYoungGen      total 13312K, used 13308K [0x00000000d5580000, 0x00000000d6d80000, 0x0000000100000000)
  eden space 10752K, 100% used [0x00000000d5580000,0x00000000d6000000,0x00000000d6000000)
  from space 2560K, 99% used [0x00000000d6600000,0x00000000d687f0f8,0x00000000d6880000)
  to   space 6144K, 0% used [0x00000000d6000000,0x00000000d6000000,0x00000000d6600000)
 ParOldGen       total 118784K, used 118528K [0x0000000080000000, 0x0000000087400000, 0x00000000d5580000)
  object space 118784K, 99% used [0x0000000080000000,0x00000000873c03a8,0x0000000087400000)
 Metaspace       used 71585K, committed 73088K, reserved 1114112K
  class space    used 7610K, committed 8256K, reserved 1048576K
}
Event: 81.134 GC heap after
{Heap after GC invocations=88 (full 3):
 PSYoungGen      total 13824K, used 2850K [0x00000000d5580000, 0x00000000d6800000, 0x0000000100000000)
  eden space 10752K, 0% used [0x00000000d5580000,0x00000000d5580000,0x00000000d6000000)
  from space 3072K, 92% used [0x00000000d6000000,0x00000000d62c8a28,0x00000000d6300000)
  to   space 4096K, 0% used [0x00000000d6400000,0x00000000d6400000,0x00000000d6800000)
 ParOldGen       total 121344K, used 120947K [0x0000000080000000, 0x0000000087680000, 0x00000000d5580000)
  object space 121344K, 99% used [0x0000000080000000,0x000000008761ce90,0x0000000087680000)
 Metaspace       used 71585K, committed 73088K, reserved 1114112K
  class space    used 7610K, committed 8256K, reserved 1048576K
}
Event: 81.256 GC heap before
{Heap before GC invocations=89 (full 3):
 PSYoungGen      total 13824K, used 13602K [0x00000000d5580000, 0x00000000d6800000, 0x0000000100000000)
  eden space 10752K, 100% used [0x00000000d5580000,0x00000000d6000000,0x00000000d6000000)
  from space 3072K, 92% used [0x00000000d6000000,0x00000000d62c8a28,0x00000000d6300000)
  to   space 4096K, 0% used [0x00000000d6400000,0x00000000d6400000,0x00000000d6800000)
 ParOldGen       total 121344K, used 120947K [0x0000000080000000, 0x0000000087680000, 0x00000000d5580000)
  object space 121344K, 99% used [0x0000000080000000,0x000000008761ce90,0x0000000087680000)
 Metaspace       used 71585K, committed 73088K, reserved 1114112K
  class space    used 7610K, committed 8256K, reserved 1048576K
}
Event: 81.261 GC heap after
{Heap after GC invocations=89 (full 3):
 PSYoungGen      total 13312K, used 2503K [0x00000000d5580000, 0x00000000d6680000, 0x0000000100000000)
  eden space 10752K, 0% used [0x00000000d5580000,0x00000000d5580000,0x00000000d6000000)
  from space 2560K, 97% used [0x00000000d6400000,0x00000000d6671f60,0x00000000d6680000)
  to   space 3072K, 0% used [0x00000000d6080000,0x00000000d6080000,0x00000000d6380000)
 ParOldGen       total 123904K, used 123640K [0x0000000080000000, 0x0000000087900000, 0x00000000d5580000)
  object space 123904K, 99% used [0x0000000080000000,0x00000000878be3d8,0x0000000087900000)
 Metaspace       used 71585K, committed 73088K, reserved 1114112K
  class space    used 7610K, committed 8256K, reserved 1048576K
}
Event: 81.408 GC heap before
{Heap before GC invocations=90 (full 3):
 PSYoungGen      total 13312K, used 13255K [0x00000000d5580000, 0x00000000d6680000, 0x0000000100000000)
  eden space 10752K, 100% used [0x00000000d5580000,0x00000000d6000000,0x00000000d6000000)
  from space 2560K, 97% used [0x00000000d6400000,0x00000000d6671f60,0x00000000d6680000)
  to   space 3072K, 0% used [0x00000000d6080000,0x00000000d6080000,0x00000000d6380000)
 ParOldGen       total 123904K, used 123640K [0x0000000080000000, 0x0000000087900000, 0x00000000d5580000)
  object space 123904K, 99% used [0x0000000080000000,0x00000000878be3d8,0x0000000087900000)
 Metaspace       used 71585K, committed 73088K, reserved 1114112K
  class space    used 7610K, committed 8256K, reserved 1048576K
}
Event: 81.413 GC heap after
{Heap after GC invocations=90 (full 3):
 PSYoungGen      total 13312K, used 2443K [0x00000000d5580000, 0x00000000d6500000, 0x0000000100000000)
  eden space 10752K, 0% used [0x00000000d5580000,0x00000000d5580000,0x00000000d6000000)
  from space 2560K, 95% used [0x00000000d6080000,0x00000000d62e2d50,0x00000000d6300000)
  to   space 2048K, 0% used [0x00000000d6300000,0x00000000d6300000,0x00000000d6500000)
 ParOldGen       total 126464K, used 125992K [0x0000000080000000, 0x0000000087b80000, 0x00000000d5580000)
  object space 126464K, 99% used [0x0000000080000000,0x0000000087b0a320,0x0000000087b80000)
 Metaspace       used 71585K, committed 73088K, reserved 1114112K
  class space    used 7610K, committed 8256K, reserved 1048576K
}

