# JRE version: OpenJDK Runtime Environment Temurin-21.0.11+10 (21.0.11+10) (build 21.0.11+10-LTS)
# Java VM: OpenJDK 64-Bit Server VM Temurin-21.0.11+10 (21.0.11+10-LTS, mixed mode, sharing, tiered, compressed oops, compressed class ptrs, parallel gc, windows-amd64)
GC Precious Log:
 CardTable entry size: 512
 CPUs: 12 total, 12 available
 Memory: 7863M
 Large Page Support: Disabled
 NUMA Support: Disabled
 Compressed Oops: Enabled (32-bit)
 Alignments: Space 512K, Generation 512K, Heap 2M
 Heap Min Capacity: 100M
 Heap Initial Capacity: 100M
 Heap Max Capacity: 2G
 Pre-touch: Disabled
 Parallel Workers: 10
Heap:
 PSYoungGen      total 5632K, used 5574K [0x00000000d5580000, 0x00000000d5c00000, 0x0000000100000000)
  eden space 4608K, 100% used [0x00000000d5580000,0x00000000d5a00000,0x00000000d5a00000)
  from space 1024K, 94% used [0x00000000d5a00000,0x00000000d5af1bb8,0x00000000d5b00000)
  to   space 1024K, 33% used [0x00000000d5b00000,0x00000000d5b55370,0x00000000d5c00000)
 ParOldGen       total 183296K, used 183185K [0x0000000080000000, 0x000000008b300000, 0x00000000d5580000)
  object space 183296K, 99% used [0x0000000080000000,0x000000008b2e4730,0x000000008b300000)
 Metaspace       used 52029K, committed 53312K, reserved 1114112K
  class space    used 5735K, committed 6272K, reserved 1048576K
GC Heap History (20 events):
Event: 8.753 GC heap after
{Heap after GC invocations=103 (full 2):
 PSYoungGen      total 6144K, used 1034K [0x00000000d5580000, 0x00000000d5d00000, 0x0000000100000000)
  eden space 4608K, 0% used [0x00000000d5580000,0x00000000d5580000,0x00000000d5a00000)
  from space 1536K, 67% used [0x00000000d5a00000,0x00000000d5b02a98,0x00000000d5b80000)
  to   space 1536K, 0% used [0x00000000d5b80000,0x00000000d5b80000,0x00000000d5d00000)
 ParOldGen       total 175616K, used 175345K [0x0000000080000000, 0x000000008ab80000, 0x00000000d5580000)
  object space 175616K, 99% used [0x0000000080000000,0x000000008ab3c480,0x000000008ab80000)
 Metaspace       used 51641K, committed 52928K, reserved 1114112K
  class space    used 5696K, committed 6272K, reserved 1048576K
}
Event: 8.766 GC heap before
{Heap before GC invocations=104 (full 2):
 PSYoungGen      total 6144K, used 5642K [0x00000000d5580000, 0x00000000d5d00000, 0x0000000100000000)
  eden space 4608K, 100% used [0x00000000d5580000,0x00000000d5a00000,0x00000000d5a00000)
  from space 1536K, 67% used [0x00000000d5a00000,0x00000000d5b02a98,0x00000000d5b80000)
  to   space 1536K, 0% used [0x00000000d5b80000,0x00000000d5b80000,0x00000000d5d00000)
 ParOldGen       total 175616K, used 175345K [0x0000000080000000, 0x000000008ab80000, 0x00000000d5580000)
  object space 175616K, 99% used [0x0000000080000000,0x000000008ab3c480,0x000000008ab80000)
 Metaspace       used 51732K, committed 53056K, reserved 1114112K
  class space    used 5702K, committed 6272K, reserved 1048576K
}
Event: 8.768 GC heap after
{Heap after GC invocations=104 (full 2):
 PSYoungGen      total 6144K, used 1102K [0x00000000d5580000, 0x00000000d5d00000, 0x0000000100000000)
  eden space 4608K, 0% used [0x00000000d5580000,0x00000000d5580000,0x00000000d5a00000)
  from space 1536K, 71% used [0x00000000d5b80000,0x00000000d5c93a70,0x00000000d5d00000)
  to   space 1536K, 0% used [0x00000000d5a00000,0x00000000d5a00000,0x00000000d5b80000)
 ParOldGen       total 176640K, used 176267K [0x0000000080000000, 0x000000008ac80000, 0x00000000d5580000)
  object space 176640K, 99% used [0x0000000080000000,0x000000008ac22ea0,0x000000008ac80000)
 Metaspace       used 51732K, committed 53056K, reserved 1114112K
  class space    used 5702K, committed 6272K, reserved 1048576K
}
Event: 8.781 GC heap before
{Heap before GC invocations=105 (full 2):
 PSYoungGen      total 6144K, used 5710K [0x00000000d5580000, 0x00000000d5d00000, 0x0000000100000000)
  eden space 4608K, 100% used [0x00000000d5580000,0x00000000d5a00000,0x00000000d5a00000)
  from space 1536K, 71% used [0x00000000d5b80000,0x00000000d5c93a70,0x00000000d5d00000)
  to   space 1536K, 0% used [0x00000000d5a00000,0x00000000d5a00000,0x00000000d5b80000)
 ParOldGen       total 176640K, used 176267K [0x0000000080000000, 0x000000008ac80000, 0x00000000d5580000)
  object space 176640K, 99% used [0x0000000080000000,0x000000008ac22ea0,0x000000008ac80000)
 Metaspace       used 51787K, committed 53120K, reserved 1114112K
  class space    used 5704K, committed 6272K, reserved 1048576K
}
Event: 8.782 GC heap after
{Heap after GC invocations=105 (full 2):
 PSYoungGen      total 6144K, used 1129K [0x00000000d5580000, 0x00000000d5d00000, 0x0000000100000000)
  eden space 4608K, 0% used [0x00000000d5580000,0x00000000d5580000,0x00000000d5a00000)
  from space 1536K, 73% used [0x00000000d5a00000,0x00000000d5b1a5c8,0x00000000d5b80000)
  to   space 1536K, 0% used [0x00000000d5b80000,0x00000000d5b80000,0x00000000d5d00000)
 ParOldGen       total 177152K, used 177145K [0x0000000080000000, 0x000000008ad00000, 0x00000000d5580000)
  object space 177152K, 99% used [0x0000000080000000,0x000000008acfe648,0x000000008ad00000)
 Metaspace       used 51787K, committed 53120K, reserved 1114112K
  class space    used 5704K, committed 6272K, reserved 1048576K
}
Event: 8.793 GC heap before
{Heap before GC invocations=106 (full 2):
 PSYoungGen      total 6144K, used 5737K [0x00000000d5580000, 0x00000000d5d00000, 0x0000000100000000)
  eden space 4608K, 100% used [0x00000000d5580000,0x00000000d5a00000,0x00000000d5a00000)
  from space 1536K, 73% used [0x00000000d5a00000,0x00000000d5b1a5c8,0x00000000d5b80000)
  to   space 1536K, 0% used [0x00000000d5b80000,0x00000000d5b80000,0x00000000d5d00000)
 ParOldGen       total 177152K, used 177145K [0x0000000080000000, 0x000000008ad00000, 0x00000000d5580000)
  object space 177152K, 99% used [0x0000000080000000,0x000000008acfe648,0x000000008ad00000)
 Metaspace       used 51826K, committed 53120K, reserved 1114112K
  class space    used 5708K, committed 6272K, reserved 1048576K
}
Event: 8.795 GC heap after
{Heap after GC invocations=106 (full 2):
 PSYoungGen      total 6144K, used 1015K [0x00000000d5580000, 0x00000000d5d00000, 0x0000000100000000)
  eden space 4608K, 0% used [0x00000000d5580000,0x00000000d5580000,0x00000000d5a00000)
  from space 1536K, 66% used [0x00000000d5b80000,0x00000000d5c7dc10,0x00000000d5d00000)
  to   space 1536K, 0% used [0x00000000d5a00000,0x00000000d5a00000,0x00000000d5b80000)
 ParOldGen       total 178176K, used 178129K [0x0000000080000000, 0x000000008ae00000, 0x00000000d5580000)
  object space 178176K, 99% used [0x0000000080000000,0x000000008adf4528,0x000000008ae00000)
 Metaspace       used 51826K, committed 53120K, reserved 1114112K
  class space    used 5708K, committed 6272K, reserved 1048576K
}
Event: 8.808 GC heap before
{Heap before GC invocations=107 (full 2):
 PSYoungGen      total 6144K, used 5622K [0x00000000d5580000, 0x00000000d5d00000, 0x0000000100000000)
  eden space 4608K, 99% used [0x00000000d5580000,0x00000000d59fff80,0x00000000d5a00000)
  from space 1536K, 66% used [0x00000000d5b80000,0x00000000d5c7dc10,0x00000000d5d00000)
  to   space 1536K, 0% used [0x00000000d5a00000,0x00000000d5a00000,0x00000000d5b80000)
 ParOldGen       total 178176K, used 178129K [0x0000000080000000, 0x000000008ae00000, 0x00000000d5580000)
  object space 178176K, 99% used [0x0000000080000000,0x000000008adf4528,0x000000008ae00000)
 Metaspace       used 51860K, committed 53184K, reserved 1114112K
  class space    used 5714K, committed 6272K, reserved 1048576K
}
Event: 8.810 GC heap after
{Heap after GC invocations=107 (full 2):
 PSYoungGen      total 6144K, used 1130K [0x00000000d5580000, 0x00000000d5d00000, 0x0000000100000000)
  eden space 4608K, 0% used [0x00000000d5580000,0x00000000d5580000,0x00000000d5a00000)
  from space 1536K, 73% used [0x00000000d5a00000,0x00000000d5b1aaa8,0x00000000d5b80000)
  to   space 1536K, 0% used [0x00000000d5b80000,0x00000000d5b80000,0x00000000d5d00000)
 ParOldGen       total 179200K, used 178990K [0x0000000080000000, 0x000000008af00000, 0x00000000d5580000)
  object space 179200K, 99% used [0x0000000080000000,0x000000008aecb888,0x000000008af00000)
 Metaspace       used 51860K, committed 53184K, reserved 1114112K
  class space    used 5714K, committed 6272K, reserved 1048576K
}
Event: 8.824 GC heap before
{Heap before GC invocations=108 (full 2):
 PSYoungGen      total 6144K, used 5738K [0x00000000d5580000, 0x00000000d5d00000, 0x0000000100000000)
  eden space 4608K, 100% used [0x00000000d5580000,0x00000000d5a00000,0x00000000d5a00000)
  from space 1536K, 73% used [0x00000000d5a00000,0x00000000d5b1aaa8,0x00000000d5b80000)
  to   space 1536K, 0% used [0x00000000d5b80000,0x00000000d5b80000,0x00000000d5d00000)
 ParOldGen       total 179200K, used 178990K [0x0000000080000000, 0x000000008af00000, 0x00000000d5580000)
  object space 179200K, 99% used [0x0000000080000000,0x000000008aecb888,0x000000008af00000)
 Metaspace       used 51886K, committed 53184K, reserved 1114112K
  class space    used 5719K, committed 6272K, reserved 1048576K
}
Event: 8.826 GC heap after
{Heap after GC invocations=108 (full 2):
 PSYoungGen      total 6144K, used 990K [0x00000000d5580000, 0x00000000d5d00000, 0x0000000100000000)
  eden space 4608K, 0% used [0x00000000d5580000,0x00000000d5580000,0x00000000d5a00000)
  from space 1536K, 64% used [0x00000000d5b80000,0x00000000d5c778a8,0x00000000d5d00000)
  to   space 1536K, 0% used [0x00000000d5a00000,0x00000000d5a00000,0x00000000d5b80000)
 ParOldGen       total 180224K, used 179888K [0x0000000080000000, 0x000000008b000000, 0x00000000d5580000)
  object space 180224K, 99% used [0x0000000080000000,0x000000008afac2f8,0x000000008b000000)
 Metaspace       used 51886K, committed 53184K, reserved 1114112K
  class space    used 5719K, committed 6272K, reserved 1048576K
}
Event: 8.840 GC heap before
{Heap before GC invocations=109 (full 2):
 PSYoungGen      total 6144K, used 5598K [0x00000000d5580000, 0x00000000d5d00000, 0x0000000100000000)
  eden space 4608K, 100% used [0x00000000d5580000,0x00000000d5a00000,0x00000000d5a00000)
  from space 1536K, 64% used [0x00000000d5b80000,0x00000000d5c778a8,0x00000000d5d00000)
  to   space 1536K, 0% used [0x00000000d5a00000,0x00000000d5a00000,0x00000000d5b80000)
 ParOldGen       total 180224K, used 179888K [0x0000000080000000, 0x000000008b000000, 0x00000000d5580000)
  object space 180224K, 99% used [0x0000000080000000,0x000000008afac2f8,0x000000008b000000)
 Metaspace       used 51906K, committed 53184K, reserved 1114112K
  class space    used 5724K, committed 6272K, reserved 1048576K
}
Event: 8.842 GC heap after
{Heap after GC invocations=109 (full 2):
 PSYoungGen      total 5632K, used 896K [0x00000000d5580000, 0x00000000d5c00000, 0x0000000100000000)
  eden space 4608K, 0% used [0x00000000d5580000,0x00000000d5580000,0x00000000d5a00000)
  from space 1024K, 87% used [0x00000000d5a00000,0x00000000d5ae0000,0x00000000d5b00000)
  to   space 1024K, 0% used [0x00000000d5b00000,0x00000000d5b00000,0x00000000d5c00000)
 ParOldGen       total 180736K, used 180723K [0x0000000080000000, 0x000000008b080000, 0x00000000d5580000)
  object space 180736K, 99% used [0x0000000080000000,0x000000008b07cc88,0x000000008b080000)
 Metaspace       used 51906K, committed 53184K, reserved 1114112K
  class space    used 5724K, committed 6272K, reserved 1048576K
}
Event: 8.855 GC heap before
{Heap before GC invocations=110 (full 2):
 PSYoungGen      total 5632K, used 5504K [0x00000000d5580000, 0x00000000d5c00000, 0x0000000100000000)
  eden space 4608K, 100% used [0x00000000d5580000,0x00000000d5a00000,0x00000000d5a00000)
  from space 1024K, 87% used [0x00000000d5a00000,0x00000000d5ae0000,0x00000000d5b00000)
  to   space 1024K, 0% used [0x00000000d5b00000,0x00000000d5b00000,0x00000000d5c00000)
 ParOldGen       total 180736K, used 180723K [0x0000000080000000, 0x000000008b080000, 0x00000000d5580000)
  object space 180736K, 99% used [0x0000000080000000,0x000000008b07cc88,0x000000008b080000)
 Metaspace       used 51937K, committed 53248K, reserved 1114112K
  class space    used 5730K, committed 6272K, reserved 1048576K
}
Event: 8.856 GC heap after
{Heap after GC invocations=110 (full 2):
 PSYoungGen      total 5632K, used 939K [0x00000000d5580000, 0x00000000d5c00000, 0x0000000100000000)
  eden space 4608K, 0% used [0x00000000d5580000,0x00000000d5580000,0x00000000d5a00000)
  from space 1024K, 91% used [0x00000000d5b00000,0x00000000d5beace8,0x00000000d5c00000)
  to   space 1024K, 0% used [0x00000000d5a00000,0x00000000d5a00000,0x00000000d5b00000)
 ParOldGen       total 181760K, used 181519K [0x0000000080000000, 0x000000008b180000, 0x00000000d5580000)
  object space 181760K, 99% used [0x0000000080000000,0x000000008b143f80,0x000000008b180000)
 Metaspace       used 51937K, committed 53248K, reserved 1114112K
  class space    used 5730K, committed 6272K, reserved 1048576K
}
Event: 8.870 GC heap before
{Heap before GC invocations=111 (full 2):
 PSYoungGen      total 5632K, used 5547K [0x00000000d5580000, 0x00000000d5c00000, 0x0000000100000000)
  eden space 4608K, 100% used [0x00000000d5580000,0x00000000d5a00000,0x00000000d5a00000)
  from space 1024K, 91% used [0x00000000d5b00000,0x00000000d5beace8,0x00000000d5c00000)
  to   space 1024K, 0% used [0x00000000d5a00000,0x00000000d5a00000,0x00000000d5b00000)
 ParOldGen       total 181760K, used 181519K [0x0000000080000000, 0x000000008b180000, 0x00000000d5580000)
  object space 181760K, 99% used [0x0000000080000000,0x000000008b143f80,0x000000008b180000)
 Metaspace       used 52006K, committed 53312K, reserved 1114112K
  class space    used 5733K, committed 6272K, reserved 1048576K
}
Event: 8.871 GC heap after
{Heap after GC invocations=111 (full 2):
 PSYoungGen      total 5632K, used 966K [0x00000000d5580000, 0x00000000d5c00000, 0x0000000100000000)
  eden space 4608K, 0% used [0x00000000d5580000,0x00000000d5580000,0x00000000d5a00000)
  from space 1024K, 94% used [0x00000000d5a00000,0x00000000d5af1bb8,0x00000000d5b00000)
  to   space 1024K, 0% used [0x00000000d5b00000,0x00000000d5b00000,0x00000000d5c00000)
 ParOldGen       total 182784K, used 182300K [0x0000000080000000, 0x000000008b280000, 0x00000000d5580000)
  object space 182784K, 99% used [0x0000000080000000,0x000000008b207118,0x000000008b280000)
 Metaspace       used 52006K, committed 53312K, reserved 1114112K
  class space    used 5733K, committed 6272K, reserved 1048576K
}
Event: 8.880 GC heap before
{Heap before GC invocations=112 (full 2):
 PSYoungGen      total 5632K, used 5574K [0x00000000d5580000, 0x00000000d5c00000, 0x0000000100000000)
  eden space 4608K, 100% used [0x00000000d5580000,0x00000000d5a00000,0x00000000d5a00000)
  from space 1024K, 94% used [0x00000000d5a00000,0x00000000d5af1bb8,0x00000000d5b00000)
  to   space 1024K, 0% used [0x00000000d5b00000,0x00000000d5b00000,0x00000000d5c00000)
 ParOldGen       total 182784K, used 182300K [0x0000000080000000, 0x000000008b280000, 0x00000000d5580000)
  object space 182784K, 99% used [0x0000000080000000,0x000000008b207118,0x000000008b280000)
 Metaspace       used 52029K, committed 53312K, reserved 1114112K
  class space    used 5735K, committed 6272K, reserved 1048576K
}
Event: 8.883 GC heap after
{Heap after GC invocations=112 (full 2):
 PSYoungGen      total 5632K, used 5574K [0x00000000d5580000, 0x00000000d5c00000, 0x0000000100000000)
  eden space 4608K, 100% used [0x00000000d5580000,0x00000000d5a00000,0x00000000d5a00000)
  from space 1024K, 94% used [0x00000000d5a00000,0x00000000d5af1bb8,0x00000000d5b00000)
  to   space 1024K, 33% used [0x00000000d5b00000,0x00000000d5b55370,0x00000000d5c00000)
 ParOldGen       total 183296K, used 183185K [0x0000000080000000, 0x000000008b300000, 0x00000000d5580000)
  object space 183296K, 99% used [0x0000000080000000,0x000000008b2e4730,0x000000008b300000)
 Metaspace       used 52029K, committed 53312K, reserved 1114112K
  class space    used 5735K, committed 6272K, reserved 1048576K
}
Event: 8.883 GC heap before
{Heap before GC invocations=113 (full 3):
 PSYoungGen      total 5632K, used 5574K [0x00000000d5580000, 0x00000000d5c00000, 0x0000000100000000)
  eden space 4608K, 100% used [0x00000000d5580000,0x00000000d5a00000,0x00000000d5a00000)
  from space 1024K, 94% used [0x00000000d5a00000,0x00000000d5af1bb8,0x00000000d5b00000)
  to   space 1024K, 33% used [0x00000000d5b00000,0x00000000d5b55370,0x00000000d5c00000)
 ParOldGen       total 183296K, used 183185K [0x0000000080000000, 0x000000008b300000, 0x00000000d5580000)
  object space 183296K, 99% used [0x0000000080000000,0x000000008b2e4730,0x000000008b300000)
 Metaspace       used 52029K, committed 53312K, reserved 1114112K
  class space    used 5735K, committed 6272K, reserved 1048576K
}

