# JRE version: OpenJDK Runtime Environment Temurin-21.0.11+10 (21.0.11+10) (build 21.0.11+10-LTS)
# Java VM: OpenJDK 64-Bit Server VM Temurin-21.0.11+10 (21.0.11+10-LTS, mixed mode, sharing, tiered, compressed oops, compressed class ptrs, parallel gc, windows-amd64)
GC Precious Log:
 CardTable entry size: 512
 CPUs: 12 total, 12 available
 Memory: 7863M
 Large Page Support: Disabled
 NUMA Support: Disabled
 Compressed Oops: Enabled (32-bit)
 Alignments: Space 512K, Generation 512K, Heap 2M
 Heap Min Capacity: 100M
 Heap Initial Capacity: 100M
 Heap Max Capacity: 2G
 Pre-touch: Disabled
 Parallel Workers: 10
Heap:
 PSYoungGen      total 13312K, used 12964K [0x00000000d5580000, 0x00000000d6500000, 0x0000000100000000)
  eden space 10752K, 100% used [0x00000000d5580000,0x00000000d6000000,0x00000000d6000000)
  from space 2560K, 86% used [0x00000000d6080000,0x00000000d62a9130,0x00000000d6300000)
  to   space 2048K, 99% used [0x00000000d6300000,0x00000000d64ff3f0,0x00000000d6500000)
 ParOldGen       total 123904K, used 123527K [0x0000000080000000, 0x0000000087900000, 0x00000000d5580000)
  object space 123904K, 99% used [0x0000000080000000,0x00000000878a1f50,0x0000000087900000)
 Metaspace       used 50202K, committed 51520K, reserved 1114112K
  class space    used 5495K, committed 6080K, reserved 1048576K
GC Heap History (20 events):
Event: 8.106 GC heap before
{Heap before GC invocations=46 (full 2):
 PSYoungGen      total 13824K, used 13740K [0x00000000d5580000, 0x00000000d6680000, 0x0000000100000000)
  eden space 11264K, 100% used [0x00000000d5580000,0x00000000d6080000,0x00000000d6080000)
  from space 2560K, 96% used [0x00000000d6100000,0x00000000d636b228,0x00000000d6380000)
  to   space 3072K, 0% used [0x00000000d6380000,0x00000000d6380000,0x00000000d6680000)
 ParOldGen       total 98816K, used 98610K [0x0000000080000000, 0x0000000086080000, 0x00000000d5580000)
  object space 98816K, 99% used [0x0000000080000000,0x000000008604caa0,0x0000000086080000)
 Metaspace       used 47787K, committed 49088K, reserved 1114112K
  class space    used 5214K, committed 5824K, reserved 1048576K
}
Event: 8.110 GC heap after
{Heap after GC invocations=46 (full 2):
 PSYoungGen      total 13824K, used 2484K [0x00000000d5580000, 0x00000000d6600000, 0x0000000100000000)
  eden space 11264K, 0% used [0x00000000d5580000,0x00000000d5580000,0x00000000d6080000)
  from space 2560K, 97% used [0x00000000d6380000,0x00000000d65ed078,0x00000000d6600000)
  to   space 2560K, 0% used [0x00000000d6100000,0x00000000d6100000,0x00000000d6380000)
 ParOldGen       total 101376K, used 100928K [0x0000000080000000, 0x0000000086300000, 0x00000000d5580000)
  object space 101376K, 99% used [0x0000000080000000,0x00000000862903b0,0x0000000086300000)
 Metaspace       used 47787K, committed 49088K, reserved 1114112K
  class space    used 5214K, committed 5824K, reserved 1048576K
}
Event: 8.157 GC heap before
{Heap before GC invocations=47 (full 2):
 PSYoungGen      total 13824K, used 13748K [0x00000000d5580000, 0x00000000d6600000, 0x0000000100000000)
  eden space 11264K, 100% used [0x00000000d5580000,0x00000000d6080000,0x00000000d6080000)
  from space 2560K, 97% used [0x00000000d6380000,0x00000000d65ed078,0x00000000d6600000)
  to   space 2560K, 0% used [0x00000000d6100000,0x00000000d6100000,0x00000000d6380000)
 ParOldGen       total 101376K, used 100928K [0x0000000080000000, 0x0000000086300000, 0x00000000d5580000)
  object space 101376K, 99% used [0x0000000080000000,0x00000000862903b0,0x0000000086300000)
 Metaspace       used 47930K, committed 49216K, reserved 1114112K
  class space    used 5236K, committed 5824K, reserved 1048576K
}
Event: 8.161 GC heap after
{Heap after GC invocations=47 (full 2):
 PSYoungGen      total 13824K, used 2498K [0x00000000d5580000, 0x00000000d6580000, 0x0000000100000000)
  eden space 11264K, 0% used [0x00000000d5580000,0x00000000d5580000,0x00000000d6080000)
  from space 2560K, 97% used [0x00000000d6100000,0x00000000d6370838,0x00000000d6380000)
  to   space 2048K, 0% used [0x00000000d6380000,0x00000000d6380000,0x00000000d6580000)
 ParOldGen       total 103424K, used 103309K [0x0000000080000000, 0x0000000086500000, 0x00000000d5580000)
  object space 103424K, 99% used [0x0000000080000000,0x00000000864e3680,0x0000000086500000)
 Metaspace       used 47930K, committed 49216K, reserved 1114112K
  class space    used 5236K, committed 5824K, reserved 1048576K
}
Event: 8.220 GC heap before
{Heap before GC invocations=48 (full 2):
 PSYoungGen      total 13824K, used 13762K [0x00000000d5580000, 0x00000000d6580000, 0x0000000100000000)
  eden space 11264K, 100% used [0x00000000d5580000,0x00000000d6080000,0x00000000d6080000)
  from space 2560K, 97% used [0x00000000d6100000,0x00000000d6370838,0x00000000d6380000)
  to   space 2048K, 0% used [0x00000000d6380000,0x00000000d6380000,0x00000000d6580000)
 ParOldGen       total 103424K, used 103309K [0x0000000080000000, 0x0000000086500000, 0x00000000d5580000)
  object space 103424K, 99% used [0x0000000080000000,0x00000000864e3680,0x0000000086500000)
 Metaspace       used 48135K, committed 49344K, reserved 1114112K
  class space    used 5269K, committed 5824K, reserved 1048576K
}
Event: 8.226 GC heap after
{Heap after GC invocations=48 (full 2):
 PSYoungGen      total 13312K, used 2024K [0x00000000d5580000, 0x00000000d6580000, 0x0000000100000000)
  eden space 11264K, 0% used [0x00000000d5580000,0x00000000d5580000,0x00000000d6080000)
  from space 2048K, 98% used [0x00000000d6380000,0x00000000d657a220,0x00000000d6580000)
  to   space 2560K, 0% used [0x00000000d6080000,0x00000000d6080000,0x00000000d6300000)
 ParOldGen       total 107520K, used 107355K [0x0000000080000000, 0x0000000086900000, 0x00000000d5580000)
  object space 107520K, 99% used [0x0000000080000000,0x00000000868d6d58,0x0000000086900000)
 Metaspace       used 48135K, committed 49344K, reserved 1114112K
  class space    used 5269K, committed 5824K, reserved 1048576K
}
Event: 8.262 GC heap before
{Heap before GC invocations=49 (full 2):
 PSYoungGen      total 13312K, used 13288K [0x00000000d5580000, 0x00000000d6580000, 0x0000000100000000)
  eden space 11264K, 100% used [0x00000000d5580000,0x00000000d6080000,0x00000000d6080000)
  from space 2048K, 98% used [0x00000000d6380000,0x00000000d657a220,0x00000000d6580000)
  to   space 2560K, 0% used [0x00000000d6080000,0x00000000d6080000,0x00000000d6300000)
 ParOldGen       total 107520K, used 107355K [0x0000000080000000, 0x0000000086900000, 0x00000000d5580000)
  object space 107520K, 99% used [0x0000000080000000,0x00000000868d6d58,0x0000000086900000)
 Metaspace       used 48250K, committed 49536K, reserved 1114112K
  class space    used 5287K, committed 5888K, reserved 1048576K
}
Event: 8.265 GC heap after
{Heap after GC invocations=49 (full 2):
 PSYoungGen      total 13824K, used 2490K [0x00000000d5580000, 0x00000000d6680000, 0x0000000100000000)
  eden space 11264K, 0% used [0x00000000d5580000,0x00000000d5580000,0x00000000d6080000)
  from space 2560K, 97% used [0x00000000d6080000,0x00000000d62eea48,0x00000000d6300000)
  to   space 3072K, 0% used [0x00000000d6380000,0x00000000d6380000,0x00000000d6680000)
 ParOldGen       total 109568K, used 109193K [0x0000000080000000, 0x0000000086b00000, 0x00000000d5580000)
  object space 109568K, 99% used [0x0000000080000000,0x0000000086aa2670,0x0000000086b00000)
 Metaspace       used 48250K, committed 49536K, reserved 1114112K
  class space    used 5287K, committed 5888K, reserved 1048576K
}
Event: 8.294 GC heap before
{Heap before GC invocations=50 (full 2):
 PSYoungGen      total 13824K, used 13754K [0x00000000d5580000, 0x00000000d6680000, 0x0000000100000000)
  eden space 11264K, 100% used [0x00000000d5580000,0x00000000d6080000,0x00000000d6080000)
  from space 2560K, 97% used [0x00000000d6080000,0x00000000d62eea48,0x00000000d6300000)
  to   space 3072K, 0% used [0x00000000d6380000,0x00000000d6380000,0x00000000d6680000)
 ParOldGen       total 109568K, used 109193K [0x0000000080000000, 0x0000000086b00000, 0x00000000d5580000)
  object space 109568K, 99% used [0x0000000080000000,0x0000000086aa2670,0x0000000086b00000)
 Metaspace       used 48430K, committed 49728K, reserved 1114112K
  class space    used 5313K, committed 5888K, reserved 1048576K
}
Event: 8.296 GC heap after
{Heap after GC invocations=50 (full 2):
 PSYoungGen      total 13824K, used 2412K [0x00000000d5580000, 0x00000000d6600000, 0x0000000100000000)
  eden space 11264K, 0% used [0x00000000d5580000,0x00000000d5580000,0x00000000d6080000)
  from space 2560K, 94% used [0x00000000d6380000,0x00000000d65db388,0x00000000d6600000)
  to   space 2560K, 0% used [0x00000000d6080000,0x00000000d6080000,0x00000000d6300000)
 ParOldGen       total 111616K, used 111517K [0x0000000080000000, 0x0000000086d00000, 0x00000000d5580000)
  object space 111616K, 99% used [0x0000000080000000,0x0000000086ce7428,0x0000000086d00000)
 Metaspace       used 48430K, committed 49728K, reserved 1114112K
  class space    used 5313K, committed 5888K, reserved 1048576K
}
Event: 8.327 GC heap before
{Heap before GC invocations=51 (full 2):
 PSYoungGen      total 13824K, used 13676K [0x00000000d5580000, 0x00000000d6600000, 0x0000000100000000)
  eden space 11264K, 100% used [0x00000000d5580000,0x00000000d6080000,0x00000000d6080000)
  from space 2560K, 94% used [0x00000000d6380000,0x00000000d65db388,0x00000000d6600000)
  to   space 2560K, 0% used [0x00000000d6080000,0x00000000d6080000,0x00000000d6300000)
 ParOldGen       total 111616K, used 111517K [0x0000000080000000, 0x0000000086d00000, 0x00000000d5580000)
  object space 111616K, 99% used [0x0000000080000000,0x0000000086ce7428,0x0000000086d00000)
 Metaspace       used 48669K, committed 49984K, reserved 1114112K
  class space    used 5341K, committed 5952K, reserved 1048576K
}
Event: 8.330 GC heap after
{Heap after GC invocations=51 (full 2):
 PSYoungGen      total 13824K, used 2216K [0x00000000d5580000, 0x00000000d6580000, 0x0000000100000000)
  eden space 11264K, 0% used [0x00000000d5580000,0x00000000d5580000,0x00000000d6080000)
  from space 2560K, 86% used [0x00000000d6080000,0x00000000d62aa008,0x00000000d6300000)
  to   space 2560K, 0% used [0x00000000d6300000,0x00000000d6300000,0x00000000d6580000)
 ParOldGen       total 114176K, used 113735K [0x0000000080000000, 0x0000000086f80000, 0x00000000d5580000)
  object space 114176K, 99% used [0x0000000080000000,0x0000000086f11d10,0x0000000086f80000)
 Metaspace       used 48669K, committed 49984K, reserved 1114112K
  class space    used 5341K, committed 5952K, reserved 1048576K
}
Event: 8.386 GC heap before
{Heap before GC invocations=52 (full 2):
 PSYoungGen      total 13824K, used 13480K [0x00000000d5580000, 0x00000000d6580000, 0x0000000100000000)
  eden space 11264K, 100% used [0x00000000d5580000,0x00000000d6080000,0x00000000d6080000)
  from space 2560K, 86% used [0x00000000d6080000,0x00000000d62aa008,0x00000000d6300000)
  to   space 2560K, 0% used [0x00000000d6300000,0x00000000d6300000,0x00000000d6580000)
 ParOldGen       total 114176K, used 113735K [0x0000000080000000, 0x0000000086f80000, 0x00000000d5580000)
  object space 114176K, 99% used [0x0000000080000000,0x0000000086f11d10,0x0000000086f80000)
 Metaspace       used 48809K, committed 50112K, reserved 1114112K
  class space    used 5357K, committed 5952K, reserved 1048576K
}
Event: 8.389 GC heap after
{Heap after GC invocations=52 (full 2):
 PSYoungGen      total 13312K, used 2516K [0x00000000d5580000, 0x00000000d6680000, 0x0000000100000000)
  eden space 10752K, 0% used [0x00000000d5580000,0x00000000d5580000,0x00000000d6000000)
  from space 2560K, 98% used [0x00000000d6300000,0x00000000d65752b0,0x00000000d6580000)
  to   space 3072K, 0% used [0x00000000d6000000,0x00000000d6000000,0x00000000d6300000)
 ParOldGen       total 116224K, used 115750K [0x0000000080000000, 0x0000000087180000, 0x00000000d5580000)
  object space 116224K, 99% used [0x0000000080000000,0x00000000871099e0,0x0000000087180000)
 Metaspace       used 48809K, committed 50112K, reserved 1114112K
  class space    used 5357K, committed 5952K, reserved 1048576K
}
Event: 8.433 GC heap before
{Heap before GC invocations=53 (full 2):
 PSYoungGen      total 13312K, used 13268K [0x00000000d5580000, 0x00000000d6680000, 0x0000000100000000)
  eden space 10752K, 100% used [0x00000000d5580000,0x00000000d6000000,0x00000000d6000000)
  from space 2560K, 98% used [0x00000000d6300000,0x00000000d65752b0,0x00000000d6580000)
  to   space 3072K, 0% used [0x00000000d6000000,0x00000000d6000000,0x00000000d6300000)
 ParOldGen       total 116224K, used 115750K [0x0000000080000000, 0x0000000087180000, 0x00000000d5580000)
  object space 116224K, 99% used [0x0000000080000000,0x0000000087109a18,0x0000000087180000)
 Metaspace       used 49048K, committed 50304K, reserved 1114112K
  class space    used 5386K, committed 5952K, reserved 1048576K
}
Event: 8.437 GC heap after
{Heap after GC invocations=53 (full 2):
 PSYoungGen      total 13824K, used 1934K [0x00000000d5580000, 0x00000000d6580000, 0x0000000100000000)
  eden space 10752K, 0% used [0x00000000d5580000,0x00000000d5580000,0x00000000d6000000)
  from space 3072K, 62% used [0x00000000d6000000,0x00000000d61e38c0,0x00000000d6300000)
  to   space 2560K, 0% used [0x00000000d6300000,0x00000000d6300000,0x00000000d6580000)
 ParOldGen       total 118272K, used 118056K [0x0000000080000000, 0x0000000087380000, 0x00000000d5580000)
  object space 118272K, 99% used [0x0000000080000000,0x000000008734a0f8,0x0000000087380000)
 Metaspace       used 49048K, committed 50304K, reserved 1114112K
  class space    used 5386K, committed 5952K, reserved 1048576K
}
Event: 8.494 GC heap before
{Heap before GC invocations=54 (full 2):
 PSYoungGen      total 13824K, used 12686K [0x00000000d5580000, 0x00000000d6580000, 0x0000000100000000)
  eden space 10752K, 100% used [0x00000000d5580000,0x00000000d6000000,0x00000000d6000000)
  from space 3072K, 62% used [0x00000000d6000000,0x00000000d61e38c0,0x00000000d6300000)
  to   space 2560K, 0% used [0x00000000d6300000,0x00000000d6300000,0x00000000d6580000)
 ParOldGen       total 118272K, used 118059K [0x0000000080000000, 0x0000000087380000, 0x00000000d5580000)
  object space 118272K, 99% used [0x0000000080000000,0x000000008734ad30,0x0000000087380000)
 Metaspace       used 49327K, committed 50624K, reserved 1114112K
  class space    used 5409K, committed 6016K, reserved 1048576K
}
Event: 8.497 GC heap after
{Heap after GC invocations=54 (full 2):
 PSYoungGen      total 13312K, used 2105K [0x00000000d5580000, 0x00000000d6580000, 0x0000000100000000)
  eden space 10752K, 0% used [0x00000000d5580000,0x00000000d5580000,0x00000000d6000000)
  from space 2560K, 82% used [0x00000000d6300000,0x00000000d650e4d8,0x00000000d6580000)
  to   space 2560K, 0% used [0x00000000d6080000,0x00000000d6080000,0x00000000d6300000)
 ParOldGen       total 119808K, used 119757K [0x0000000080000000, 0x0000000087500000, 0x00000000d5580000)
  object space 119808K, 99% used [0x0000000080000000,0x00000000874f35c8,0x0000000087500000)
 Metaspace       used 49327K, committed 50624K, reserved 1114112K
  class space    used 5409K, committed 6016K, reserved 1048576K
}
Event: 8.537 GC heap before
{Heap before GC invocations=55 (full 2):
 PSYoungGen      total 13312K, used 12739K [0x00000000d5580000, 0x00000000d6580000, 0x0000000100000000)
  eden space 10752K, 98% used [0x00000000d5580000,0x00000000d5fe2800,0x00000000d6000000)
  from space 2560K, 82% used [0x00000000d6300000,0x00000000d650e4d8,0x00000000d6580000)
  to   space 2560K, 0% used [0x00000000d6080000,0x00000000d6080000,0x00000000d6300000)
 ParOldGen       total 119808K, used 119757K [0x0000000080000000, 0x0000000087500000, 0x00000000d5580000)
  object space 119808K, 99% used [0x0000000080000000,0x00000000874f35c8,0x0000000087500000)
 Metaspace       used 49763K, committed 51072K, reserved 1114112K
  class space    used 5455K, committed 6016K, reserved 1048576K
}
Event: 8.539 GC heap after
{Heap after GC invocations=55 (full 2):
 PSYoungGen      total 13312K, used 2212K [0x00000000d5580000, 0x00000000d6500000, 0x0000000100000000)
  eden space 10752K, 0% used [0x00000000d5580000,0x00000000d5580000,0x00000000d6000000)
  from space 2560K, 86% used [0x00000000d6080000,0x00000000d62a9130,0x00000000d6300000)
  to   space 2048K, 0% used [0x00000000d6300000,0x00000000d6300000,0x00000000d6500000)
 ParOldGen       total 121856K, used 121654K [0x0000000080000000, 0x0000000087700000, 0x00000000d5580000)
  object space 121856K, 99% used [0x0000000080000000,0x00000000876cd840,0x0000000087700000)
 Metaspace       used 49763K, committed 51072K, reserved 1114112K
  class space    used 5455K, committed 6016K, reserved 1048576K
}

