# JRE version: OpenJDK Runtime Environment Temurin-21.0.11+10 (21.0.11+10) (build 21.0.11+10-LTS)
# Java VM: OpenJDK 64-Bit Server VM Temurin-21.0.11+10 (21.0.11+10-LTS, mixed mode, sharing, tiered, compressed oops, compressed class ptrs, parallel gc, windows-amd64)
GC Precious Log:
 CardTable entry size: 512
 CPUs: 12 total, 12 available
 Memory: 7863M
 Large Page Support: Disabled
 NUMA Support: Disabled
 Compressed Oops: Enabled (32-bit)
 Alignments: Space 512K, Generation 512K, Heap 2M
 Heap Min Capacity: 100M
 Heap Initial Capacity: 100M
 Heap Max Capacity: 2G
 Pre-touch: Disabled
 Parallel Workers: 10
Heap:
 PSYoungGen      total 6656K, used 6641K [0x00000000d5580000, 0x00000000d6800000, 0x0000000100000000)
  eden space 2048K, 100% used [0x00000000d5580000,0x00000000d5780000,0x00000000d5780000)
  from space 4608K, 99% used [0x00000000d5e80000,0x00000000d62fc710,0x00000000d6300000)
  to   space 7168K, 30% used [0x00000000d5780000,0x00000000d59a6f70,0x00000000d5e80000)
 ParOldGen       total 297984K, used 297512K [0x0000000080000000, 0x0000000092300000, 0x00000000d5580000)
  object space 297984K, 99% used [0x0000000080000000,0x000000009228a0b0,0x0000000092300000)
 Metaspace       used 71127K, committed 72704K, reserved 1114112K
  class space    used 7604K, committed 8320K, reserved 1048576K
GC Heap History (20 events):
Event: 67.800 GC heap after
{Heap after GC invocations=194 (full 6):
 PSYoungGen      total 10752K, used 4602K [0x00000000d5580000, 0x00000000d6a80000, 0x0000000100000000)
  eden space 6144K, 0% used [0x00000000d5580000,0x00000000d5580000,0x00000000d5b80000)
  from space 4608K, 99% used [0x00000000d6200000,0x00000000d667eac0,0x00000000d6680000)
  to   space 6656K, 0% used [0x00000000d5b80000,0x00000000d5b80000,0x00000000d6200000)
 ParOldGen       total 276480K, used 276334K [0x0000000080000000, 0x0000000090e00000, 0x00000000d5580000)
  object space 276480K, 99% used [0x0000000080000000,0x0000000090ddbb70,0x0000000090e00000)
 Metaspace       used 71120K, committed 72704K, reserved 1114112K
  class space    used 7604K, committed 8320K, reserved 1048576K
}
Event: 67.806 GC heap before
{Heap before GC invocations=195 (full 6):
 PSYoungGen      total 10752K, used 10705K [0x00000000d5580000, 0x00000000d6a80000, 0x0000000100000000)
  eden space 6144K, 99% used [0x00000000d5580000,0x00000000d5b75c28,0x00000000d5b80000)
  from space 4608K, 99% used [0x00000000d6200000,0x00000000d667eac0,0x00000000d6680000)
  to   space 6656K, 0% used [0x00000000d5b80000,0x00000000d5b80000,0x00000000d6200000)
 ParOldGen       total 276480K, used 276334K [0x0000000080000000, 0x0000000090e00000, 0x00000000d5580000)
  object space 276480K, 99% used [0x0000000080000000,0x0000000090ddbb70,0x0000000090e00000)
 Metaspace       used 71120K, committed 72704K, reserved 1114112K
  class space    used 7604K, committed 8320K, reserved 1048576K
}
Event: 67.810 GC heap after
{Heap after GC invocations=195 (full 6):
 PSYoungGen      total 8704K, used 2526K [0x00000000d5580000, 0x00000000d6400000, 0x0000000100000000)
  eden space 6144K, 0% used [0x00000000d5580000,0x00000000d5580000,0x00000000d5b80000)
  from space 2560K, 98% used [0x00000000d5b80000,0x00000000d5df7b00,0x00000000d5e00000)
  to   space 4096K, 0% used [0x00000000d6000000,0x00000000d6000000,0x00000000d6400000)
 ParOldGen       total 281088K, used 280795K [0x0000000080000000, 0x0000000091280000, 0x00000000d5580000)
  object space 281088K, 99% used [0x0000000080000000,0x0000000091236d08,0x0000000091280000)
 Metaspace       used 71120K, committed 72704K, reserved 1114112K
  class space    used 7604K, committed 8320K, reserved 1048576K
}
Event: 67.814 GC heap before
{Heap before GC invocations=196 (full 6):
 PSYoungGen      total 8704K, used 8643K [0x00000000d5580000, 0x00000000d6400000, 0x0000000100000000)
  eden space 6144K, 99% used [0x00000000d5580000,0x00000000d5b792c8,0x00000000d5b80000)
  from space 2560K, 98% used [0x00000000d5b80000,0x00000000d5df7b00,0x00000000d5e00000)
  to   space 4096K, 0% used [0x00000000d6000000,0x00000000d6000000,0x00000000d6400000)
 ParOldGen       total 281088K, used 280795K [0x0000000080000000, 0x0000000091280000, 0x00000000d5580000)
  object space 281088K, 99% used [0x0000000080000000,0x0000000091236d08,0x0000000091280000)
 Metaspace       used 71120K, committed 72704K, reserved 1114112K
  class space    used 7604K, committed 8320K, reserved 1048576K
}
Event: 67.816 GC heap after
{Heap after GC invocations=196 (full 6):
 PSYoungGen      total 9216K, used 4092K [0x00000000d5580000, 0x00000000d6700000, 0x0000000100000000)
  eden space 5120K, 0% used [0x00000000d5580000,0x00000000d5580000,0x00000000d5a80000)
  from space 4096K, 99% used [0x00000000d6000000,0x00000000d63ff0c0,0x00000000d6400000)
  to   space 5632K, 0% used [0x00000000d5a80000,0x00000000d5a80000,0x00000000d6000000)
 ParOldGen       total 282112K, used 281612K [0x0000000080000000, 0x0000000091380000, 0x00000000d5580000)
  object space 282112K, 99% used [0x0000000080000000,0x00000000913030d0,0x0000000091380000)
 Metaspace       used 71120K, committed 72704K, reserved 1114112K
  class space    used 7604K, committed 8320K, reserved 1048576K
}
Event: 67.820 GC heap before
{Heap before GC invocations=197 (full 6):
 PSYoungGen      total 9216K, used 9212K [0x00000000d5580000, 0x00000000d6700000, 0x0000000100000000)
  eden space 5120K, 100% used [0x00000000d5580000,0x00000000d5a80000,0x00000000d5a80000)
  from space 4096K, 99% used [0x00000000d6000000,0x00000000d63ff0c0,0x00000000d6400000)
  to   space 5632K, 0% used [0x00000000d5a80000,0x00000000d5a80000,0x00000000d6000000)
 ParOldGen       total 282112K, used 281612K [0x0000000080000000, 0x0000000091380000, 0x00000000d5580000)
  object space 282112K, 99% used [0x0000000080000000,0x00000000913030d0,0x0000000091380000)
 Metaspace       used 71120K, committed 72704K, reserved 1114112K
  class space    used 7604K, committed 8320K, reserved 1048576K
}
Event: 67.823 GC heap after
{Heap after GC invocations=197 (full 6):
 PSYoungGen      total 7680K, used 2217K [0x00000000d5580000, 0x00000000d6200000, 0x0000000100000000)
  eden space 5120K, 0% used [0x00000000d5580000,0x00000000d5580000,0x00000000d5a80000)
  from space 2560K, 86% used [0x00000000d5a80000,0x00000000d5caa680,0x00000000d5d00000)
  to   space 3584K, 0% used [0x00000000d5e80000,0x00000000d5e80000,0x00000000d6200000)
 ParOldGen       total 285696K, used 285650K [0x0000000080000000, 0x0000000091700000, 0x00000000d5580000)
  object space 285696K, 99% used [0x0000000080000000,0x00000000916f48d0,0x0000000091700000)
 Metaspace       used 71120K, committed 72704K, reserved 1114112K
  class space    used 7604K, committed 8320K, reserved 1048576K
}
Event: 67.828 GC heap before
{Heap before GC invocations=198 (full 6):
 PSYoungGen      total 7680K, used 7337K [0x00000000d5580000, 0x00000000d6200000, 0x0000000100000000)
  eden space 5120K, 100% used [0x00000000d5580000,0x00000000d5a80000,0x00000000d5a80000)
  from space 2560K, 86% used [0x00000000d5a80000,0x00000000d5caa680,0x00000000d5d00000)
  to   space 3584K, 0% used [0x00000000d5e80000,0x00000000d5e80000,0x00000000d6200000)
 ParOldGen       total 285696K, used 285650K [0x0000000080000000, 0x0000000091700000, 0x00000000d5580000)
  object space 285696K, 99% used [0x0000000080000000,0x00000000916f48d0,0x0000000091700000)
 Metaspace       used 71120K, committed 72704K, reserved 1114112K
  class space    used 7604K, committed 8320K, reserved 1048576K
}
Event: 67.829 GC heap after
{Heap after GC invocations=198 (full 6):
 PSYoungGen      total 8704K, used 3573K [0x00000000d5580000, 0x00000000d6300000, 0x0000000100000000)
  eden space 5120K, 0% used [0x00000000d5580000,0x00000000d5580000,0x00000000d5a80000)
  from space 3584K, 99% used [0x00000000d5e80000,0x00000000d61fd658,0x00000000d6200000)
  to   space 4096K, 0% used [0x00000000d5a80000,0x00000000d5a80000,0x00000000d5e80000)
 ParOldGen       total 286208K, used 285830K [0x0000000080000000, 0x0000000091780000, 0x00000000d5580000)
  object space 286208K, 99% used [0x0000000080000000,0x0000000091721aa8,0x0000000091780000)
 Metaspace       used 71120K, committed 72704K, reserved 1114112K
  class space    used 7604K, committed 8320K, reserved 1048576K
}
Event: 67.866 GC heap before
{Heap before GC invocations=199 (full 6):
 PSYoungGen      total 8704K, used 8693K [0x00000000d5580000, 0x00000000d6300000, 0x0000000100000000)
  eden space 5120K, 100% used [0x00000000d5580000,0x00000000d5a80000,0x00000000d5a80000)
  from space 3584K, 99% used [0x00000000d5e80000,0x00000000d61fd658,0x00000000d6200000)
  to   space 4096K, 0% used [0x00000000d5a80000,0x00000000d5a80000,0x00000000d5e80000)
 ParOldGen       total 286208K, used 285830K [0x0000000080000000, 0x0000000091780000, 0x00000000d5580000)
  object space 286208K, 99% used [0x0000000080000000,0x0000000091721aa8,0x0000000091780000)
 Metaspace       used 71126K, committed 72704K, reserved 1114112K
  class space    used 7604K, committed 8320K, reserved 1048576K
}
Event: 67.870 GC heap after
{Heap after GC invocations=199 (full 6):
 PSYoungGen      total 7168K, used 1834K [0x00000000d5580000, 0x00000000d6000000, 0x0000000100000000)
  eden space 5120K, 0% used [0x00000000d5580000,0x00000000d5580000,0x00000000d5a80000)
  from space 2048K, 89% used [0x00000000d5a80000,0x00000000d5c4a8f0,0x00000000d5c80000)
  to   space 2560K, 0% used [0x00000000d5d80000,0x00000000d5d80000,0x00000000d6000000)
 ParOldGen       total 289280K, used 289220K [0x0000000080000000, 0x0000000091a80000, 0x00000000d5580000)
  object space 289280K, 99% used [0x0000000080000000,0x0000000091a710b0,0x0000000091a80000)
 Metaspace       used 71126K, committed 72704K, reserved 1114112K
  class space    used 7604K, committed 8320K, reserved 1048576K
}
Event: 67.901 GC heap before
{Heap before GC invocations=200 (full 6):
 PSYoungGen      total 7168K, used 6953K [0x00000000d5580000, 0x00000000d6000000, 0x0000000100000000)
  eden space 5120K, 99% used [0x00000000d5580000,0x00000000d5a7ff00,0x00000000d5a80000)
  from space 2048K, 89% used [0x00000000d5a80000,0x00000000d5c4a8f0,0x00000000d5c80000)
  to   space 2560K, 0% used [0x00000000d5d80000,0x00000000d5d80000,0x00000000d6000000)
 ParOldGen       total 289280K, used 289220K [0x0000000080000000, 0x0000000091a80000, 0x00000000d5580000)
  object space 289280K, 99% used [0x0000000080000000,0x0000000091a710b0,0x0000000091a80000)
 Metaspace       used 71127K, committed 72704K, reserved 1114112K
  class space    used 7604K, committed 8320K, reserved 1048576K
}
Event: 67.904 GC heap after
{Heap after GC invocations=200 (full 6):
 PSYoungGen      total 6656K, used 2533K [0x00000000d5580000, 0x00000000d6300000, 0x0000000100000000)
  eden space 4096K, 0% used [0x00000000d5580000,0x00000000d5580000,0x00000000d5980000)
  from space 2560K, 98% used [0x00000000d5d80000,0x00000000d5ff9760,0x00000000d6000000)
  to   space 4096K, 0% used [0x00000000d5980000,0x00000000d5980000,0x00000000d5d80000)
 ParOldGen       total 290816K, used 290329K [0x0000000080000000, 0x0000000091c00000, 0x00000000d5580000)
  object space 290816K, 99% used [0x0000000080000000,0x0000000091b86750,0x0000000091c00000)
 Metaspace       used 71127K, committed 72704K, reserved 1114112K
  class space    used 7604K, committed 8320K, reserved 1048576K
}
Event: 67.944 GC heap before
{Heap before GC invocations=201 (full 6):
 PSYoungGen      total 6656K, used 6620K [0x00000000d5580000, 0x00000000d6300000, 0x0000000100000000)
  eden space 4096K, 99% used [0x00000000d5580000,0x00000000d597dc60,0x00000000d5980000)
  from space 2560K, 98% used [0x00000000d5d80000,0x00000000d5ff9760,0x00000000d6000000)
  to   space 4096K, 0% used [0x00000000d5980000,0x00000000d5980000,0x00000000d5d80000)
 ParOldGen       total 290816K, used 290329K [0x0000000080000000, 0x0000000091c00000, 0x00000000d5580000)
  object space 290816K, 99% used [0x0000000080000000,0x0000000091b86750,0x0000000091c00000)
 Metaspace       used 71127K, committed 72704K, reserved 1114112K
  class space    used 7604K, committed 8320K, reserved 1048576K
}
Event: 67.948 GC heap after
{Heap after GC invocations=201 (full 6):
 PSYoungGen      total 8192K, used 4016K [0x00000000d5580000, 0x00000000d6300000, 0x0000000100000000)
  eden space 4096K, 0% used [0x00000000d5580000,0x00000000d5580000,0x00000000d5980000)
  from space 4096K, 98% used [0x00000000d5980000,0x00000000d5d6c3d0,0x00000000d5d80000)
  to   space 4608K, 0% used [0x00000000d5e80000,0x00000000d5e80000,0x00000000d6300000)
 ParOldGen       total 292352K, used 292260K [0x0000000080000000, 0x0000000091d80000, 0x00000000d5580000)
  object space 292352K, 99% used [0x0000000080000000,0x0000000091d690d0,0x0000000091d80000)
 Metaspace       used 71127K, committed 72704K, reserved 1114112K
  class space    used 7604K, committed 8320K, reserved 1048576K
}
Event: 67.988 GC heap before
{Heap before GC invocations=202 (full 6):
 PSYoungGen      total 8192K, used 7820K [0x00000000d5580000, 0x00000000d6300000, 0x0000000100000000)
  eden space 4096K, 92% used [0x00000000d5580000,0x00000000d5936c70,0x00000000d5980000)
  from space 4096K, 98% used [0x00000000d5980000,0x00000000d5d6c3d0,0x00000000d5d80000)
  to   space 4608K, 0% used [0x00000000d5e80000,0x00000000d5e80000,0x00000000d6300000)
 ParOldGen       total 292352K, used 292260K [0x0000000080000000, 0x0000000091d80000, 0x00000000d5580000)
  object space 292352K, 99% used [0x0000000080000000,0x0000000091d690d0,0x0000000091d80000)
 Metaspace       used 71127K, committed 72704K, reserved 1114112K
  class space    used 7604K, committed 8320K, reserved 1048576K
}
Event: 67.992 GC heap after
{Heap after GC invocations=202 (full 6):
 PSYoungGen      total 6656K, used 4593K [0x00000000d5580000, 0x00000000d6800000, 0x0000000100000000)
  eden space 2048K, 0% used [0x00000000d5580000,0x00000000d5580000,0x00000000d5780000)
  from space 4608K, 99% used [0x00000000d5e80000,0x00000000d62fc710,0x00000000d6300000)
  to   space 7168K, 0% used [0x00000000d5780000,0x00000000d5780000,0x00000000d5e80000)
 ParOldGen       total 294400K, used 294180K [0x0000000080000000, 0x0000000091f80000, 0x00000000d5580000)
  object space 294400K, 99% used [0x0000000080000000,0x0000000091f490d0,0x0000000091f80000)
 Metaspace       used 71127K, committed 72704K, reserved 1114112K
  class space    used 7604K, committed 8320K, reserved 1048576K
}
Event: 68.012 GC heap before
{Heap before GC invocations=203 (full 6):
 PSYoungGen      total 6656K, used 6641K [0x00000000d5580000, 0x00000000d6800000, 0x0000000100000000)
  eden space 2048K, 100% used [0x00000000d5580000,0x00000000d5780000,0x00000000d5780000)
  from space 4608K, 99% used [0x00000000d5e80000,0x00000000d62fc710,0x00000000d6300000)
  to   space 7168K, 0% used [0x00000000d5780000,0x00000000d5780000,0x00000000d5e80000)
 ParOldGen       total 294400K, used 294180K [0x0000000080000000, 0x0000000091f80000, 0x00000000d5580000)
  object space 294400K, 99% used [0x0000000080000000,0x0000000091f490d0,0x0000000091f80000)
 Metaspace       used 71127K, committed 72704K, reserved 1114112K
  class space    used 7604K, committed 8320K, reserved 1048576K
}
Event: 68.016 GC heap after
{Heap after GC invocations=203 (full 6):
 PSYoungGen      total 6656K, used 6641K [0x00000000d5580000, 0x00000000d6800000, 0x0000000100000000)
  eden space 2048K, 100% used [0x00000000d5580000,0x00000000d5780000,0x00000000d5780000)
  from space 4608K, 99% used [0x00000000d5e80000,0x00000000d62fc710,0x00000000d6300000)
  to   space 7168K, 30% used [0x00000000d5780000,0x00000000d59a6f70,0x00000000d5e80000)
 ParOldGen       total 297984K, used 297512K [0x0000000080000000, 0x0000000092300000, 0x00000000d5580000)
  object space 297984K, 99% used [0x0000000080000000,0x000000009228a0b0,0x0000000092300000)
 Metaspace       used 71127K, committed 72704K, reserved 1114112K
  class space    used 7604K, committed 8320K, reserved 1048576K
}
Event: 68.016 GC heap before
{Heap before GC invocations=204 (full 7):
 PSYoungGen      total 6656K, used 6641K [0x00000000d5580000, 0x00000000d6800000, 0x0000000100000000)
  eden space 2048K, 100% used [0x00000000d5580000,0x00000000d5780000,0x00000000d5780000)
  from space 4608K, 99% used [0x00000000d5e80000,0x00000000d62fc710,0x00000000d6300000)
  to   space 7168K, 30% used [0x00000000d5780000,0x00000000d59a6f70,0x00000000d5e80000)
 ParOldGen       total 297984K, used 297512K [0x0000000080000000, 0x0000000092300000, 0x00000000d5580000)
  object space 297984K, 99% used [0x0000000080000000,0x000000009228a0b0,0x0000000092300000)
 Metaspace       used 71127K, committed 72704K, reserved 1114112K
  class space    used 7604K, committed 8320K, reserved 1048576K
}

