# JRE version: Java(TM) SE Runtime Environment (17.0.12+8) (build 17.0.12+8-LTS-286)
# Java VM: Java HotSpot(TM) 64-Bit Server VM (17.0.12+8-LTS-286, mixed mode, emulated-client, sharing, tiered, compressed oops, compressed class ptrs, g1 gc, windows-amd64)
GC Precious Log:
 CPUs: 12 total, 12 available
 Memory: 7863M
 Large Page Support: Disabled
 NUMA Support: Disabled
 Compressed Oops: Enabled (32-bit)
 Heap Region Size: 1M
 Heap Min Capacity: 8M
 Heap Initial Capacity: 124M
 Heap Max Capacity: 1966M
 Pre-touch: Disabled
 Parallel Workers: 10
 Concurrent Workers: 3
 Concurrent Refinement Workers: 10
 Periodic GC: Disabled
Heap:
 garbage-first heap   total 58368K, used 23549K [0x0000000085200000, 0x0000000100000000)
  region size 1024K, 4 young (4096K), 4 survivors (4096K)
 Metaspace       used 44484K, committed 44928K, reserved 1114112K
  class space    used 6248K, committed 6464K, reserved 1048576K
GC Heap History (19 events):
Event: 0.649 GC heap before
{Heap before GC invocations=0 (full 0):
 garbage-first heap   total 126976K, used 24576K [0x0000000085200000, 0x0000000100000000)
  region size 1024K, 23 young (23552K), 0 survivors (0K)
 Metaspace       used 5219K, committed 5376K, reserved 1114112K
  class space    used 705K, committed 768K, reserved 1048576K
}
Event: 0.660 GC heap after
{Heap after GC invocations=1 (full 0):
 garbage-first heap   total 126976K, used 7168K [0x0000000085200000, 0x0000000100000000)
  region size 1024K, 3 young (3072K), 3 survivors (3072K)
 Metaspace       used 5219K, committed 5376K, reserved 1114112K
  class space    used 705K, committed 768K, reserved 1048576K
}
Event: 1.112 GC heap before
{Heap before GC invocations=1 (full 0):
 garbage-first heap   total 126976K, used 34816K [0x0000000085200000, 0x0000000100000000)
  region size 1024K, 30 young (30720K), 3 survivors (3072K)
 Metaspace       used 10517K, committed 10816K, reserved 1114112K
  class space    used 1572K, committed 1728K, reserved 1048576K
}
Event: 1.116 GC heap after
{Heap after GC invocations=2 (full 0):
 garbage-first heap   total 126976K, used 9227K [0x0000000085200000, 0x0000000100000000)
  region size 1024K, 2 young (2048K), 2 survivors (2048K)
 Metaspace       used 10517K, committed 10816K, reserved 1114112K
  class space    used 1572K, committed 1728K, reserved 1048576K
}
Event: 1.861 GC heap before
{Heap before GC invocations=2 (full 0):
 garbage-first heap   total 126976K, used 77835K [0x0000000085200000, 0x0000000100000000)
  region size 1024K, 70 young (71680K), 2 survivors (2048K)
 Metaspace       used 20816K, committed 21120K, reserved 1114112K
  class space    used 2889K, committed 3008K, reserved 1048576K
}
Event: 1.870 GC heap after
{Heap after GC invocations=3 (full 0):
 garbage-first heap   total 126976K, used 14830K [0x0000000085200000, 0x0000000100000000)
  region size 1024K, 8 young (8192K), 8 survivors (8192K)
 Metaspace       used 20816K, committed 21120K, reserved 1114112K
  class space    used 2889K, committed 3008K, reserved 1048576K
}
Event: 1.917 GC heap before
{Heap before GC invocations=3 (full 0):
 garbage-first heap   total 126976K, used 18926K [0x0000000085200000, 0x0000000100000000)
  region size 1024K, 13 young (13312K), 8 survivors (8192K)
 Metaspace       used 21261K, committed 21504K, reserved 1114112K
  class space    used 2945K, committed 3072K, reserved 1048576K
}
Event: 1.927 GC heap after
{Heap after GC invocations=4 (full 0):
 garbage-first heap   total 126976K, used 15639K [0x0000000085200000, 0x0000000100000000)
  region size 1024K, 1 young (1024K), 1 survivors (1024K)
 Metaspace       used 21261K, committed 21504K, reserved 1114112K
  class space    used 2945K, committed 3072K, reserved 1048576K
}
Event: 2.442 GC heap before
{Heap before GC invocations=5 (full 0):
 garbage-first heap   total 58368K, used 48407K [0x0000000085200000, 0x0000000100000000)
  region size 1024K, 34 young (34816K), 1 survivors (1024K)
 Metaspace       used 25845K, committed 26176K, reserved 1114112K
  class space    used 3673K, committed 3840K, reserved 1048576K
}
Event: 2.447 GC heap after
{Heap after GC invocations=6 (full 0):
 garbage-first heap   total 58368K, used 17687K [0x0000000085200000, 0x0000000100000000)
  region size 1024K, 3 young (3072K), 3 survivors (3072K)
 Metaspace       used 25845K, committed 26176K, reserved 1114112K
  class space    used 3673K, committed 3840K, reserved 1048576K
}
Event: 2.459 GC heap before
{Heap before GC invocations=6 (full 0):
 garbage-first heap   total 58368K, used 18711K [0x0000000085200000, 0x0000000100000000)
  region size 1024K, 4 young (4096K), 3 survivors (3072K)
 Metaspace       used 25895K, committed 26240K, reserved 1114112K
  class space    used 3683K, committed 3840K, reserved 1048576K
}
Event: 2.463 GC heap after
{Heap after GC invocations=7 (full 0):
 garbage-first heap   total 58368K, used 18198K [0x0000000085200000, 0x0000000100000000)
  region size 1024K, 1 young (1024K), 1 survivors (1024K)
 Metaspace       used 25895K, committed 26240K, reserved 1114112K
  class space    used 3683K, committed 3840K, reserved 1048576K
}
Event: 2.932 GC heap before
{Heap before GC invocations=7 (full 0):
 garbage-first heap   total 58368K, used 41750K [0x0000000085200000, 0x0000000100000000)
  region size 1024K, 24 young (24576K), 1 survivors (1024K)
 Metaspace       used 29698K, committed 30144K, reserved 1114112K
  class space    used 4211K, committed 4416K, reserved 1048576K
}
Event: 2.936 GC heap after
{Heap after GC invocations=8 (full 0):
 garbage-first heap   total 58368K, used 19552K [0x0000000085200000, 0x0000000100000000)
  region size 1024K, 2 young (2048K), 2 survivors (2048K)
 Metaspace       used 29698K, committed 30144K, reserved 1114112K
  class space    used 4211K, committed 4416K, reserved 1048576K
}
Event: 3.868 GC heap before
{Heap before GC invocations=8 (full 0):
 garbage-first heap   total 58368K, used 42080K [0x0000000085200000, 0x0000000100000000)
  region size 1024K, 25 young (25600K), 2 survivors (2048K)
 Metaspace       used 33726K, committed 34176K, reserved 1114112K
  class space    used 4805K, committed 4992K, reserved 1048576K
}
Event: 3.875 GC heap after
{Heap after GC invocations=9 (full 0):
 garbage-first heap   total 58368K, used 20527K [0x0000000085200000, 0x0000000100000000)
  region size 1024K, 3 young (3072K), 3 survivors (3072K)
 Metaspace       used 33726K, committed 34176K, reserved 1114112K
  class space    used 4805K, committed 4992K, reserved 1048576K
}
Event: 4.440 GC heap before
{Heap before GC invocations=9 (full 0):
 garbage-first heap   total 58368K, used 28719K [0x0000000085200000, 0x0000000100000000)
  region size 1024K, 12 young (12288K), 3 survivors (3072K)
 Metaspace       used 35546K, committed 35968K, reserved 1114112K
  class space    used 5119K, committed 5312K, reserved 1048576K
}
Event: 4.445 GC heap after
{Heap after GC invocations=10 (full 0):
 garbage-first heap   total 58368K, used 21009K [0x0000000085200000, 0x0000000100000000)
  region size 1024K, 2 young (2048K), 2 survivors (2048K)
 Metaspace       used 35546K, committed 35968K, reserved 1114112K
  class space    used 5119K, committed 5312K, reserved 1048576K
}
Event: 6.230 GC heap before
{Heap before GC invocations=11 (full 0):
 garbage-first heap   total 58368K, used 45585K [0x0000000085200000, 0x0000000100000000)
  region size 1024K, 26 young (26624K), 2 survivors (2048K)
 Metaspace       used 44484K, committed 44928K, reserved 1114112K
  class space    used 6248K, committed 6464K, reserved 1048576K
}

