# JRE version: Java(TM) SE Runtime Environment (17.0.12+8) (build 17.0.12+8-LTS-286)
# Java VM: Java HotSpot(TM) 64-Bit Server VM (17.0.12+8-LTS-286, mixed mode, sharing, tiered, compressed oops, compressed class ptrs, g1 gc, windows-amd64)
GC Precious Log:
 CPUs: 12 total, 12 available
 Memory: 7863M
 Large Page Support: Disabled
 NUMA Support: Disabled
 Compressed Oops: Enabled (32-bit)
 Heap Region Size: 1M
 Heap Min Capacity: 8M
 Heap Initial Capacity: 124M
 Heap Max Capacity: 1966M
 Pre-touch: Disabled
 Parallel Workers: 10
 Concurrent Workers: 3
 Concurrent Refinement Workers: 10
 Periodic GC: Disabled
Heap:
 garbage-first heap   total 135168K, used 57550K [0x0000000085200000, 0x0000000100000000)
  region size 1024K, 5 young (5120K), 5 survivors (5120K)
 Metaspace       used 33445K, committed 33856K, reserved 1114112K
  class space    used 3836K, committed 3968K, reserved 1048576K
GC Heap History (20 events):
Event: 0.933 GC heap after
{Heap after GC invocations=1 (full 0):
 garbage-first heap   total 126976K, used 3516K [0x0000000085200000, 0x0000000100000000)
  region size 1024K, 3 young (3072K), 3 survivors (3072K)
 Metaspace       used 5207K, committed 5376K, reserved 1114112K
  class space    used 624K, committed 704K, reserved 1048576K
}
Event: 1.244 GC heap before
{Heap before GC invocations=1 (full 0):
 garbage-first heap   total 126976K, used 35260K [0x0000000085200000, 0x0000000100000000)
  region size 1024K, 34 young (34816K), 3 survivors (3072K)
 Metaspace       used 7625K, committed 7808K, reserved 1114112K
  class space    used 912K, committed 1024K, reserved 1048576K
}
Event: 1.249 GC heap after
{Heap after GC invocations=2 (full 0):
 garbage-first heap   total 126976K, used 4800K [0x0000000085200000, 0x0000000100000000)
  region size 1024K, 2 young (2048K), 2 survivors (2048K)
 Metaspace       used 7625K, committed 7808K, reserved 1114112K
  class space    used 912K, committed 1024K, reserved 1048576K
}
Event: 2.326 GC heap before
{Heap before GC invocations=2 (full 0):
 garbage-first heap   total 126976K, used 78528K [0x0000000085200000, 0x0000000100000000)
  region size 1024K, 74 young (75776K), 2 survivors (2048K)
 Metaspace       used 15146K, committed 15360K, reserved 1114112K
  class space    used 1835K, committed 1920K, reserved 1048576K
}
Event: 2.337 GC heap after
{Heap after GC invocations=3 (full 0):
 garbage-first heap   total 126976K, used 11696K [0x0000000085200000, 0x0000000100000000)
  region size 1024K, 8 young (8192K), 8 survivors (8192K)
 Metaspace       used 15146K, committed 15360K, reserved 1114112K
  class space    used 1835K, committed 1920K, reserved 1048576K
}
Event: 3.366 GC heap before
{Heap before GC invocations=3 (full 0):
 garbage-first heap   total 126976K, used 79280K [0x0000000085200000, 0x0000000100000000)
  region size 1024K, 74 young (75776K), 8 survivors (8192K)
 Metaspace       used 16532K, committed 16832K, reserved 1114112K
  class space    used 1950K, committed 2112K, reserved 1048576K
}
Event: 3.376 GC heap after
{Heap after GC invocations=4 (full 0):
 garbage-first heap   total 126976K, used 15325K [0x0000000085200000, 0x0000000100000000)
  region size 1024K, 4 young (4096K), 4 survivors (4096K)
 Metaspace       used 16532K, committed 16832K, reserved 1114112K
  class space    used 1950K, committed 2112K, reserved 1048576K
}
Event: 4.208 GC heap before
{Heap before GC invocations=4 (full 0):
 garbage-first heap   total 126976K, used 53213K [0x0000000085200000, 0x0000000100000000)
  region size 1024K, 38 young (38912K), 4 survivors (4096K)
 Metaspace       used 21258K, committed 21504K, reserved 1114112K
  class space    used 2505K, committed 2624K, reserved 1048576K
}
Event: 4.217 GC heap after
{Heap after GC invocations=5 (full 0):
 garbage-first heap   total 126976K, used 23645K [0x0000000085200000, 0x0000000100000000)
  region size 1024K, 9 young (9216K), 9 survivors (9216K)
 Metaspace       used 21258K, committed 21504K, reserved 1114112K
  class space    used 2505K, committed 2624K, reserved 1048576K
}
Event: 4.723 GC heap before
{Heap before GC invocations=6 (full 0):
 garbage-first heap   total 86016K, used 68701K [0x0000000085200000, 0x0000000100000000)
  region size 1024K, 52 young (53248K), 9 survivors (9216K)
 Metaspace       used 25770K, committed 26112K, reserved 1114112K
  class space    used 3005K, committed 3136K, reserved 1048576K
}
Event: 4.743 GC heap after
{Heap after GC invocations=7 (full 0):
 garbage-first heap   total 94208K, used 38581K [0x0000000085200000, 0x0000000100000000)
  region size 1024K, 10 young (10240K), 10 survivors (10240K)
 Metaspace       used 25770K, committed 26112K, reserved 1114112K
  class space    used 3005K, committed 3136K, reserved 1048576K
}
Event: 5.335 GC heap before
{Heap before GC invocations=7 (full 0):
 garbage-first heap   total 94208K, used 68277K [0x0000000085200000, 0x0000000100000000)
  region size 1024K, 38 young (38912K), 10 survivors (10240K)
 Metaspace       used 26901K, committed 27264K, reserved 1114112K
  class space    used 3086K, committed 3264K, reserved 1048576K
}
Event: 5.425 GC heap after
{Heap after GC invocations=8 (full 0):
 garbage-first heap   total 113664K, used 44189K [0x0000000085200000, 0x0000000100000000)
  region size 1024K, 5 young (5120K), 5 survivors (5120K)
 Metaspace       used 26901K, committed 27264K, reserved 1114112K
  class space    used 3086K, committed 3264K, reserved 1048576K
}
Event: 5.958 GC heap before
{Heap before GC invocations=8 (full 0):
 garbage-first heap   total 113664K, used 80029K [0x0000000085200000, 0x0000000100000000)
  region size 1024K, 41 young (41984K), 5 survivors (5120K)
 Metaspace       used 28329K, committed 28672K, reserved 1114112K
  class space    used 3244K, committed 3392K, reserved 1048576K
}
Event: 5.965 GC heap after
{Heap after GC invocations=9 (full 0):
 garbage-first heap   total 113664K, used 45021K [0x0000000085200000, 0x0000000100000000)
  region size 1024K, 1 young (1024K), 1 survivors (1024K)
 Metaspace       used 28329K, committed 28672K, reserved 1114112K
  class space    used 3244K, committed 3392K, reserved 1048576K
}
Event: 6.467 GC heap before
{Heap before GC invocations=9 (full 0):
 garbage-first heap   total 113664K, used 83933K [0x0000000085200000, 0x0000000100000000)
  region size 1024K, 39 young (39936K), 1 survivors (1024K)
 Metaspace       used 30194K, committed 30528K, reserved 1114112K
  class space    used 3454K, committed 3584K, reserved 1048576K
}
Event: 6.474 GC heap after
{Heap after GC invocations=10 (full 0):
 garbage-first heap   total 113664K, used 46384K [0x0000000085200000, 0x0000000100000000)
  region size 1024K, 3 young (3072K), 3 survivors (3072K)
 Metaspace       used 30194K, committed 30528K, reserved 1114112K
  class space    used 3454K, committed 3584K, reserved 1048576K
}
Event: 7.126 GC heap before
{Heap before GC invocations=10 (full 0):
 garbage-first heap   total 113664K, used 88368K [0x0000000085200000, 0x0000000100000000)
  region size 1024K, 42 young (43008K), 3 survivors (3072K)
 Metaspace       used 31594K, committed 31936K, reserved 1114112K
  class space    used 3570K, committed 3712K, reserved 1048576K
}
Event: 7.134 GC heap after
{Heap after GC invocations=11 (full 0):
 garbage-first heap   total 113664K, used 48509K [0x0000000085200000, 0x0000000100000000)
  region size 1024K, 5 young (5120K), 5 survivors (5120K)
 Metaspace       used 31594K, committed 31936K, reserved 1114112K
  class space    used 3570K, committed 3712K, reserved 1048576K
}
Event: 7.407 GC heap before
{Heap before GC invocations=11 (full 0):
 garbage-first heap   total 113664K, used 77181K [0x0000000085200000, 0x0000000100000000)
  region size 1024K, 27 young (27648K), 5 survivors (5120K)
 Metaspace       used 33445K, committed 33856K, reserved 1114112K
  class space    used 3836K, committed 3968K, reserved 1048576K
}

