# JRE version: Java(TM) SE Runtime Environment (17.0.12+8) (build 17.0.12+8-LTS-286)
# Java VM: Java HotSpot(TM) 64-Bit Server VM (17.0.12+8-LTS-286, mixed mode, sharing, tiered, compressed oops, compressed class ptrs, g1 gc, windows-amd64)
GC Precious Log:
 CPUs: 12 total, 12 available
 Memory: 7863M
 Large Page Support: Disabled
 NUMA Support: Disabled
 Compressed Oops: Enabled (32-bit)
 Heap Region Size: 1M
 Heap Min Capacity: 8M
 Heap Initial Capacity: 124M
 Heap Max Capacity: 1966M
 Pre-touch: Disabled
 Parallel Workers: 10
 Concurrent Workers: 3
 Concurrent Refinement Workers: 10
 Periodic GC: Disabled
Heap:
 garbage-first heap   total 134144K, used 48690K [0x0000000085200000, 0x0000000100000000)
  region size 1024K, 5 young (5120K), 5 survivors (5120K)
 Metaspace       used 30624K, committed 30976K, reserved 1114112K
  class space    used 3515K, committed 3648K, reserved 1048576K
GC Heap History (20 events):
Event: 0.436 GC heap after
{Heap after GC invocations=1 (full 0):
 garbage-first heap   total 126976K, used 3472K [0x0000000085200000, 0x0000000100000000)
  region size 1024K, 3 young (3072K), 3 survivors (3072K)
 Metaspace       used 5213K, committed 5376K, reserved 1114112K
  class space    used 626K, committed 704K, reserved 1048576K
}
Event: 0.825 GC heap before
{Heap before GC invocations=1 (full 0):
 garbage-first heap   total 126976K, used 35216K [0x0000000085200000, 0x0000000100000000)
  region size 1024K, 34 young (34816K), 3 survivors (3072K)
 Metaspace       used 7668K, committed 7872K, reserved 1114112K
  class space    used 914K, committed 1024K, reserved 1048576K
}
Event: 0.829 GC heap after
{Heap after GC invocations=2 (full 0):
 garbage-first heap   total 126976K, used 4519K [0x0000000085200000, 0x0000000100000000)
  region size 1024K, 1 young (1024K), 1 survivors (1024K)
 Metaspace       used 7668K, committed 7872K, reserved 1114112K
  class space    used 914K, committed 1024K, reserved 1048576K
}
Event: 2.031 GC heap before
{Heap before GC invocations=2 (full 0):
 garbage-first heap   total 126976K, used 79271K [0x0000000085200000, 0x0000000100000000)
  region size 1024K, 74 young (75776K), 1 survivors (1024K)
 Metaspace       used 15273K, committed 15488K, reserved 1114112K
  class space    used 1857K, committed 1920K, reserved 1048576K
}
Event: 2.056 GC heap after
{Heap after GC invocations=3 (full 0):
 garbage-first heap   total 126976K, used 12375K [0x0000000085200000, 0x0000000100000000)
  region size 1024K, 9 young (9216K), 9 survivors (9216K)
 Metaspace       used 15273K, committed 15488K, reserved 1114112K
  class space    used 1857K, committed 1920K, reserved 1048576K
}
Event: 3.189 GC heap before
{Heap before GC invocations=3 (full 0):
 garbage-first heap   total 126976K, used 97367K [0x0000000085200000, 0x0000000100000000)
  region size 1024K, 73 young (74752K), 9 survivors (9216K)
 Metaspace       used 16813K, committed 17088K, reserved 1114112K
  class space    used 1989K, committed 2112K, reserved 1048576K
}
Event: 3.207 GC heap after
{Heap after GC invocations=4 (full 0):
 garbage-first heap   total 126976K, used 35265K [0x0000000085200000, 0x0000000100000000)
  region size 1024K, 4 young (4096K), 4 survivors (4096K)
 Metaspace       used 16813K, committed 17088K, reserved 1114112K
  class space    used 1989K, committed 2112K, reserved 1048576K
}
Event: 4.068 GC heap before
{Heap before GC invocations=4 (full 0):
 garbage-first heap   total 126976K, used 80321K [0x0000000085200000, 0x0000000100000000)
  region size 1024K, 33 young (33792K), 4 survivors (4096K)
 Metaspace       used 21261K, committed 21504K, reserved 1114112K
  class space    used 2549K, committed 2688K, reserved 1048576K
}
Event: 4.080 GC heap after
{Heap after GC invocations=5 (full 0):
 garbage-first heap   total 126976K, used 23489K [0x0000000085200000, 0x0000000100000000)
  region size 1024K, 8 young (8192K), 8 survivors (8192K)
 Metaspace       used 21261K, committed 21504K, reserved 1114112K
  class space    used 2549K, committed 2688K, reserved 1048576K
}
Event: 4.872 GC heap before
{Heap before GC invocations=6 (full 0):
 garbage-first heap   total 81920K, used 65473K [0x0000000085200000, 0x0000000100000000)
  region size 1024K, 48 young (49152K), 8 survivors (8192K)
 Metaspace       used 25287K, committed 25600K, reserved 1114112K
  class space    used 2974K, committed 3136K, reserved 1048576K
}
Event: 4.898 GC heap after
{Heap after GC invocations=7 (full 0):
 garbage-first heap   total 89088K, used 37545K [0x0000000085200000, 0x0000000100000000)
  region size 1024K, 6 young (6144K), 6 survivors (6144K)
 Metaspace       used 25287K, committed 25600K, reserved 1114112K
  class space    used 2974K, committed 3136K, reserved 1048576K
}
Event: 4.903 GC heap before
{Heap before GC invocations=7 (full 0):
 garbage-first heap   total 89088K, used 38569K [0x0000000085200000, 0x0000000100000000)
  region size 1024K, 7 young (7168K), 6 survivors (6144K)
 Metaspace       used 25290K, committed 25600K, reserved 1114112K
  class space    used 2974K, committed 3136K, reserved 1048576K
}
Event: 4.915 GC heap after
{Heap after GC invocations=8 (full 0):
 garbage-first heap   total 107520K, used 38912K [0x0000000085200000, 0x0000000100000000)
  region size 1024K, 1 young (1024K), 1 survivors (1024K)
 Metaspace       used 25290K, committed 25600K, reserved 1114112K
  class space    used 2974K, committed 3136K, reserved 1048576K
}
Event: 5.786 GC heap before
{Heap before GC invocations=8 (full 0):
 garbage-first heap   total 107520K, used 74752K [0x0000000085200000, 0x0000000100000000)
  region size 1024K, 36 young (36864K), 1 survivors (1024K)
 Metaspace       used 26838K, committed 27136K, reserved 1114112K
  class space    used 3106K, committed 3264K, reserved 1048576K
}
Event: 5.797 GC heap after
{Heap after GC invocations=9 (full 0):
 garbage-first heap   total 107520K, used 43626K [0x0000000085200000, 0x0000000100000000)
  region size 1024K, 5 young (5120K), 5 survivors (5120K)
 Metaspace       used 26838K, committed 27136K, reserved 1114112K
  class space    used 3106K, committed 3264K, reserved 1048576K
}
Event: 6.304 GC heap before
{Heap before GC invocations=9 (full 0):
 garbage-first heap   total 107520K, used 76394K [0x0000000085200000, 0x0000000100000000)
  region size 1024K, 38 young (38912K), 5 survivors (5120K)
 Metaspace       used 28066K, committed 28416K, reserved 1114112K
  class space    used 3230K, committed 3392K, reserved 1048576K
}
Event: 6.312 GC heap after
{Heap after GC invocations=10 (full 0):
 garbage-first heap   total 107520K, used 44756K [0x0000000085200000, 0x0000000100000000)
  region size 1024K, 1 young (1024K), 1 survivors (1024K)
 Metaspace       used 28066K, committed 28416K, reserved 1114112K
  class space    used 3230K, committed 3392K, reserved 1048576K
}
Event: 7.097 GC heap before
{Heap before GC invocations=10 (full 0):
 garbage-first heap   total 107520K, used 82644K [0x0000000085200000, 0x0000000100000000)
  region size 1024K, 36 young (36864K), 1 survivors (1024K)
 Metaspace       used 29893K, committed 30208K, reserved 1114112K
  class space    used 3444K, committed 3584K, reserved 1048576K
}
Event: 7.108 GC heap after
{Heap after GC invocations=11 (full 0):
 garbage-first heap   total 107520K, used 47394K [0x0000000085200000, 0x0000000100000000)
  region size 1024K, 3 young (3072K), 3 survivors (3072K)
 Metaspace       used 29893K, committed 30208K, reserved 1114112K
  class space    used 3444K, committed 3584K, reserved 1048576K
}
Event: 7.907 GC heap before
{Heap before GC invocations=11 (full 0):
 garbage-first heap   total 107520K, used 83234K [0x0000000085200000, 0x0000000100000000)
  region size 1024K, 37 young (37888K), 3 survivors (3072K)
 Metaspace       used 30624K, committed 30976K, reserved 1114112K
  class space    used 3515K, committed 3648K, reserved 1048576K
}

