# JRE version: Java(TM) SE Runtime Environment (17.0.12+8) (build 17.0.12+8-LTS-286)
# Java VM: Java HotSpot(TM) 64-Bit Server VM (17.0.12+8-LTS-286, mixed mode, sharing, tiered, compressed oops, compressed class ptrs, g1 gc, windows-amd64)
GC Precious Log:
 CPUs: 12 total, 12 available
 Memory: 7863M
 Large Page Support: Disabled
 NUMA Support: Disabled
 Compressed Oops: Enabled (32-bit)
 Heap Region Size: 1M
 Heap Min Capacity: 8M
 Heap Initial Capacity: 124M
 Heap Max Capacity: 1966M
 Pre-touch: Disabled
 Parallel Workers: 10
 Concurrent Workers: 3
 Concurrent Refinement Workers: 10
 Periodic GC: Disabled
Heap:
 garbage-first heap   total 126976K, used 12541K [0x0000000085200000, 0x0000000100000000)
  region size 1024K, 2 young (2048K), 1 survivors (1024K)
 Metaspace       used 15314K, committed 15488K, reserved 1114112K
  class space    used 1841K, committed 1920K, reserved 1048576K
GC Heap History (8 events):
Event: 4.168 GC heap before
{Heap before GC invocations=0 (full 0):
 garbage-first heap   total 126976K, used 23552K [0x0000000085200000, 0x0000000100000000)
  region size 1024K, 23 young (23552K), 0 survivors (0K)
 Metaspace       used 5227K, committed 5376K, reserved 1114112K
  class space    used 629K, committed 704K, reserved 1048576K
}
Event: 4.171 GC heap after
{Heap after GC invocations=1 (full 0):
 garbage-first heap   total 126976K, used 3472K [0x0000000085200000, 0x0000000100000000)
  region size 1024K, 3 young (3072K), 3 survivors (3072K)
 Metaspace       used 5227K, committed 5376K, reserved 1114112K
  class space    used 629K, committed 704K, reserved 1048576K
}
Event: 4.666 GC heap before
{Heap before GC invocations=1 (full 0):
 garbage-first heap   total 126976K, used 36240K [0x0000000085200000, 0x0000000100000000)
  region size 1024K, 35 young (35840K), 3 survivors (3072K)
 Metaspace       used 7905K, committed 8064K, reserved 1114112K
  class space    used 931K, committed 1024K, reserved 1048576K
}
Event: 4.671 GC heap after
{Heap after GC invocations=2 (full 0):
 garbage-first heap   total 126976K, used 4503K [0x0000000085200000, 0x0000000100000000)
  region size 1024K, 1 young (1024K), 1 survivors (1024K)
 Metaspace       used 7905K, committed 8064K, reserved 1114112K
  class space    used 931K, committed 1024K, reserved 1048576K
}
Event: 8.038 GC heap before
{Heap before GC invocations=2 (full 0):
 garbage-first heap   total 126976K, used 79255K [0x0000000085200000, 0x0000000100000000)
  region size 1024K, 74 young (75776K), 1 survivors (1024K)
 Metaspace       used 15233K, committed 15424K, reserved 1114112K
  class space    used 1841K, committed 1920K, reserved 1048576K
}
Event: 9.064 GC heap after
{Heap after GC invocations=3 (full 0):
 garbage-first heap   total 126976K, used 11944K [0x0000000085200000, 0x0000000100000000)
  region size 1024K, 9 young (9216K), 9 survivors (9216K)
 Metaspace       used 15233K, committed 15424K, reserved 1114112K
  class space    used 1841K, committed 1920K, reserved 1048576K
}
Event: 9.145 GC heap before
{Heap before GC invocations=3 (full 0):
 garbage-first heap   total 126976K, used 12968K [0x0000000085200000, 0x0000000100000000)
  region size 1024K, 10 young (10240K), 9 survivors (9216K)
 Metaspace       used 15263K, committed 15424K, reserved 1114112K
  class space    used 1841K, committed 1920K, reserved 1048576K
}
Event: 9.153 GC heap after
{Heap after GC invocations=4 (full 0):
 garbage-first heap   total 126976K, used 12820K [0x0000000085200000, 0x0000000100000000)
  region size 1024K, 1 young (1024K), 1 survivors (1024K)
 Metaspace       used 15263K, committed 15424K, reserved 1114112K
  class space    used 1841K, committed 1920K, reserved 1048576K
}

