# JRE version: Java(TM) SE Runtime Environment (17.0.12+8) (build 17.0.12+8-LTS-286)
# Java VM: Java HotSpot(TM) 64-Bit Server VM (17.0.12+8-LTS-286, mixed mode, sharing, tiered, compressed oops, compressed class ptrs, g1 gc, windows-amd64)
GC Precious Log:
 CPUs: 12 total, 12 available
 Memory: 7863M
 Large Page Support: Disabled
 NUMA Support: Disabled
 Compressed Oops: Enabled (32-bit)
 Heap Region Size: 1M
 Heap Min Capacity: 8M
 Heap Initial Capacity: 124M
 Heap Max Capacity: 1966M
 Pre-touch: Disabled
 Parallel Workers: 10
 Concurrent Workers: 3
 Concurrent Refinement Workers: 10
 Periodic GC: Disabled
Heap:
 garbage-first heap   total 92160K, used 65024K [0x0000000085200000, 0x0000000100000000)
  region size 1024K, 26 young (26624K), 1 survivors (1024K)
 Metaspace       used 26709K, committed 27008K, reserved 1114112K
  class space    used 3054K, committed 3200K, reserved 1048576K
GC Heap History (14 events):
Event: 1.306 GC heap before
{Heap before GC invocations=0 (full 0):
 garbage-first heap   total 126976K, used 22528K [0x0000000085200000, 0x0000000100000000)
  region size 1024K, 23 young (23552K), 0 survivors (0K)
 Metaspace       used 5205K, committed 5376K, reserved 1114112K
  class space    used 625K, committed 704K, reserved 1048576K
}
Event: 1.317 GC heap after
{Heap after GC invocations=1 (full 0):
 garbage-first heap   total 126976K, used 3476K [0x0000000085200000, 0x0000000100000000)
  region size 1024K, 3 young (3072K), 3 survivors (3072K)
 Metaspace       used 5205K, committed 5376K, reserved 1114112K
  class space    used 625K, committed 704K, reserved 1048576K
}
Event: 2.306 GC heap before
{Heap before GC invocations=1 (full 0):
 garbage-first heap   total 126976K, used 34196K [0x0000000085200000, 0x0000000100000000)
  region size 1024K, 33 young (33792K), 3 survivors (3072K)
 Metaspace       used 7564K, committed 7744K, reserved 1114112K
  class space    used 900K, committed 1024K, reserved 1048576K
}
Event: 2.316 GC heap after
{Heap after GC invocations=2 (full 0):
 garbage-first heap   total 126976K, used 4736K [0x0000000085200000, 0x0000000100000000)
  region size 1024K, 2 young (2048K), 2 survivors (2048K)
 Metaspace       used 7564K, committed 7744K, reserved 1114112K
  class space    used 900K, committed 1024K, reserved 1048576K
}
Event: 6.030 GC heap before
{Heap before GC invocations=2 (full 0):
 garbage-first heap   total 126976K, used 77440K [0x0000000085200000, 0x0000000100000000)
  region size 1024K, 74 young (75776K), 2 survivors (2048K)
 Metaspace       used 15228K, committed 15424K, reserved 1114112K
  class space    used 1841K, committed 1920K, reserved 1048576K
}
Event: 6.051 GC heap after
{Heap after GC invocations=3 (full 0):
 garbage-first heap   total 126976K, used 11766K [0x0000000085200000, 0x0000000100000000)
  region size 1024K, 9 young (9216K), 9 survivors (9216K)
 Metaspace       used 15228K, committed 15424K, reserved 1114112K
  class space    used 1841K, committed 1920K, reserved 1048576K
}
Event: 8.349 GC heap before
{Heap before GC invocations=3 (full 0):
 garbage-first heap   total 126976K, used 78326K [0x0000000085200000, 0x0000000100000000)
  region size 1024K, 74 young (75776K), 9 survivors (9216K)
 Metaspace       used 16523K, committed 16832K, reserved 1114112K
  class space    used 1942K, committed 2112K, reserved 1048576K
}
Event: 8.380 GC heap after
{Heap after GC invocations=4 (full 0):
 garbage-first heap   total 126976K, used 15116K [0x0000000085200000, 0x0000000100000000)
  region size 1024K, 4 young (4096K), 4 survivors (4096K)
 Metaspace       used 16523K, committed 16832K, reserved 1114112K
  class space    used 1942K, committed 2112K, reserved 1048576K
}
Event: 9.856 GC heap before
{Heap before GC invocations=4 (full 0):
 garbage-first heap   total 126976K, used 51980K [0x0000000085200000, 0x0000000100000000)
  region size 1024K, 37 young (37888K), 4 survivors (4096K)
 Metaspace       used 21253K, committed 21504K, reserved 1114112K
  class space    used 2501K, committed 2624K, reserved 1048576K
}
Event: 9.873 GC heap after
{Heap after GC invocations=5 (full 0):
 garbage-first heap   total 126976K, used 23500K [0x0000000085200000, 0x0000000100000000)
  region size 1024K, 9 young (9216K), 9 survivors (9216K)
 Metaspace       used 21253K, committed 21504K, reserved 1114112K
  class space    used 2501K, committed 2624K, reserved 1048576K
}
Event: 10.975 GC heap before
{Heap before GC invocations=6 (full 0):
 garbage-first heap   total 86016K, used 67532K [0x0000000085200000, 0x0000000100000000)
  region size 1024K, 50 young (51200K), 9 survivors (9216K)
 Metaspace       used 25584K, committed 25920K, reserved 1114112K
  class space    used 2977K, committed 3136K, reserved 1048576K
}
Event: 11.018 GC heap after
{Heap after GC invocations=7 (full 0):
 garbage-first heap   total 92160K, used 37786K [0x0000000085200000, 0x0000000100000000)
  region size 1024K, 7 young (7168K), 7 survivors (7168K)
 Metaspace       used 25584K, committed 25920K, reserved 1114112K
  class space    used 2977K, committed 3136K, reserved 1048576K
}
Event: 11.034 GC heap before
{Heap before GC invocations=7 (full 0):
 garbage-first heap   total 92160K, used 38810K [0x0000000085200000, 0x0000000100000000)
  region size 1024K, 8 young (8192K), 7 survivors (7168K)
 Metaspace       used 25607K, committed 25984K, reserved 1114112K
  class space    used 2982K, committed 3136K, reserved 1048576K
}
Event: 11.048 GC heap after
{Heap after GC invocations=8 (full 0):
 garbage-first heap   total 92160K, used 39424K [0x0000000085200000, 0x0000000100000000)
  region size 1024K, 1 young (1024K), 1 survivors (1024K)
 Metaspace       used 25607K, committed 25984K, reserved 1114112K
  class space    used 2982K, committed 3136K, reserved 1048576K
}

