# JRE version: Java(TM) SE Runtime Environment (17.0.12+8) (build 17.0.12+8-LTS-286)
# Java VM: Java HotSpot(TM) 64-Bit Server VM (17.0.12+8-LTS-286, mixed mode, sharing, tiered, compressed oops, compressed class ptrs, g1 gc, windows-amd64)
GC Precious Log:
 CPUs: 12 total, 12 available
 Memory: 7863M
 Large Page Support: Disabled
 NUMA Support: Disabled
 Compressed Oops: Enabled (32-bit)
 Heap Region Size: 1M
 Heap Min Capacity: 8M
 Heap Initial Capacity: 124M
 Heap Max Capacity: 1966M
 Pre-touch: Disabled
 Parallel Workers: 10
 Concurrent Workers: 3
 Concurrent Refinement Workers: 10
 Periodic GC: Disabled
Heap:
 garbage-first heap   total 133120K, used 60504K [0x0000000085200000, 0x0000000100000000)
  region size 1024K, 1 young (1024K), 1 survivors (1024K)
 Metaspace       used 34129K, committed 34560K, reserved 1114112K
  class space    used 3923K, committed 4096K, reserved 1048576K
GC Heap History (20 events):
Event: 4.959 GC heap after
{Heap after GC invocations=5 (full 0):
 garbage-first heap   total 126976K, used 24031K [0x0000000085200000, 0x0000000100000000)
  region size 1024K, 9 young (9216K), 9 survivors (9216K)
 Metaspace       used 21220K, committed 21504K, reserved 1114112K
  class space    used 2500K, committed 2624K, reserved 1048576K
}
Event: 5.780 GC heap before
{Heap before GC invocations=6 (full 0):
 garbage-first heap   total 89088K, used 69087K [0x0000000085200000, 0x0000000100000000)
  region size 1024K, 52 young (53248K), 9 survivors (9216K)
 Metaspace       used 25686K, committed 25984K, reserved 1114112K
  class space    used 3001K, committed 3136K, reserved 1048576K
}
Event: 5.819 GC heap after
{Heap after GC invocations=7 (full 0):
 garbage-first heap   total 95232K, used 38519K [0x0000000085200000, 0x0000000100000000)
  region size 1024K, 7 young (7168K), 7 survivors (7168K)
 Metaspace       used 25686K, committed 25984K, reserved 1114112K
  class space    used 3001K, committed 3136K, reserved 1048576K
}
Event: 5.849 GC heap before
{Heap before GC invocations=7 (full 0):
 garbage-first heap   total 95232K, used 39543K [0x0000000085200000, 0x0000000100000000)
  region size 1024K, 8 young (8192K), 7 survivors (7168K)
 Metaspace       used 25730K, committed 26112K, reserved 1114112K
  class space    used 3003K, committed 3136K, reserved 1048576K
}
Event: 5.859 GC heap after
{Heap after GC invocations=8 (full 0):
 garbage-first heap   total 114688K, used 39936K [0x0000000085200000, 0x0000000100000000)
  region size 1024K, 1 young (1024K), 1 survivors (1024K)
 Metaspace       used 25730K, committed 26112K, reserved 1114112K
  class space    used 3003K, committed 3136K, reserved 1048576K
}
Event: 7.031 GC heap before
{Heap before GC invocations=8 (full 0):
 garbage-first heap   total 114688K, used 79872K [0x0000000085200000, 0x0000000100000000)
  region size 1024K, 40 young (40960K), 1 survivors (1024K)
 Metaspace       used 27340K, committed 27712K, reserved 1114112K
  class space    used 3158K, committed 3328K, reserved 1048576K
}
Event: 7.041 GC heap after
{Heap after GC invocations=9 (full 0):
 garbage-first heap   total 114688K, used 44395K [0x0000000085200000, 0x0000000100000000)
  region size 1024K, 5 young (5120K), 5 survivors (5120K)
 Metaspace       used 27340K, committed 27712K, reserved 1114112K
  class space    used 3158K, committed 3328K, reserved 1048576K
}
Event: 7.482 GC heap before
{Heap before GC invocations=9 (full 0):
 garbage-first heap   total 114688K, used 82283K [0x0000000085200000, 0x0000000100000000)
  region size 1024K, 42 young (43008K), 5 survivors (5120K)
 Metaspace       used 28390K, committed 28736K, reserved 1114112K
  class space    used 3242K, committed 3392K, reserved 1048576K
}
Event: 7.491 GC heap after
{Heap after GC invocations=10 (full 0):
 garbage-first heap   total 114688K, used 45243K [0x0000000085200000, 0x0000000100000000)
  region size 1024K, 1 young (1024K), 1 survivors (1024K)
 Metaspace       used 28390K, committed 28736K, reserved 1114112K
  class space    used 3242K, committed 3392K, reserved 1048576K
}
Event: 9.114 GC heap before
{Heap before GC invocations=10 (full 0):
 garbage-first heap   total 114688K, used 87227K [0x0000000085200000, 0x0000000100000000)
  region size 1024K, 40 young (40960K), 1 survivors (1024K)
 Metaspace       used 30249K, committed 30592K, reserved 1114112K
  class space    used 3463K, committed 3584K, reserved 1048576K
}
Event: 9.127 GC heap after
{Heap after GC invocations=11 (full 0):
 garbage-first heap   total 114688K, used 47111K [0x0000000085200000, 0x0000000100000000)
  region size 1024K, 3 young (3072K), 3 survivors (3072K)
 Metaspace       used 30249K, committed 30592K, reserved 1114112K
  class space    used 3463K, committed 3584K, reserved 1048576K
}
Event: 10.527 GC heap before
{Heap before GC invocations=11 (full 0):
 garbage-first heap   total 114688K, used 92167K [0x0000000085200000, 0x0000000100000000)
  region size 1024K, 42 young (43008K), 3 survivors (3072K)
 Metaspace       used 33240K, committed 33600K, reserved 1114112K
  class space    used 3833K, committed 3968K, reserved 1048576K
}
Event: 10.532 GC heap after
{Heap after GC invocations=12 (full 0):
 garbage-first heap   total 114688K, used 56114K [0x0000000085200000, 0x0000000100000000)
  region size 1024K, 6 young (6144K), 6 survivors (6144K)
 Metaspace       used 33240K, committed 33600K, reserved 1114112K
  class space    used 3833K, committed 3968K, reserved 1048576K
}
Event: 10.536 GC heap before
{Heap before GC invocations=12 (full 0):
 garbage-first heap   total 114688K, used 66354K [0x0000000085200000, 0x0000000100000000)
  region size 1024K, 10 young (10240K), 6 survivors (6144K)
 Metaspace       used 33242K, committed 33600K, reserved 1114112K
  class space    used 3833K, committed 3968K, reserved 1048576K
}
Event: 10.541 GC heap after
{Heap after GC invocations=13 (full 0):
 garbage-first heap   total 114688K, used 64858K [0x0000000085200000, 0x0000000100000000)
  region size 1024K, 1 young (1024K), 1 survivors (1024K)
 Metaspace       used 33242K, committed 33600K, reserved 1114112K
  class space    used 3833K, committed 3968K, reserved 1048576K
}
Event: 11.485 GC heap before
{Heap before GC invocations=14 (full 0):
 garbage-first heap   total 119808K, used 94554K [0x0000000085200000, 0x0000000100000000)
  region size 1024K, 29 young (29696K), 1 survivors (1024K)
 Metaspace       used 34129K, committed 34560K, reserved 1114112K
  class space    used 3923K, committed 4096K, reserved 1048576K
}
Event: 11.488 GC heap after
{Heap after GC invocations=15 (full 0):
 garbage-first heap   total 119808K, used 68398K [0x0000000085200000, 0x0000000100000000)
  region size 1024K, 3 young (3072K), 3 survivors (3072K)
 Metaspace       used 34129K, committed 34560K, reserved 1114112K
  class space    used 3923K, committed 4096K, reserved 1048576K
}
Event: 11.534 GC heap before
{Heap before GC invocations=15 (full 0):
 garbage-first heap   total 119808K, used 70446K [0x0000000085200000, 0x0000000100000000)
  region size 1024K, 5 young (5120K), 3 survivors (3072K)
 Metaspace       used 34129K, committed 34560K, reserved 1114112K
  class space    used 3923K, committed 4096K, reserved 1048576K
}
Event: 11.539 GC heap after
{Heap after GC invocations=16 (full 0):
 garbage-first heap   total 119808K, used 60638K [0x0000000085200000, 0x0000000100000000)
  region size 1024K, 1 young (1024K), 1 survivors (1024K)
 Metaspace       used 34129K, committed 34560K, reserved 1114112K
  class space    used 3923K, committed 4096K, reserved 1048576K
}
Event: 11.586 GC heap before
{Heap before GC invocations=16 (full 0):
 garbage-first heap   total 119808K, used 61662K [0x0000000085200000, 0x0000000100000000)
  region size 1024K, 4 young (4096K), 1 survivors (1024K)
 Metaspace       used 34129K, committed 34560K, reserved 1114112K
  class space    used 3923K, committed 4096K, reserved 1048576K
}

