# JRE version: Java(TM) SE Runtime Environment (17.0.12+8) (build 17.0.12+8-LTS-286)
# Java VM: Java HotSpot(TM) 64-Bit Server VM (17.0.12+8-LTS-286, mixed mode, sharing, tiered, compressed oops, compressed class ptrs, g1 gc, windows-amd64)
GC Precious Log:
 CPUs: 12 total, 12 available
 Memory: 7863M
 Large Page Support: Disabled
 NUMA Support: Disabled
 Compressed Oops: Enabled (32-bit)
 Heap Region Size: 1M
 Heap Min Capacity: 8M
 Heap Initial Capacity: 124M
 Heap Max Capacity: 1966M
 Pre-touch: Disabled
 Parallel Workers: 10
 Concurrent Workers: 3
 Concurrent Refinement Workers: 10
 Periodic GC: Disabled
Heap:
 garbage-first heap   total 133120K, used 45759K [0x0000000085200000, 0x0000000100000000)
  region size 1024K, 1 young (1024K), 1 survivors (1024K)
 Metaspace       used 27765K, committed 28096K, reserved 1114112K
  class space    used 3188K, committed 3328K, reserved 1048576K
GC Heap History (17 events):
Event: 1.581 GC heap before
{Heap before GC invocations=0 (full 0):
 garbage-first heap   total 126976K, used 23552K [0x0000000085200000, 0x0000000100000000)
  region size 1024K, 23 young (23552K), 0 survivors (0K)
 Metaspace       used 5237K, committed 5376K, reserved 1114112K
  class space    used 629K, committed 704K, reserved 1048576K
}
Event: 1.591 GC heap after
{Heap after GC invocations=1 (full 0):
 garbage-first heap   total 126976K, used 3476K [0x0000000085200000, 0x0000000100000000)
  region size 1024K, 3 young (3072K), 3 survivors (3072K)
 Metaspace       used 5237K, committed 5376K, reserved 1114112K
  class space    used 629K, committed 704K, reserved 1048576K
}
Event: 2.511 GC heap before
{Heap before GC invocations=1 (full 0):
 garbage-first heap   total 126976K, used 35220K [0x0000000085200000, 0x0000000100000000)
  region size 1024K, 34 young (34816K), 3 survivors (3072K)
 Metaspace       used 7785K, committed 8000K, reserved 1114112K
  class space    used 914K, committed 1024K, reserved 1048576K
}
Event: 2.519 GC heap after
{Heap after GC invocations=2 (full 0):
 garbage-first heap   total 126976K, used 4531K [0x0000000085200000, 0x0000000100000000)
  region size 1024K, 1 young (1024K), 1 survivors (1024K)
 Metaspace       used 7785K, committed 8000K, reserved 1114112K
  class space    used 914K, committed 1024K, reserved 1048576K
}
Event: 5.229 GC heap before
{Heap before GC invocations=2 (full 0):
 garbage-first heap   total 126976K, used 79283K [0x0000000085200000, 0x0000000100000000)
  region size 1024K, 74 young (75776K), 1 survivors (1024K)
 Metaspace       used 15227K, committed 15424K, reserved 1114112K
  class space    used 1841K, committed 1920K, reserved 1048576K
}
Event: 5.247 GC heap after
{Heap after GC invocations=3 (full 0):
 garbage-first heap   total 126976K, used 11833K [0x0000000085200000, 0x0000000100000000)
  region size 1024K, 9 young (9216K), 9 survivors (9216K)
 Metaspace       used 15227K, committed 15424K, reserved 1114112K
  class space    used 1841K, committed 1920K, reserved 1048576K
}
Event: 7.063 GC heap before
{Heap before GC invocations=3 (full 0):
 garbage-first heap   total 126976K, used 78393K [0x0000000085200000, 0x0000000100000000)
  region size 1024K, 74 young (75776K), 9 survivors (9216K)
 Metaspace       used 16573K, committed 16896K, reserved 1114112K
  class space    used 1949K, committed 2112K, reserved 1048576K
}
Event: 7.079 GC heap after
{Heap after GC invocations=4 (full 0):
 garbage-first heap   total 126976K, used 15223K [0x0000000085200000, 0x0000000100000000)
  region size 1024K, 4 young (4096K), 4 survivors (4096K)
 Metaspace       used 16573K, committed 16896K, reserved 1114112K
  class space    used 1949K, committed 2112K, reserved 1048576K
}
Event: 8.033 GC heap before
{Heap before GC invocations=4 (full 0):
 garbage-first heap   total 126976K, used 50039K [0x0000000085200000, 0x0000000100000000)
  region size 1024K, 35 young (35840K), 4 survivors (4096K)
 Metaspace       used 21241K, committed 21504K, reserved 1114112K
  class space    used 2508K, committed 2624K, reserved 1048576K
}
Event: 8.048 GC heap after
{Heap after GC invocations=5 (full 0):
 garbage-first heap   total 126976K, used 23543K [0x0000000085200000, 0x0000000100000000)
  region size 1024K, 9 young (9216K), 9 survivors (9216K)
 Metaspace       used 21241K, committed 21504K, reserved 1114112K
  class space    used 2508K, committed 2624K, reserved 1048576K
}
Event: 8.892 GC heap before
{Heap before GC invocations=6 (full 0):
 garbage-first heap   total 86016K, used 67575K [0x0000000085200000, 0x0000000100000000)
  region size 1024K, 50 young (51200K), 9 survivors (9216K)
 Metaspace       used 25560K, committed 25920K, reserved 1114112K
  class space    used 2978K, committed 3136K, reserved 1048576K
}
Event: 8.918 GC heap after
{Heap after GC invocations=7 (full 0):
 garbage-first heap   total 92160K, used 37894K [0x0000000085200000, 0x0000000100000000)
  region size 1024K, 7 young (7168K), 7 survivors (7168K)
 Metaspace       used 25560K, committed 25920K, reserved 1114112K
  class space    used 2978K, committed 3136K, reserved 1048576K
}
Event: 8.925 GC heap before
{Heap before GC invocations=7 (full 0):
 garbage-first heap   total 92160K, used 38918K [0x0000000085200000, 0x0000000100000000)
  region size 1024K, 8 young (8192K), 7 survivors (7168K)
 Metaspace       used 25569K, committed 25920K, reserved 1114112K
  class space    used 2978K, committed 3136K, reserved 1048576K
}
Event: 8.934 GC heap after
{Heap after GC invocations=8 (full 0):
 garbage-first heap   total 92160K, used 39424K [0x0000000085200000, 0x0000000100000000)
  region size 1024K, 1 young (1024K), 1 survivors (1024K)
 Metaspace       used 25569K, committed 25920K, reserved 1114112K
  class space    used 2978K, committed 3136K, reserved 1048576K
}
Event: 9.461 GC heap before
{Heap before GC invocations=8 (full 0):
 garbage-first heap   total 92160K, used 67072K [0x0000000085200000, 0x0000000100000000)
  region size 1024K, 27 young (27648K), 1 survivors (1024K)
 Metaspace       used 26640K, committed 27008K, reserved 1114112K
  class space    used 3054K, committed 3200K, reserved 1048576K
}
Event: 9.474 GC heap after
{Heap after GC invocations=9 (full 0):
 garbage-first heap   total 92160K, used 44544K [0x0000000085200000, 0x0000000100000000)
  region size 1024K, 4 young (4096K), 4 survivors (4096K)
 Metaspace       used 26640K, committed 27008K, reserved 1114112K
  class space    used 3054K, committed 3200K, reserved 1048576K
}
Event: 10.174 GC heap before
{Heap before GC invocations=9 (full 0):
 garbage-first heap   total 92160K, used 67072K [0x0000000085200000, 0x0000000100000000)
  region size 1024K, 27 young (27648K), 4 survivors (4096K)
 Metaspace       used 27765K, committed 28096K, reserved 1114112K
  class space    used 3188K, committed 3328K, reserved 1048576K
}

