# JRE version: Java(TM) SE Runtime Environment (17.0.12+8) (build 17.0.12+8-LTS-286)
# Java VM: Java HotSpot(TM) 64-Bit Server VM (17.0.12+8-LTS-286, mixed mode, sharing, tiered, compressed oops, compressed class ptrs, g1 gc, windows-amd64)
GC Precious Log:
 CPUs: 12 total, 12 available
 Memory: 7863M
 Large Page Support: Disabled
 NUMA Support: Disabled
 Compressed Oops: Enabled (32-bit)
 Heap Region Size: 1M
 Heap Min Capacity: 8M
 Heap Initial Capacity: 124M
 Heap Max Capacity: 1966M
 Pre-touch: Disabled
 Parallel Workers: 10
 Concurrent Workers: 3
 Concurrent Refinement Workers: 10
 Periodic GC: Disabled
Heap:
 garbage-first heap   total 133120K, used 60997K [0x0000000085200000, 0x0000000100000000)
  region size 1024K, 5 young (5120K), 5 survivors (5120K)
 Metaspace       used 30645K, committed 30976K, reserved 1114112K
  class space    used 3464K, committed 3648K, reserved 1048576K
GC Heap History (20 events):
Event: 0.739 GC heap after
{Heap after GC invocations=1 (full 0):
 garbage-first heap   total 126976K, used 3444K [0x0000000085200000, 0x0000000100000000)
  region size 1024K, 3 young (3072K), 3 survivors (3072K)
 Metaspace       used 5198K, committed 5376K, reserved 1114112K
  class space    used 624K, committed 704K, reserved 1048576K
}
Event: 1.544 GC heap before
{Heap before GC invocations=1 (full 0):
 garbage-first heap   total 126976K, used 35188K [0x0000000085200000, 0x0000000100000000)
  region size 1024K, 34 young (34816K), 3 survivors (3072K)
 Metaspace       used 7901K, committed 8064K, reserved 1114112K
  class space    used 930K, committed 1024K, reserved 1048576K
}
Event: 1.550 GC heap after
{Heap after GC invocations=2 (full 0):
 garbage-first heap   total 126976K, used 4501K [0x0000000085200000, 0x0000000100000000)
  region size 1024K, 1 young (1024K), 1 survivors (1024K)
 Metaspace       used 7901K, committed 8064K, reserved 1114112K
  class space    used 930K, committed 1024K, reserved 1048576K
}
Event: 3.022 GC heap before
{Heap before GC invocations=2 (full 0):
 garbage-first heap   total 126976K, used 79253K [0x0000000085200000, 0x0000000100000000)
  region size 1024K, 74 young (75776K), 1 survivors (1024K)
 Metaspace       used 15229K, committed 15424K, reserved 1114112K
  class space    used 1841K, committed 1920K, reserved 1048576K
}
Event: 3.040 GC heap after
{Heap after GC invocations=3 (full 0):
 garbage-first heap   total 126976K, used 11945K [0x0000000085200000, 0x0000000100000000)
  region size 1024K, 9 young (9216K), 9 survivors (9216K)
 Metaspace       used 15229K, committed 15424K, reserved 1114112K
  class space    used 1841K, committed 1920K, reserved 1048576K
}
Event: 4.782 GC heap before
{Heap before GC invocations=3 (full 0):
 garbage-first heap   total 126976K, used 78505K [0x0000000085200000, 0x0000000100000000)
  region size 1024K, 74 young (75776K), 9 survivors (9216K)
 Metaspace       used 16641K, committed 16960K, reserved 1114112K
  class space    used 1958K, committed 2112K, reserved 1048576K
}
Event: 4.802 GC heap after
{Heap after GC invocations=4 (full 0):
 garbage-first heap   total 126976K, used 14743K [0x0000000085200000, 0x0000000100000000)
  region size 1024K, 4 young (4096K), 4 survivors (4096K)
 Metaspace       used 16641K, committed 16960K, reserved 1114112K
  class space    used 1958K, committed 2112K, reserved 1048576K
}
Event: 5.850 GC heap before
{Heap before GC invocations=4 (full 0):
 garbage-first heap   total 126976K, used 48535K [0x0000000085200000, 0x0000000100000000)
  region size 1024K, 35 young (35840K), 4 survivors (4096K)
 Metaspace       used 21239K, committed 21504K, reserved 1114112K
  class space    used 2507K, committed 2624K, reserved 1048576K
}
Event: 5.863 GC heap after
{Heap after GC invocations=5 (full 0):
 garbage-first heap   total 126976K, used 23858K [0x0000000085200000, 0x0000000100000000)
  region size 1024K, 9 young (9216K), 9 survivors (9216K)
 Metaspace       used 21239K, committed 21504K, reserved 1114112K
  class space    used 2507K, committed 2624K, reserved 1048576K
}
Event: 6.562 GC heap before
{Heap before GC invocations=6 (full 0):
 garbage-first heap   total 86016K, used 66866K [0x0000000085200000, 0x0000000100000000)
  region size 1024K, 50 young (51200K), 9 survivors (9216K)
 Metaspace       used 25574K, committed 25856K, reserved 1114112K
  class space    used 2978K, committed 3136K, reserved 1048576K
}
Event: 6.589 GC heap after
{Heap after GC invocations=7 (full 0):
 garbage-first heap   total 92160K, used 38088K [0x0000000085200000, 0x0000000100000000)
  region size 1024K, 7 young (7168K), 7 survivors (7168K)
 Metaspace       used 25574K, committed 25856K, reserved 1114112K
  class space    used 2978K, committed 3136K, reserved 1048576K
}
Event: 6.595 GC heap before
{Heap before GC invocations=7 (full 0):
 garbage-first heap   total 92160K, used 39112K [0x0000000085200000, 0x0000000100000000)
  region size 1024K, 8 young (8192K), 7 survivors (7168K)
 Metaspace       used 25580K, committed 25856K, reserved 1114112K
  class space    used 2978K, committed 3136K, reserved 1048576K
}
Event: 6.605 GC heap after
{Heap after GC invocations=8 (full 0):
 garbage-first heap   total 110592K, used 39424K [0x0000000085200000, 0x0000000100000000)
  region size 1024K, 1 young (1024K), 1 survivors (1024K)
 Metaspace       used 25580K, committed 25856K, reserved 1114112K
  class space    used 2978K, committed 3136K, reserved 1048576K
}
Event: 7.739 GC heap before
{Heap before GC invocations=8 (full 0):
 garbage-first heap   total 110592K, used 76288K [0x0000000085200000, 0x0000000100000000)
  region size 1024K, 37 young (37888K), 1 survivors (1024K)
 Metaspace       used 27207K, committed 27520K, reserved 1114112K
  class space    used 3111K, committed 3264K, reserved 1048576K
}
Event: 7.751 GC heap after
{Heap after GC invocations=9 (full 0):
 garbage-first heap   total 110592K, used 44054K [0x0000000085200000, 0x0000000100000000)
  region size 1024K, 5 young (5120K), 5 survivors (5120K)
 Metaspace       used 27207K, committed 27520K, reserved 1114112K
  class space    used 3111K, committed 3264K, reserved 1048576K
}
Event: 8.368 GC heap before
{Heap before GC invocations=9 (full 0):
 garbage-first heap   total 110592K, used 78870K [0x0000000085200000, 0x0000000100000000)
  region size 1024K, 40 young (40960K), 5 survivors (5120K)
 Metaspace       used 28367K, committed 28736K, reserved 1114112K
  class space    used 3236K, committed 3392K, reserved 1048576K
}
Event: 8.378 GC heap after
{Heap after GC invocations=10 (full 0):
 garbage-first heap   total 110592K, used 45018K [0x0000000085200000, 0x0000000100000000)
  region size 1024K, 1 young (1024K), 1 survivors (1024K)
 Metaspace       used 28367K, committed 28736K, reserved 1114112K
  class space    used 3236K, committed 3392K, reserved 1048576K
}
Event: 9.481 GC heap before
{Heap before GC invocations=10 (full 0):
 garbage-first heap   total 110592K, used 82906K [0x0000000085200000, 0x0000000100000000)
  region size 1024K, 38 young (38912K), 1 survivors (1024K)
 Metaspace       used 30226K, committed 30528K, reserved 1114112K
  class space    used 3445K, committed 3584K, reserved 1048576K
}
Event: 9.493 GC heap after
{Heap after GC invocations=11 (full 0):
 garbage-first heap   total 110592K, used 46352K [0x0000000085200000, 0x0000000100000000)
  region size 1024K, 3 young (3072K), 3 survivors (3072K)
 Metaspace       used 30226K, committed 30528K, reserved 1114112K
  class space    used 3445K, committed 3584K, reserved 1048576K
}
Event: 10.333 GC heap before
{Heap before GC invocations=11 (full 0):
 garbage-first heap   total 110592K, used 85264K [0x0000000085200000, 0x0000000100000000)
  region size 1024K, 37 young (37888K), 3 survivors (3072K)
 Metaspace       used 30645K, committed 30976K, reserved 1114112K
  class space    used 3464K, committed 3648K, reserved 1048576K
}

